[0.059s] Invoking command in '/home/seok/automotive_software_final/build/autonomous_driving': CMAKE_PREFIX_PATH=/home/seok/automotive_software_final/install/ad_msgs:/home/seok/automotive_software_final/install/simulator:/home/seok/automotive_software_final/install/mission_manager:/home/seok/automotive_software_final/install/evaluation:/home/seok/automotive_software_final/install/autonomous_driving:/opt/ros/humble /usr/bin/cmake --build /home/seok/automotive_software_final/build/autonomous_driving -- -j28 -l28
[0.084s] [35m[1mConsolidate compiler generated dependencies of target control_node[0m
[0.091s] [ 20%] Built target driving_way_node
[0.092s] [ 40%] Built target trajectory_planner_node
[0.093s] [ 60%] Built target autonomous_driving_node
[0.093s] [ 80%] Built target behavior_planner_node
[0.098s] [ 90%] [32mBuilding CXX object CMakeFiles/control_node.dir/src/control_node.cpp.o[0m
[1.723s] [01m[K/home/seok/automotive_software_final/src/app/autonomous_driving/src/control_node.cpp:[m[K In member function â€˜[01m[Kvoid ControlNode::Run()[m[Kâ€™:
[1.723s] [01m[K/home/seok/automotive_software_final/src/app/autonomous_driving/src/control_node.cpp:59:9:[m[K [01;31m[Kerror: [m[Kâ€˜[01m[Kcontorl_signal[m[Kâ€™ was not declared in this scope; did you mean â€˜[01m[Kcontrol_signal[m[Kâ€™?
[1.724s]    59 |         [01;31m[Kcontorl_signal[m[K = computePID(target_speed, vehicle_state.velocity, 0.6);
[1.724s]       |         [01;31m[K^~~~~~~~~~~~~~[m[K
[1.724s]       |         [32m[Kcontrol_signal[m[K
[1.724s] [01m[K/home/seok/automotive_software_final/src/app/autonomous_driving/src/control_node.cpp:53:12:[m[K [01;35m[Kwarning: [m[Kunused variable â€˜[01m[Klead_distance[m[Kâ€™ [[01;35m[K]8;;https://gcc.gnu.org/onlinedocs/gcc/Warning-Options.html#index-Wunused-variable-Wunused-variable]8;;[m[K]
[1.724s]    53 |     double [01;35m[Klead_distance[m[K = static_cast<double>(lead_distance_float.data);
[1.724s]       |            [01;35m[K^~~~~~~~~~~~~[m[K
[5.594s] gmake[2]: *** [CMakeFiles/control_node.dir/build.make:76: CMakeFiles/control_node.dir/src/control_node.cpp.o] Error 1
[5.595s] gmake[1]: *** [CMakeFiles/Makefile2:249: CMakeFiles/control_node.dir/all] Error 2
[5.595s] gmake: *** [Makefile:146: all] Error 2
[5.597s] Invoked command in '/home/seok/automotive_software_final/build/autonomous_driving' returned '2': CMAKE_PREFIX_PATH=/home/seok/automotive_software_final/install/ad_msgs:/home/seok/automotive_software_final/install/simulator:/home/seok/automotive_software_final/install/mission_manager:/home/seok/automotive_software_final/install/evaluation:/home/seok/automotive_software_final/install/autonomous_driving:/opt/ros/humble /usr/bin/cmake --build /home/seok/automotive_software_final/build/autonomous_driving -- -j28 -l28
