In file included from [01m[K/home/seok/automotive_software_final/src/app/autonomous_driving/src/autonomous_driving_node.cpp:17[m[K:
[01m[K/home/seok/automotive_software_final/src/app/autonomous_driving/include/autonomous_driving_node.hpp:40:10:[m[K [01;31m[Kfatal error: [m[Kad_msgs/msg/obstacles.hpp: No such file or directory
   40 | #include [01;31m[K<ad_msgs/msg/obstacles.hpp>[m[K
      |          [01;31m[K^~~~~~~~~~~~~~~~~~~~~~~~~~~[m[K
compilation terminated.
gmake[2]: *** [CMakeFiles/autonomous_driving.dir/build.make:76: CMakeFiles/autonomous_driving.dir/src/autonomous_driving_node.cpp.o] Error 1
gmake[1]: *** [CMakeFiles/Makefile2:137: CMakeFiles/autonomous_driving.dir/all] Error 2
gmake: *** [Makefile:146: all] Error 2
