-- Found ament_cmake: 1.3.10 (/opt/ros/humble/share/ament_cmake/cmake)
-- Found rclcpp: 16.0.10 (/opt/ros/humble/share/rclcpp/cmake)
-- Found rosidl_generator_c: 3.1.5 (/opt/ros/humble/share/rosidl_generator_c/cmake)
-- Found rosidl_adapter: 3.1.5 (/opt/ros/humble/share/rosidl_adapter/cmake)
-- Found rosidl_generator_cpp: 3.1.5 (/opt/ros/humble/share/rosidl_generator_cpp/cmake)
-- Using all available rosidl_typesupport_c: rosidl_typesupport_fastrtps_c;rosidl_typesupport_introspection_c
-- Using all available rosidl_typesupport_cpp: rosidl_typesupport_fastrtps_cpp;rosidl_typesupport_introspection_cpp
-- Found rmw_implementation_cmake: 6.1.2 (/opt/ros/humble/share/rmw_implementation_cmake/cmake)
-- Found rmw_fastrtps_cpp: 6.2.7 (/opt/ros/humble/share/rmw_fastrtps_cpp/cmake)
-- Using RMW implementation 'rmw_fastrtps_cpp' as default
-- Found ad_msgs: 0.0.0 (/home/seok/automotive_software_final/install/ad_msgs/share/ad_msgs/cmake)
-- Found tf2: 0.25.8 (/opt/ros/humble/share/tf2/cmake)
-- Found tf2_ros: 0.25.8 (/opt/ros/humble/share/tf2_ros/cmake)
-- Configuring done
-- Generating done
-- Build files have been written to: /home/seok/automotive_software_final/build/autonomous_driving
[35m[1mConsolidate compiler generated dependencies of target driving_way_node[0m
[35m[1mConsolidate compiler generated dependencies of target behavior_planner_node[0m
[35m[1mConsolidate compiler generated dependencies of target autonomous_driving_node[0m
[35m[1mConsolidate compiler generated dependencies of target trajectory_planner_node[0m
[ 10%] [32mBuilding CXX object CMakeFiles/control_node.dir/src/control_node.cpp.o[0m
[ 40%] Built target behavior_planner_node
[ 50%] Built target driving_way_node
[ 70%] Built target trajectory_planner_node
[ 90%] Built target autonomous_driving_node
In file included from [01m[K/home/seok/automotive_software_final/src/app/autonomous_driving/src/control_node.cpp:1[m[K:
[01m[K/home/seok/automotive_software_final/src/app/autonomous_driving/include/control_node.hpp:35:44:[m[K [01;31m[Kerror: [m[Kâ€˜[01m[KMission[m[Kâ€™ is not a member of â€˜[01m[Kad_msgs::msg[m[Kâ€™
   35 |         rclcpp::Subscription<ad_msgs::msg::[01;31m[KMission[m[K>::SharedPtr s_mission_state_;
      |                                            [01;31m[K^~~~~~~[m[K
[01m[K/home/seok/automotive_software_final/src/app/autonomous_driving/include/control_node.hpp:35:51:[m[K [01;31m[Kerror: [m[Ktemplate argument 1 is invalid
   35 |         rclcpp::Subscription<ad_msgs::msg::Mission[01;31m[K>[m[K::SharedPtr s_mission_state_;
      |                                                   [01;31m[K^[m[K
[01m[K/home/seok/automotive_software_final/src/app/autonomous_driving/include/control_node.hpp:35:51:[m[K [01;31m[Kerror: [m[Ktemplate argument 3 is invalid
[01m[K/home/seok/automotive_software_final/src/app/autonomous_driving/include/control_node.hpp:35:51:[m[K [01;31m[Kerror: [m[Ktemplate argument 4 is invalid
[01m[K/home/seok/automotive_software_final/src/app/autonomous_driving/include/control_node.hpp:35:51:[m[K [01;31m[Kerror: [m[Ktemplate argument 5 is invalid
[01m[K/home/seok/automotive_software_final/src/app/autonomous_driving/include/control_node.hpp:35:54:[m[K [01;31m[Kerror: [m[Kexpected â€˜[01m[K;[m[Kâ€™ at end of member declaration
   35 |         rclcpp::Subscription<ad_msgs::msg::Mission>::[01;31m[KSharedPtr[m[K s_mission_state_;
      |                                                      [01;31m[K^~~~~~~~~[m[K
      |                                                               [32m[K;[m[K
[01m[K/home/seok/automotive_software_final/src/app/autonomous_driving/include/control_node.hpp:35:64:[m[K [01;31m[Kerror: [m[Kâ€˜[01m[Ks_mission_state_[m[Kâ€™ does not name a type
   35 |         rclcpp::Subscription<ad_msgs::msg::Mission>::SharedPtr [01;31m[Ks_mission_state_[m[K;
      |                                                                [01;31m[K^~~~~~~~~~~~~~~~[m[K
[01m[K/home/seok/automotive_software_final/src/app/autonomous_driving/include/control_node.hpp:49:62:[m[K [01;31m[Kerror: [m[Kâ€˜[01m[KMission[m[Kâ€™ in namespace â€˜[01m[Kad_msgs::msg[m[Kâ€™ does not name a type
   49 |         inline void CallbackMissionState(const ad_msgs::msg::[01;31m[KMission[m[K::SharedPtr msg) {
      |                                                              [01;31m[K^~~~~~~[m[K
[01m[K/home/seok/automotive_software_final/src/app/autonomous_driving/include/control_node.hpp:49:81:[m[K [01;31m[Kerror: [m[Kexpected unqualified-id before â€˜[01m[Kmsg[m[Kâ€™
   49 |         inline void CallbackMissionState(const ad_msgs::msg::Mission::SharedPtr [01;31m[Kmsg[m[K) {
      |                                                                                 [01;31m[K^~~[m[K
[01m[K/home/seok/automotive_software_final/src/app/autonomous_driving/include/control_node.hpp:49:80:[m[K [01;31m[Kerror: [m[Kexpected â€˜[01m[K)[m[Kâ€™ before â€˜[01m[Kmsg[m[Kâ€™
   49 |         inline void CallbackMissionState[34m[K([m[Kconst ad_msgs::msg::Mission::SharedPtr[01;31m[K [m[K[32m[Kmsg[m[K) {
      |                                         [34m[K~[m[K                                      [01;31m[K^[m[K[32m[K~~~[m[K
      |                                                                                [32m[K)[m[K
[01m[K/home/seok/automotive_software_final/src/app/autonomous_driving/include/control_node.hpp:49:71:[m[K [01;31m[Kerror: [m[Kexpected â€˜[01m[K;[m[Kâ€™ at end of member declaration
   49 |         inline void CallbackMissionState(const ad_msgs::msg::Mission::[01;31m[KSharedPtr[m[K msg) {
      |                                                                       [01;31m[K^~~~~~~~~[m[K
      |                                                                                [32m[K;[m[K
[01m[K/home/seok/automotive_software_final/src/app/autonomous_driving/include/control_node.hpp:49:81:[m[K [01;31m[Kerror: [m[Kâ€˜[01m[Kmsg[m[Kâ€™ does not name a type
   49 |         inline void CallbackMissionState(const ad_msgs::msg::Mission::SharedPtr [01;31m[Kmsg[m[K) {
      |                                                                                 [01;31m[K^~~[m[K
[01m[K/home/seok/automotive_software_final/src/app/autonomous_driving/include/control_node.hpp:72:23:[m[K [01;31m[Kerror: [m[Kâ€˜[01m[KMission[m[Kâ€™ in namespace â€˜[01m[Kad_msgs::msg[m[Kâ€™ does not name a type
   72 |         ad_msgs::msg::[01;31m[KMission[m[K i_mission_state_;
      |                       [01;31m[K^~~~~~~[m[K
[01m[K/home/seok/automotive_software_final/src/app/autonomous_driving/include/control_node.hpp:19:1:[m[K [01;31m[Kerror: [m[Knew types may not be defined in a return type
   19 | [01;31m[Kclass[m[K ControlNode : public rclcpp::Node {
      | [01;31m[K^~~~~[m[K
[01m[K/home/seok/automotive_software_final/src/app/autonomous_driving/include/control_node.hpp:19:1:[m[K [01;36m[Knote: [m[K(perhaps a semicolon is missing after the definition of â€˜[01m[KControlNode[m[Kâ€™)
[01m[K/home/seok/automotive_software_final/src/app/autonomous_driving/include/control_node.hpp:19:1:[m[K [01;31m[Kerror: [m[Kreturn type specification for constructor invalid
[01m[K/home/seok/automotive_software_final/src/app/autonomous_driving/src/control_node.cpp:[m[K In constructor â€˜[01m[KControlNode::ControlNode(const string&, const double&, const rclcpp::NodeOptions&)[m[Kâ€™:
[01m[K/home/seok/automotive_software_final/src/app/autonomous_driving/src/control_node.cpp:15:5:[m[K [01;31m[Kerror: [m[Kâ€˜[01m[Ks_mission_state_[m[Kâ€™ was not declared in this scope; did you mean â€˜[01m[Kmutex_mission_state_[m[Kâ€™?
   15 |     [01;31m[Ks_mission_state_[m[K = this->create_subscription<ad_msgs::msg::Mission>(
      |     [01;31m[K^~~~~~~~~~~~~~~~[m[K
      |     [32m[Kmutex_mission_state_[m[K
[01m[K/home/seok/automotive_software_final/src/app/autonomous_driving/src/control_node.cpp:15:64:[m[K [01;31m[Kerror: [m[Kâ€˜[01m[KMission[m[Kâ€™ is not a member of â€˜[01m[Kad_msgs::msg[m[Kâ€™
   15 |     s_mission_state_ = this->create_subscription<ad_msgs::msg::[01;31m[KMission[m[K>(
      |                                                                [01;31m[K^~~~~~~[m[K
[01m[K/home/seok/automotive_software_final/src/app/autonomous_driving/src/control_node.cpp:15:72:[m[K [01;31m[Kerror: [m[Kno matching function for call to â€˜[01m[KControlNode::create_subscription<<expression error> >(const char [13], rclcpp::QoS&, std::_Bind_helper<false, void (ControlNode::*)(...), ControlNode*, const std::_Placeholder<1>&>::type)[m[Kâ€™
   15 |     s_mission_state_ = [01;31m[Kthis->create_subscription<ad_msgs::msg::Mission>([m[K
      |                        [01;31m[K~~~~~~~~~~~~~~~~~~~~~~~~~~~~~~~~~~~~~~~~~~~~~~~~^[m[K
   16 | [01;31m[K        "/ego/mission", qos_profile,[m[K
      |         [01;31m[K~~~~~~~~~~~~~~~~~~~~~~~~~~~~[m[K                                    
   17 | [01;31m[K        std::bind(&ControlNode::CallbackMissionState, this, std::placeholders::_1))[m[K;
      |         [01;31m[K~~~~~~~~~~~~~~~~~~~~~~~~~~~~~~~~~~~~~~~~~~~~~~~~~~~~~~~~~~~~~~~~~~~~~~~~~~~[m[K
In file included from [01m[K/opt/ros/humble/include/rclcpp/rclcpp/node.hpp:1321[m[K,
                 from [01m[K/opt/ros/humble/include/rclcpp/rclcpp/executors/single_threaded_executor.hpp:28[m[K,
                 from [01m[K/opt/ros/humble/include/rclcpp/rclcpp/executors.hpp:22[m[K,
                 from [01m[K/opt/ros/humble/include/rclcpp/rclcpp/rclcpp.hpp:155[m[K,
                 from [01m[K/home/seok/automotive_software_final/src/app/autonomous_driving/include/control_node.hpp:8[m[K,
                 from [01m[K/home/seok/automotive_software_final/src/app/autonomous_driving/src/control_node.cpp:1[m[K:
[01m[K/opt/ros/humble/include/rclcpp/rclcpp/node_impl.hpp:92:1:[m[K [01;36m[Knote: [m[Kcandidate: â€˜[01m[Ktemplate<class MessageT, class CallbackT, class AllocatorT, class SubscriptionT, class MessageMemoryStrategyT> std::shared_ptr<ROSMessageT> rclcpp::Node::create_subscription(const string&, const rclcpp::QoS&, CallbackT&&, const rclcpp::SubscriptionOptionsWithAllocator<AllocatorT>&, typename MessageMemoryStrategyT::SharedPtr)[m[Kâ€™
   92 | [01;36m[KNode[m[K::create_subscription(
      | [01;36m[K^~~~[m[K
[01m[K/opt/ros/humble/include/rclcpp/rclcpp/node_impl.hpp:92:1:[m[K [01;36m[Knote: [m[K  template argument deduction/substitution failed:
[01m[K/home/seok/automotive_software_final/src/app/autonomous_driving/src/control_node.cpp:15:72:[m[K [01;31m[Kerror: [m[Ktemplate argument 1 is invalid
   15 |     s_mission_state_ = [01;31m[Kthis->create_subscription<ad_msgs::msg::Mission>([m[K
      |                        [01;31m[K~~~~~~~~~~~~~~~~~~~~~~~~~~~~~~~~~~~~~~~~~~~~~~~~^[m[K
   16 | [01;31m[K        "/ego/mission", qos_profile,[m[K
      |         [01;31m[K~~~~~~~~~~~~~~~~~~~~~~~~~~~~[m[K                                    
   17 | [01;31m[K        std::bind(&ControlNode::CallbackMissionState, this, std::placeholders::_1))[m[K;
      |         [01;31m[K~~~~~~~~~~~~~~~~~~~~~~~~~~~~~~~~~~~~~~~~~~~~~~~~~~~~~~~~~~~~~~~~~~~~~~~~~~~[m[K
[01m[K/home/seok/automotive_software_final/src/app/autonomous_driving/src/control_node.cpp:34:33:[m[K [01;31m[Kerror: [m[Kâ€˜[01m[KRun[m[Kâ€™ is not a member of â€˜[01m[KControlNode[m[Kâ€™
   34 |         std::bind(&ControlNode::[01;31m[KRun[m[K, this));
      |                                 [01;31m[K^~~[m[K
[01m[K/home/seok/automotive_software_final/src/app/autonomous_driving/src/control_node.cpp:[m[K At global scope:
[01m[K/home/seok/automotive_software_final/src/app/autonomous_driving/src/control_node.cpp:41:6:[m[K [01;31m[Kerror: [m[Kno declaration matches â€˜[01m[Kvoid ControlNode::Run()[m[Kâ€™
   41 | void [01;31m[KControlNode[m[K::Run() {
      |      [01;31m[K^~~~~~~~~~~[m[K
[01m[K/home/seok/automotive_software_final/src/app/autonomous_driving/src/control_node.cpp:41:6:[m[K [01;36m[Knote: [m[Kno functions named â€˜[01m[Kvoid ControlNode::Run()[m[Kâ€™
In file included from [01m[K/home/seok/automotive_software_final/src/app/autonomous_driving/src/control_node.cpp:1[m[K:
[01m[K/home/seok/automotive_software_final/src/app/autonomous_driving/include/control_node.hpp:19:7:[m[K [01;36m[Knote: [m[Kâ€˜[01m[Kclass ControlNode[m[Kâ€™ defined here
   19 | class [01;36m[KControlNode[m[K : public rclcpp::Node {
      |       [01;36m[K^~~~~~~~~~~[m[K
[01m[K/home/seok/automotive_software_final/src/app/autonomous_driving/include/control_node.hpp:49:21:[m[K [01;35m[Kwarning: [m[Kinline function â€˜[01m[Kvoid ControlNode::CallbackMissionState(...)[m[Kâ€™ used but never defined
   49 |         inline void [01;35m[KCallbackMissionState[m[K(const ad_msgs::msg::Mission::SharedPtr msg) {
      |                     [01;35m[K^~~~~~~~~~~~~~~~~~~~[m[K
gmake[2]: *** [CMakeFiles/control_node.dir/build.make:76: CMakeFiles/control_node.dir/src/control_node.cpp.o] Error 1
gmake[1]: *** [CMakeFiles/Makefile2:249: CMakeFiles/control_node.dir/all] Error 2
gmake: *** [Makefile:146: all] Error 2
