[0.057s] Invoking command in '/home/seok/automotive_software_final/build/autonomous_driving': CMAKE_PREFIX_PATH=/home/seok/automotive_software_final/install/ad_msgs:/home/seok/automotive_software_final/install/simulator:/home/seok/automotive_software_final/install/mission_manager:/home/seok/automotive_software_final/install/evaluation:/home/seok/automotive_software_final/install/autonomous_driving:/opt/ros/humble /usr/bin/cmake --build /home/seok/automotive_software_final/build/autonomous_driving -- -j28 -l28
[0.071s] -- Found ament_cmake: 1.3.10 (/opt/ros/humble/share/ament_cmake/cmake)
[0.159s] -- Found rclcpp: 16.0.10 (/opt/ros/humble/share/rclcpp/cmake)
[0.274s] -- Found rosidl_generator_c: 3.1.5 (/opt/ros/humble/share/rosidl_generator_c/cmake)
[0.275s] -- Found rosidl_adapter: 3.1.5 (/opt/ros/humble/share/rosidl_adapter/cmake)
[0.279s] -- Found rosidl_generator_cpp: 3.1.5 (/opt/ros/humble/share/rosidl_generator_cpp/cmake)
[0.285s] -- Using all available rosidl_typesupport_c: rosidl_typesupport_fastrtps_c;rosidl_typesupport_introspection_c
[0.292s] -- Using all available rosidl_typesupport_cpp: rosidl_typesupport_fastrtps_cpp;rosidl_typesupport_introspection_cpp
[0.310s] -- Found rmw_implementation_cmake: 6.1.2 (/opt/ros/humble/share/rmw_implementation_cmake/cmake)
[0.311s] -- Found rmw_fastrtps_cpp: 6.2.7 (/opt/ros/humble/share/rmw_fastrtps_cpp/cmake)
[3.472s] -- Using RMW implementation 'rmw_fastrtps_cpp' as default
[3.502s] -- Found ad_msgs: 0.0.0 (/home/seok/automotive_software_final/install/ad_msgs/share/ad_msgs/cmake)
[3.564s] -- Found tf2: 0.25.8 (/opt/ros/humble/share/tf2/cmake)
[3.567s] -- Found tf2_ros: 0.25.8 (/opt/ros/humble/share/tf2_ros/cmake)
[3.665s] -- Configuring done
[3.684s] -- Generating done
[3.685s] -- Build files have been written to: /home/seok/automotive_software_final/build/autonomous_driving
[3.701s] [35m[1mConsolidate compiler generated dependencies of target driving_way_node[0m
[3.701s] [35m[1mConsolidate compiler generated dependencies of target behavior_planner_node[0m
[3.701s] [35m[1mConsolidate compiler generated dependencies of target autonomous_driving_node[0m
[3.701s] [35m[1mConsolidate compiler generated dependencies of target trajectory_planner_node[0m
[3.707s] [ 10%] [32mBuilding CXX object CMakeFiles/control_node.dir/src/control_node.cpp.o[0m
[3.712s] [ 40%] Built target behavior_planner_node
[3.712s] [ 50%] Built target driving_way_node
[3.712s] [ 70%] Built target trajectory_planner_node
[3.716s] [ 90%] Built target autonomous_driving_node
[5.181s] In file included from [01m[K/home/seok/automotive_software_final/src/app/autonomous_driving/src/control_node.cpp:1[m[K:
[5.181s] [01m[K/home/seok/automotive_software_final/src/app/autonomous_driving/include/control_node.hpp:35:44:[m[K [01;31m[Kerror: [m[Kâ€˜[01m[KMission[m[Kâ€™ is not a member of â€˜[01m[Kad_msgs::msg[m[Kâ€™
[5.181s]    35 |         rclcpp::Subscription<ad_msgs::msg::[01;31m[KMission[m[K>::SharedPtr s_mission_state_;
[5.181s]       |                                            [01;31m[K^~~~~~~[m[K
[5.181s] [01m[K/home/seok/automotive_software_final/src/app/autonomous_driving/include/control_node.hpp:35:51:[m[K [01;31m[Kerror: [m[Ktemplate argument 1 is invalid
[5.181s]    35 |         rclcpp::Subscription<ad_msgs::msg::Mission[01;31m[K>[m[K::SharedPtr s_mission_state_;
[5.181s]       |                                                   [01;31m[K^[m[K
[5.181s] [01m[K/home/seok/automotive_software_final/src/app/autonomous_driving/include/control_node.hpp:35:51:[m[K [01;31m[Kerror: [m[Ktemplate argument 3 is invalid
[5.181s] [01m[K/home/seok/automotive_software_final/src/app/autonomous_driving/include/control_node.hpp:35:51:[m[K [01;31m[Kerror: [m[Ktemplate argument 4 is invalid
[5.181s] [01m[K/home/seok/automotive_software_final/src/app/autonomous_driving/include/control_node.hpp:35:51:[m[K [01;31m[Kerror: [m[Ktemplate argument 5 is invalid
[5.181s] [01m[K/home/seok/automotive_software_final/src/app/autonomous_driving/include/control_node.hpp:35:54:[m[K [01;31m[Kerror: [m[Kexpected â€˜[01m[K;[m[Kâ€™ at end of member declaration
[5.181s]    35 |         rclcpp::Subscription<ad_msgs::msg::Mission>::[01;31m[KSharedPtr[m[K s_mission_state_;
[5.181s]       |                                                      [01;31m[K^~~~~~~~~[m[K
[5.181s]       |                                                               [32m[K;[m[K
[5.186s] [01m[K/home/seok/automotive_software_final/src/app/autonomous_driving/include/control_node.hpp:35:64:[m[K [01;31m[Kerror: [m[Kâ€˜[01m[Ks_mission_state_[m[Kâ€™ does not name a type
[5.186s]    35 |         rclcpp::Subscription<ad_msgs::msg::Mission>::SharedPtr [01;31m[Ks_mission_state_[m[K;
[5.186s]       |                                                                [01;31m[K^~~~~~~~~~~~~~~~[m[K
[5.209s] [01m[K/home/seok/automotive_software_final/src/app/autonomous_driving/include/control_node.hpp:49:62:[m[K [01;31m[Kerror: [m[Kâ€˜[01m[KMission[m[Kâ€™ in namespace â€˜[01m[Kad_msgs::msg[m[Kâ€™ does not name a type
[5.210s]    49 |         inline void CallbackMissionState(const ad_msgs::msg::[01;31m[KMission[m[K::SharedPtr msg) {
[5.210s]       |                                                              [01;31m[K^~~~~~~[m[K
[5.210s] [01m[K/home/seok/automotive_software_final/src/app/autonomous_driving/include/control_node.hpp:49:81:[m[K [01;31m[Kerror: [m[Kexpected unqualified-id before â€˜[01m[Kmsg[m[Kâ€™
[5.210s]    49 |         inline void CallbackMissionState(const ad_msgs::msg::Mission::SharedPtr [01;31m[Kmsg[m[K) {
[5.210s]       |                                                                                 [01;31m[K^~~[m[K
[5.210s] [01m[K/home/seok/automotive_software_final/src/app/autonomous_driving/include/control_node.hpp:49:80:[m[K [01;31m[Kerror: [m[Kexpected â€˜[01m[K)[m[Kâ€™ before â€˜[01m[Kmsg[m[Kâ€™
[5.210s]    49 |         inline void CallbackMissionState[34m[K([m[Kconst ad_msgs::msg::Mission::SharedPtr[01;31m[K [m[K[32m[Kmsg[m[K) {
[5.210s]       |                                         [34m[K~[m[K                                      [01;31m[K^[m[K[32m[K~~~[m[K
[5.210s]       |                                                                                [32m[K)[m[K
[5.210s] [01m[K/home/seok/automotive_software_final/src/app/autonomous_driving/include/control_node.hpp:49:71:[m[K [01;31m[Kerror: [m[Kexpected â€˜[01m[K;[m[Kâ€™ at end of member declaration
[5.210s]    49 |         inline void CallbackMissionState(const ad_msgs::msg::Mission::[01;31m[KSharedPtr[m[K msg) {
[5.210s]       |                                                                       [01;31m[K^~~~~~~~~[m[K
[5.210s]       |                                                                                [32m[K;[m[K
[5.210s] [01m[K/home/seok/automotive_software_final/src/app/autonomous_driving/include/control_node.hpp:49:81:[m[K [01;31m[Kerror: [m[Kâ€˜[01m[Kmsg[m[Kâ€™ does not name a type
[5.210s]    49 |         inline void CallbackMissionState(const ad_msgs::msg::Mission::SharedPtr [01;31m[Kmsg[m[K) {
[5.210s]       |                                                                                 [01;31m[K^~~[m[K
[5.210s] [01m[K/home/seok/automotive_software_final/src/app/autonomous_driving/include/control_node.hpp:72:23:[m[K [01;31m[Kerror: [m[Kâ€˜[01m[KMission[m[Kâ€™ in namespace â€˜[01m[Kad_msgs::msg[m[Kâ€™ does not name a type
[5.210s]    72 |         ad_msgs::msg::[01;31m[KMission[m[K i_mission_state_;
[5.210s]       |                       [01;31m[K^~~~~~~[m[K
[5.215s] [01m[K/home/seok/automotive_software_final/src/app/autonomous_driving/include/control_node.hpp:19:1:[m[K [01;31m[Kerror: [m[Knew types may not be defined in a return type
[5.215s]    19 | [01;31m[Kclass[m[K ControlNode : public rclcpp::Node {
[5.215s]       | [01;31m[K^~~~~[m[K
[5.215s] [01m[K/home/seok/automotive_software_final/src/app/autonomous_driving/include/control_node.hpp:19:1:[m[K [01;36m[Knote: [m[K(perhaps a semicolon is missing after the definition of â€˜[01m[KControlNode[m[Kâ€™)
[5.215s] [01m[K/home/seok/automotive_software_final/src/app/autonomous_driving/include/control_node.hpp:19:1:[m[K [01;31m[Kerror: [m[Kreturn type specification for constructor invalid
[5.227s] [01m[K/home/seok/automotive_software_final/src/app/autonomous_driving/src/control_node.cpp:[m[K In constructor â€˜[01m[KControlNode::ControlNode(const string&, const double&, const rclcpp::NodeOptions&)[m[Kâ€™:
[5.227s] [01m[K/home/seok/automotive_software_final/src/app/autonomous_driving/src/control_node.cpp:15:5:[m[K [01;31m[Kerror: [m[Kâ€˜[01m[Ks_mission_state_[m[Kâ€™ was not declared in this scope; did you mean â€˜[01m[Kmutex_mission_state_[m[Kâ€™?
[5.227s]    15 |     [01;31m[Ks_mission_state_[m[K = this->create_subscription<ad_msgs::msg::Mission>(
[5.227s]       |     [01;31m[K^~~~~~~~~~~~~~~~[m[K
[5.227s]       |     [32m[Kmutex_mission_state_[m[K
[5.227s] [01m[K/home/seok/automotive_software_final/src/app/autonomous_driving/src/control_node.cpp:15:64:[m[K [01;31m[Kerror: [m[Kâ€˜[01m[KMission[m[Kâ€™ is not a member of â€˜[01m[Kad_msgs::msg[m[Kâ€™
[5.228s]    15 |     s_mission_state_ = this->create_subscription<ad_msgs::msg::[01;31m[KMission[m[K>(
[5.228s]       |                                                                [01;31m[K^~~~~~~[m[K
[5.229s] [01m[K/home/seok/automotive_software_final/src/app/autonomous_driving/src/control_node.cpp:15:72:[m[K [01;31m[Kerror: [m[Kno matching function for call to â€˜[01m[KControlNode::create_subscription<<expression error> >(const char [13], rclcpp::QoS&, std::_Bind_helper<false, void (ControlNode::*)(...), ControlNode*, const std::_Placeholder<1>&>::type)[m[Kâ€™
[5.229s]    15 |     s_mission_state_ = [01;31m[Kthis->create_subscription<ad_msgs::msg::Mission>([m[K
[5.229s]       |                        [01;31m[K~~~~~~~~~~~~~~~~~~~~~~~~~~~~~~~~~~~~~~~~~~~~~~~~^[m[K
[5.229s]    16 | [01;31m[K        "/ego/mission", qos_profile,[m[K
[5.229s]       |         [01;31m[K~~~~~~~~~~~~~~~~~~~~~~~~~~~~[m[K                                    
[5.229s]    17 | [01;31m[K        std::bind(&ControlNode::CallbackMissionState, this, std::placeholders::_1))[m[K;
[5.229s]       |         [01;31m[K~~~~~~~~~~~~~~~~~~~~~~~~~~~~~~~~~~~~~~~~~~~~~~~~~~~~~~~~~~~~~~~~~~~~~~~~~~~[m[K
[5.229s] In file included from [01m[K/opt/ros/humble/include/rclcpp/rclcpp/node.hpp:1321[m[K,
[5.229s]                  from [01m[K/opt/ros/humble/include/rclcpp/rclcpp/executors/single_threaded_executor.hpp:28[m[K,
[5.229s]                  from [01m[K/opt/ros/humble/include/rclcpp/rclcpp/executors.hpp:22[m[K,
[5.229s]                  from [01m[K/opt/ros/humble/include/rclcpp/rclcpp/rclcpp.hpp:155[m[K,
[5.229s]                  from [01m[K/home/seok/automotive_software_final/src/app/autonomous_driving/include/control_node.hpp:8[m[K,
[5.229s]                  from [01m[K/home/seok/automotive_software_final/src/app/autonomous_driving/src/control_node.cpp:1[m[K:
[5.229s] [01m[K/opt/ros/humble/include/rclcpp/rclcpp/node_impl.hpp:92:1:[m[K [01;36m[Knote: [m[Kcandidate: â€˜[01m[Ktemplate<class MessageT, class CallbackT, class AllocatorT, class SubscriptionT, class MessageMemoryStrategyT> std::shared_ptr<ROSMessageT> rclcpp::Node::create_subscription(const string&, const rclcpp::QoS&, CallbackT&&, const rclcpp::SubscriptionOptionsWithAllocator<AllocatorT>&, typename MessageMemoryStrategyT::SharedPtr)[m[Kâ€™
[5.229s]    92 | [01;36m[KNode[m[K::create_subscription(
[5.229s]       | [01;36m[K^~~~[m[K
[5.229s] [01m[K/opt/ros/humble/include/rclcpp/rclcpp/node_impl.hpp:92:1:[m[K [01;36m[Knote: [m[K  template argument deduction/substitution failed:
[5.229s] [01m[K/home/seok/automotive_software_final/src/app/autonomous_driving/src/control_node.cpp:15:72:[m[K [01;31m[Kerror: [m[Ktemplate argument 1 is invalid
[5.229s]    15 |     s_mission_state_ = [01;31m[Kthis->create_subscription<ad_msgs::msg::Mission>([m[K
[5.229s]       |                        [01;31m[K~~~~~~~~~~~~~~~~~~~~~~~~~~~~~~~~~~~~~~~~~~~~~~~~^[m[K
[5.229s]    16 | [01;31m[K        "/ego/mission", qos_profile,[m[K
[5.229s]       |         [01;31m[K~~~~~~~~~~~~~~~~~~~~~~~~~~~~[m[K                                    
[5.229s]    17 | [01;31m[K        std::bind(&ControlNode::CallbackMissionState, this, std::placeholders::_1))[m[K;
[5.229s]       |         [01;31m[K~~~~~~~~~~~~~~~~~~~~~~~~~~~~~~~~~~~~~~~~~~~~~~~~~~~~~~~~~~~~~~~~~~~~~~~~~~~[m[K
[5.231s] [01m[K/home/seok/automotive_software_final/src/app/autonomous_driving/src/control_node.cpp:34:33:[m[K [01;31m[Kerror: [m[Kâ€˜[01m[KRun[m[Kâ€™ is not a member of â€˜[01m[KControlNode[m[Kâ€™
[5.231s]    34 |         std::bind(&ControlNode::[01;31m[KRun[m[K, this));
[5.231s]       |                                 [01;31m[K^~~[m[K
[5.232s] [01m[K/home/seok/automotive_software_final/src/app/autonomous_driving/src/control_node.cpp:[m[K At global scope:
[5.232s] [01m[K/home/seok/automotive_software_final/src/app/autonomous_driving/src/control_node.cpp:41:6:[m[K [01;31m[Kerror: [m[Kno declaration matches â€˜[01m[Kvoid ControlNode::Run()[m[Kâ€™
[5.232s]    41 | void [01;31m[KControlNode[m[K::Run() {
[5.232s]       |      [01;31m[K^~~~~~~~~~~[m[K
[5.232s] [01m[K/home/seok/automotive_software_final/src/app/autonomous_driving/src/control_node.cpp:41:6:[m[K [01;36m[Knote: [m[Kno functions named â€˜[01m[Kvoid ControlNode::Run()[m[Kâ€™
[5.232s] In file included from [01m[K/home/seok/automotive_software_final/src/app/autonomous_driving/src/control_node.cpp:1[m[K:
[5.232s] [01m[K/home/seok/automotive_software_final/src/app/autonomous_driving/include/control_node.hpp:19:7:[m[K [01;36m[Knote: [m[Kâ€˜[01m[Kclass ControlNode[m[Kâ€™ defined here
[5.232s]    19 | class [01;36m[KControlNode[m[K : public rclcpp::Node {
[5.232s]       |       [01;36m[K^~~~~~~~~~~[m[K
[7.372s] [01m[K/home/seok/automotive_software_final/src/app/autonomous_driving/include/control_node.hpp:49:21:[m[K [01;35m[Kwarning: [m[Kinline function â€˜[01m[Kvoid ControlNode::CallbackMissionState(...)[m[Kâ€™ used but never defined
[7.372s]    49 |         inline void [01;35m[KCallbackMissionState[m[K(const ad_msgs::msg::Mission::SharedPtr msg) {
[7.372s]       |                     [01;35m[K^~~~~~~~~~~~~~~~~~~~[m[K
[7.751s] gmake[2]: *** [CMakeFiles/control_node.dir/build.make:76: CMakeFiles/control_node.dir/src/control_node.cpp.o] Error 1
[7.751s] gmake[1]: *** [CMakeFiles/Makefile2:249: CMakeFiles/control_node.dir/all] Error 2
[7.751s] gmake: *** [Makefile:146: all] Error 2
[7.753s] Invoked command in '/home/seok/automotive_software_final/build/autonomous_driving' returned '2': CMAKE_PREFIX_PATH=/home/seok/automotive_software_final/install/ad_msgs:/home/seok/automotive_software_final/install/simulator:/home/seok/automotive_software_final/install/mission_manager:/home/seok/automotive_software_final/install/evaluation:/home/seok/automotive_software_final/install/autonomous_driving:/opt/ros/humble /usr/bin/cmake --build /home/seok/automotive_software_final/build/autonomous_driving -- -j28 -l28
