[0.043s] Invoking command in '/home/seok/automotive_software_final/build/autonomous_driving': CMAKE_PREFIX_PATH=/home/seok/automotive_software_final/install/ad_msgs:/home/seok/automotive_software_final/install/simulator:/home/seok/automotive_software_final/install/mission_manager:/home/seok/automotive_software_final/install/evaluation:/home/seok/automotive_software_final/install/autonomous_driving:/opt/ros/humble /usr/bin/cmake --build /home/seok/automotive_software_final/build/autonomous_driving -- -j28 -l28
[0.070s] [35m[1mConsolidate compiler generated dependencies of target trajectory_planner_node[0m
[0.073s] [ 25%] Built target behavior_planner_node
[0.074s] [ 50%] Built target driving_way_node
[0.075s] [ 75%] Built target autonomous_driving_node
[0.080s] [ 87%] [32mBuilding CXX object CMakeFiles/trajectory_planner_node.dir/src/trajectory_planner_node.cpp.o[0m
[1.471s] [01m[K/home/seok/automotive_software_final/src/app/autonomous_driving/src/trajectory_planner_node.cpp:[m[K In constructor â€˜[01m[KTrajectoryNode::TrajectoryNode(const string&, const double&, const rclcpp::NodeOptions&)[m[Kâ€™:
[1.471s] [01m[K/home/seok/automotive_software_final/src/app/autonomous_driving/src/trajectory_planner_node.cpp:11:9:[m[K [01;31m[Kerror: [m[Kâ€˜[01m[Kp_trajectory_candidattes_[m[Kâ€™ was not declared in this scope
[1.471s]    11 |         [01;31m[Kp_trajectory_candidattes_[m[K = this->create_publisher<ad_msgs::msg::PolyfitLaneDataArray>(
[1.471s]       |         [01;31m[K^~~~~~~~~~~~~~~~~~~~~~~~~[m[K
[1.471s] [01m[K/home/seok/automotive_software_final/src/app/autonomous_driving/src/trajectory_planner_node.cpp:11:74:[m[K [01;31m[Kerror: [m[Kâ€˜[01m[KPolyfitLaneDataArray[m[Kâ€™ is not a member of â€˜[01m[Kad_msgs::msg[m[Kâ€™; did you mean â€˜[01m[KPolyfitLaneData_[m[Kâ€™?
[1.471s]    11 |         p_trajectory_candidattes_ = this->create_publisher<ad_msgs::msg::[01;31m[KPolyfitLaneDataArray[m[K>(
[1.471s]       |                                                                          [01;31m[K^~~~~~~~~~~~~~~~~~~~[m[K
[1.471s]       |                                                                          [32m[KPolyfitLaneData_[m[K
[1.471s] [01m[K/home/seok/automotive_software_final/src/app/autonomous_driving/src/trajectory_planner_node.cpp:11:95:[m[K [01;31m[Kerror: [m[Kno matching function for call to â€˜[01m[KTrajectoryNode::create_publisher<<expression error> >(const char [23], int)[m[Kâ€™
[1.471s]    11 |         p_trajectory_candidattes_ = [01;31m[Kthis->create_publisher<ad_msgs::msg::PolyfitLaneDataArray>([m[K
[1.471s]       |                                     [01;31m[K~~~~~~~~~~~~~~~~~~~~~~~~~~~~~~~~~~~~~~~~~~~~~~~~~~~~~~~~~~^[m[K
[1.471s]    12 | [01;31m[K            "/trajectory_candidates", 10)[m[K;
[1.471s]       |             [01;31m[K~~~~~~~~~~~~~~~~~~~~~~~~~~~~~[m[K                                                      
[1.471s] In file included from [01m[K/opt/ros/humble/include/rclcpp/rclcpp/executors/single_threaded_executor.hpp:28[m[K,
[1.471s]                  from [01m[K/opt/ros/humble/include/rclcpp/rclcpp/executors.hpp:22[m[K,
[1.471s]                  from [01m[K/opt/ros/humble/include/rclcpp/rclcpp/rclcpp.hpp:155[m[K,
[1.471s]                  from [01m[K/home/seok/automotive_software_final/src/app/autonomous_driving/include/trajectory_planner_node.hpp:18[m[K,
[1.471s]                  from [01m[K/home/seok/automotive_software_final/src/app/autonomous_driving/src/trajectory_planner_node.cpp:1[m[K:
[1.472s] [01m[K/opt/ros/humble/include/rclcpp/rclcpp/node.hpp:195:3:[m[K [01;36m[Knote: [m[Kcandidate: â€˜[01m[Ktemplate<class MessageT, class AllocatorT, class PublisherT> std::shared_ptr<PublisherT> rclcpp::Node::create_publisher(const string&, const rclcpp::QoS&, const rclcpp::PublisherOptionsWithAllocator<AllocatorT>&)[m[Kâ€™
[1.472s]   195 |   [01;36m[Kcreate_publisher[m[K(
[1.472s]       |   [01;36m[K^~~~~~~~~~~~~~~~[m[K
[1.472s] [01m[K/opt/ros/humble/include/rclcpp/rclcpp/node.hpp:195:3:[m[K [01;36m[Knote: [m[K  template argument deduction/substitution failed:
[1.472s] [01m[K/home/seok/automotive_software_final/src/app/autonomous_driving/src/trajectory_planner_node.cpp:11:95:[m[K [01;31m[Kerror: [m[Ktemplate argument 1 is invalid
[1.472s]    11 |         p_trajectory_candidattes_ = [01;31m[Kthis->create_publisher<ad_msgs::msg::PolyfitLaneDataArray>([m[K
[1.472s]       |                                     [01;31m[K~~~~~~~~~~~~~~~~~~~~~~~~~~~~~~~~~~~~~~~~~~~~~~~~~~~~~~~~~~^[m[K
[1.472s]    12 | [01;31m[K            "/trajectory_candidates", 10)[m[K;
[1.472s]       |             [01;31m[K~~~~~~~~~~~~~~~~~~~~~~~~~~~~~[m[K                                                      
[1.472s] [01m[K/home/seok/automotive_software_final/src/app/autonomous_driving/src/trajectory_planner_node.cpp:3:76:[m[K [01;35m[Kwarning: [m[Kunused parameter â€˜[01m[Kloop_rate[m[Kâ€™ [[01;35m[K]8;;https://gcc.gnu.org/onlinedocs/gcc/Warning-Options.html#index-Wunused-parameter-Wunused-parameter]8;;[m[K]
[1.472s]     3 | TrajectoryNode::TrajectoryNode(const std::string &node_name, [01;35m[Kconst double &loop_rate[m[K, const rclcpp::NodeOptions & options)
[1.472s]       |                                                              [01;35m[K~~~~~~~~~~~~~~^~~~~~~~~[m[K
[2.748s] gmake[2]: *** [CMakeFiles/trajectory_planner_node.dir/build.make:76: CMakeFiles/trajectory_planner_node.dir/src/trajectory_planner_node.cpp.o] Error 1
[2.749s] gmake[1]: *** [CMakeFiles/Makefile2:221: CMakeFiles/trajectory_planner_node.dir/all] Error 2
[2.749s] gmake: *** [Makefile:146: all] Error 2
[2.751s] Invoked command in '/home/seok/automotive_software_final/build/autonomous_driving' returned '2': CMAKE_PREFIX_PATH=/home/seok/automotive_software_final/install/ad_msgs:/home/seok/automotive_software_final/install/simulator:/home/seok/automotive_software_final/install/mission_manager:/home/seok/automotive_software_final/install/evaluation:/home/seok/automotive_software_final/install/autonomous_driving:/opt/ros/humble /usr/bin/cmake --build /home/seok/automotive_software_final/build/autonomous_driving -- -j28 -l28
