[35m[1mConsolidate compiler generated dependencies of target behavior_planner_node[0m
[ 33%] Built target driving_way_node
[ 50%] [32mBuilding CXX object CMakeFiles/behavior_planner_node.dir/src/behavior_planner_node.cpp.o[0m
[ 83%] Built target autonomous_driving_node
In file included from [01m[K/home/seok/automotive_software_final/src/app/autonomous_driving/src/behavior_planner_node.cpp:1[m[K:
[01m[K/home/seok/automotive_software_final/src/app/autonomous_driving/include/behavior_planner_node.hpp:44:31:[m[K [01;31m[Kerror: [m[Kexpected â€˜[01m[K;[m[Kâ€™ at end of member declaration
   44 |         void velocity_planner([01;31m[K)[m[K
      |                               [01;31m[K^[m[K
      |                                [32m[K;[m[K
[01m[K/home/seok/automotive_software_final/src/app/autonomous_driving/include/behavior_planner_node.hpp:[m[K In constructor â€˜[01m[KBehaviorPlannerNode::BehaviorPlannerNode(const string&, const double&, const rclcpp::NodeOptions&)[m[Kâ€™:
[01m[K/home/seok/automotive_software_final/src/app/autonomous_driving/include/behavior_planner_node.hpp:91:15:[m[K [01;35m[Kwarning: [m[Kâ€˜[01m[KBehaviorPlannerNode::o_behavior_state_[m[Kâ€™ will be initialized after [[01;35m[K]8;;https://gcc.gnu.org/onlinedocs/gcc/Warning-Options.html#index-Wreorder-Wreorder]8;;[m[K]
   91 |         float [01;35m[Ko_behavior_state_[m[K;  // 1: ACC, 2: AEB, 3: Merge, 4: Reference Velocity Tracking
      |               [01;35m[K^~~~~~~~~~~~~~~~~[m[K
[01m[K/home/seok/automotive_software_final/src/app/autonomous_driving/include/behavior_planner_node.hpp:48:16:[m[K [01;35m[Kwarning: [m[K  â€˜[01m[Kdouble BehaviorPlannerNode::ref_vel_[m[Kâ€™ [[01;35m[K]8;;https://gcc.gnu.org/onlinedocs/gcc/Warning-Options.html#index-Wreorder-Wreorder]8;;[m[K]
   48 |         double [01;35m[Kref_vel_[m[K;
      |                [01;35m[K^~~~~~~~[m[K
[01m[K/home/seok/automotive_software_final/src/app/autonomous_driving/src/behavior_planner_node.cpp:5:1:[m[K [01;35m[Kwarning: [m[K  when initialized here [[01;35m[K]8;;https://gcc.gnu.org/onlinedocs/gcc/Warning-Options.html#index-Wreorder-Wreorder]8;;[m[K]
    5 | [01;35m[KBehaviorPlannerNode[m[K::BehaviorPlannerNode(const std::string& node_name, const double& loop_rate,
      | [01;35m[K^~~~~~~~~~~~~~~~~~~[m[K
[01m[K/home/seok/automotive_software_final/src/app/autonomous_driving/src/behavior_planner_node.cpp:[m[K In member function â€˜[01m[Kvoid BehaviorPlannerNode::velocity_planner()[m[Kâ€™:
[01m[K/home/seok/automotive_software_final/src/app/autonomous_driving/src/behavior_planner_node.cpp:110:8:[m[K [01;31m[Kerror: [m[Kâ€˜[01m[Ki_mission_state[m[Kâ€™ was not declared in this scope; did you mean â€˜[01m[Ki_mission_state_[m[Kâ€™?
  110 |     if([01;31m[Ki_mission_state[m[K.road_condition == "None")
      |        [01;31m[K^~~~~~~~~~~~~~~[m[K
      |        [32m[Ki_mission_state_[m[K
gmake[2]: *** [CMakeFiles/behavior_planner_node.dir/build.make:76: CMakeFiles/behavior_planner_node.dir/src/behavior_planner_node.cpp.o] Error 1
gmake[1]: *** [CMakeFiles/Makefile2:193: CMakeFiles/behavior_planner_node.dir/all] Error 2
gmake: *** [Makefile:146: all] Error 2
