In file included from [01m[K/home/seok/automotive_software_final/src/app/autonomous_driving/include/trajectory_planner.hpp:25[m[K,
                 from [01m[K/home/seok/automotive_software_final/src/app/autonomous_driving/src/trajectory_planner_node.cpp:1[m[K:
[01m[K/home/seok/automotive_software_final/src/app/autonomous_driving/../../bsw/system/bridge/ros2_bridge_vehicle.hpp:26:10:[m[K [01;31m[Kfatal error: [m[Ktf2_ros/transform_broadcaster.h: No such file or directory
   26 | #include [01;31m[K<tf2_ros/transform_broadcaster.h>[m[K
      |          [01;31m[K^~~~~~~~~~~~~~~~~~~~~~~~~~~~~~~~~[m[K
compilation terminated.
gmake[2]: *** [CMakeFiles/trajectory_planner_node.dir/build.make:76: CMakeFiles/trajectory_planner_node.dir/src/trajectory_planner_node.cpp.o] Error 1
gmake[1]: *** [CMakeFiles/Makefile2:221: CMakeFiles/trajectory_planner_node.dir/all] Error 2
gmake: *** [Makefile:146: all] Error 2
