[0.061s] Invoking command in '/home/seok/automotive_software_final/build/autonomous_driving': CMAKE_PREFIX_PATH=/home/seok/automotive_software_final/install/ad_msgs:/home/seok/automotive_software_final/install/simulator:/home/seok/automotive_software_final/install/mission_manager:/home/seok/automotive_software_final/install/evaluation:/home/seok/automotive_software_final/install/autonomous_driving:/opt/ros/humble /usr/bin/cmake --build /home/seok/automotive_software_final/build/autonomous_driving -- -j28 -l28
[0.073s] -- Found ament_cmake: 1.3.10 (/opt/ros/humble/share/ament_cmake/cmake)
[0.147s] -- Found rclcpp: 16.0.10 (/opt/ros/humble/share/rclcpp/cmake)
[0.235s] -- Found rosidl_generator_c: 3.1.5 (/opt/ros/humble/share/rosidl_generator_c/cmake)
[0.237s] -- Found rosidl_adapter: 3.1.5 (/opt/ros/humble/share/rosidl_adapter/cmake)
[0.239s] -- Found rosidl_generator_cpp: 3.1.5 (/opt/ros/humble/share/rosidl_generator_cpp/cmake)
[0.244s] -- Using all available rosidl_typesupport_c: rosidl_typesupport_fastrtps_c;rosidl_typesupport_introspection_c
[0.250s] -- Using all available rosidl_typesupport_cpp: rosidl_typesupport_fastrtps_cpp;rosidl_typesupport_introspection_cpp
[0.266s] -- Found rmw_implementation_cmake: 6.1.2 (/opt/ros/humble/share/rmw_implementation_cmake/cmake)
[0.267s] -- Found rmw_fastrtps_cpp: 6.2.7 (/opt/ros/humble/share/rmw_fastrtps_cpp/cmake)
[2.475s] -- Using RMW implementation 'rmw_fastrtps_cpp' as default
[2.499s] -- Found ad_msgs: 0.0.0 (/home/seok/automotive_software_final/install/ad_msgs/share/ad_msgs/cmake)
[2.542s] -- Found tf2: 0.25.8 (/opt/ros/humble/share/tf2/cmake)
[2.544s] -- Found tf2_ros: 0.25.8 (/opt/ros/humble/share/tf2_ros/cmake)
[2.619s] -- Configuring done
[2.634s] -- Generating done
[2.635s] -- Build files have been written to: /home/seok/automotive_software_final/build/autonomous_driving
[2.648s] [35m[1mConsolidate compiler generated dependencies of target behavior_planner_node[0m
[2.649s] [35m[1mConsolidate compiler generated dependencies of target driving_way_node[0m
[2.650s] [35m[1mConsolidate compiler generated dependencies of target autonomous_driving_node[0m
[2.652s] [ 12%] [32mBuilding CXX object CMakeFiles/trajectory_planner_node.dir/src/trajectory_planner_node.cpp.o[0m
[2.657s] [ 37%] Built target behavior_planner_node
[2.658s] [ 62%] Built target driving_way_node
[2.661s] [ 87%] Built target autonomous_driving_node
[2.758s] In file included from [01m[K/home/seok/automotive_software_final/src/app/autonomous_driving/include/trajectory_planner.hpp:25[m[K,
[2.758s]                  from [01m[K/home/seok/automotive_software_final/src/app/autonomous_driving/src/trajectory_planner_node.cpp:1[m[K:
[2.758s] [01m[K/home/seok/automotive_software_final/src/app/autonomous_driving/../../bsw/system/bridge/ros2_bridge_vehicle.hpp:26:10:[m[K [01;31m[Kfatal error: [m[Ktf2_ros/transform_broadcaster.h: No such file or directory
[2.758s]    26 | #include [01;31m[K<tf2_ros/transform_broadcaster.h>[m[K
[2.758s]       |          [01;31m[K^~~~~~~~~~~~~~~~~~~~~~~~~~~~~~~~~[m[K
[2.758s] compilation terminated.
[2.759s] gmake[2]: *** [CMakeFiles/trajectory_planner_node.dir/build.make:76: CMakeFiles/trajectory_planner_node.dir/src/trajectory_planner_node.cpp.o] Error 1
[2.759s] gmake[1]: *** [CMakeFiles/Makefile2:221: CMakeFiles/trajectory_planner_node.dir/all] Error 2
[2.759s] gmake: *** [Makefile:146: all] Error 2
[2.761s] Invoked command in '/home/seok/automotive_software_final/build/autonomous_driving' returned '2': CMAKE_PREFIX_PATH=/home/seok/automotive_software_final/install/ad_msgs:/home/seok/automotive_software_final/install/simulator:/home/seok/automotive_software_final/install/mission_manager:/home/seok/automotive_software_final/install/evaluation:/home/seok/automotive_software_final/install/autonomous_driving:/opt/ros/humble /usr/bin/cmake --build /home/seok/automotive_software_final/build/autonomous_driving -- -j28 -l28
