[0.050s] Invoking command in '/home/seok/automotive_software_final/build/autonomous_driving': CMAKE_PREFIX_PATH=/home/seok/automotive_software_final/install/ad_msgs:/home/seok/automotive_software_final/install/simulator:/home/seok/automotive_software_final/install/mission_manager:/home/seok/automotive_software_final/install/evaluation:/home/seok/automotive_software_final/install/autonomous_driving:/opt/ros/humble /usr/bin/cmake --build /home/seok/automotive_software_final/build/autonomous_driving -- -j28 -l28
[0.068s] [35m[1mConsolidate compiler generated dependencies of target driving_way_node[0m
[0.069s] [35m[1mConsolidate compiler generated dependencies of target autonomous_driving_node[0m
[0.081s] [ 25%] [32mBuilding CXX object CMakeFiles/driving_way_node.dir/src/driving_way_node.cpp.o[0m
[0.085s] [ 50%] [32mBuilding CXX object CMakeFiles/autonomous_driving_node.dir/src/autonomous_driving_node.cpp.o[0m
[0.216s] In file included from [01m[K/home/seok/automotive_software_final/src/app/autonomous_driving/src/autonomous_driving_node.cpp:17[m[K:
[0.216s] [01m[K/home/seok/automotive_software_final/src/app/autonomous_driving/include/autonomous_driving_node.hpp:38:10:[m[K [01;31m[Kfatal error: [m[Kad_msgs/msg/vehicle_input.hpp: No such file or directory
[0.216s]    38 | #include [01;31m[K<ad_msgs/msg/vehicle_input.hpp>[m[K
[0.217s]       |          [01;31m[K^~~~~~~~~~~~~~~~~~~~~~~~~~~~~~~[m[K
[0.217s] compilation terminated.
[0.219s] gmake[2]: *** [CMakeFiles/autonomous_driving_node.dir/build.make:76: CMakeFiles/autonomous_driving_node.dir/src/autonomous_driving_node.cpp.o] Error 1
[0.219s] gmake[1]: *** [CMakeFiles/Makefile2:139: CMakeFiles/autonomous_driving_node.dir/all] Error 2
[0.219s] gmake[1]: *** Waiting for unfinished jobs....
[1.810s] In file included from [01m[K/home/seok/automotive_software_final/src/app/autonomous_driving/src/driving_way_node.cpp:1[m[K:
[1.810s] [01m[K/home/seok/automotive_software_final/src/app/autonomous_driving/include/driving_way_node.hpp:98:40:[m[K [01;31m[Kerror: [m[Kâ€˜[01m[KVehicleOutput[m[Kâ€™ is not a member of â€˜[01m[Kad_msgs::msg[m[Kâ€™
[1.810s]    98 |     rclcpp::Subscription<ad_msgs::msg::[01;31m[KVehicleOutput[m[K>::SharedPtr s_vehicle_state_;
[1.810s]       |                                        [01;31m[K^~~~~~~~~~~~~[m[K
[1.810s] [01m[K/home/seok/automotive_software_final/src/app/autonomous_driving/include/driving_way_node.hpp:98:53:[m[K [01;31m[Kerror: [m[Ktemplate argument 1 is invalid
[1.810s]    98 |     rclcpp::Subscription<ad_msgs::msg::VehicleOutput[01;31m[K>[m[K::SharedPtr s_vehicle_state_;
[1.810s]       |                                                     [01;31m[K^[m[K
[1.810s] [01m[K/home/seok/automotive_software_final/src/app/autonomous_driving/include/driving_way_node.hpp:98:53:[m[K [01;31m[Kerror: [m[Ktemplate argument 3 is invalid
[1.810s] [01m[K/home/seok/automotive_software_final/src/app/autonomous_driving/include/driving_way_node.hpp:98:53:[m[K [01;31m[Kerror: [m[Ktemplate argument 4 is invalid
[1.810s] [01m[K/home/seok/automotive_software_final/src/app/autonomous_driving/include/driving_way_node.hpp:98:53:[m[K [01;31m[Kerror: [m[Ktemplate argument 5 is invalid
[1.810s] [01m[K/home/seok/automotive_software_final/src/app/autonomous_driving/include/driving_way_node.hpp:98:56:[m[K [01;31m[Kerror: [m[Kexpected â€˜[01m[K;[m[Kâ€™ at end of member declaration
[1.810s]    98 |     rclcpp::Subscription<ad_msgs::msg::VehicleOutput>::[01;31m[KSharedPtr[m[K s_vehicle_state_;
[1.810s]       |                                                        [01;31m[K^~~~~~~~~[m[K
[1.810s]       |                                                                 [32m[K;[m[K
[1.812s] [01m[K/home/seok/automotive_software_final/src/app/autonomous_driving/include/driving_way_node.hpp:98:66:[m[K [01;31m[Kerror: [m[Kâ€˜[01m[Ks_vehicle_state_[m[Kâ€™ does not name a type
[1.812s]    98 |     rclcpp::Subscription<ad_msgs::msg::VehicleOutput>::SharedPtr [01;31m[Ks_vehicle_state_[m[K;
[1.812s]       |                                                                  [01;31m[K^~~~~~~~~~~~~~~~[m[K
[1.812s] [01m[K/home/seok/automotive_software_final/src/app/autonomous_driving/include/driving_way_node.hpp:106:58:[m[K [01;31m[Kerror: [m[Kâ€˜[01m[KVehicleOutput[m[Kâ€™ in namespace â€˜[01m[Kad_msgs::msg[m[Kâ€™ does not name a type
[1.812s]   106 |     inline void CallbackVehicleState(const ad_msgs::msg::[01;31m[KVehicleOutput[m[K::SharedPtr msg) {
[1.812s]       |                                                          [01;31m[K^~~~~~~~~~~~~[m[K
[1.812s] [01m[K/home/seok/automotive_software_final/src/app/autonomous_driving/include/driving_way_node.hpp:106:83:[m[K [01;31m[Kerror: [m[Kexpected unqualified-id before â€˜[01m[Kmsg[m[Kâ€™
[1.812s]   106 |     inline void CallbackVehicleState(const ad_msgs::msg::VehicleOutput::SharedPtr [01;31m[Kmsg[m[K) {
[1.812s]       |                                                                                   [01;31m[K^~~[m[K
[1.812s] [01m[K/home/seok/automotive_software_final/src/app/autonomous_driving/include/driving_way_node.hpp:106:82:[m[K [01;31m[Kerror: [m[Kexpected â€˜[01m[K)[m[Kâ€™ before â€˜[01m[Kmsg[m[Kâ€™
[1.813s]   106 |     inline void CallbackVehicleState[34m[K([m[Kconst ad_msgs::msg::VehicleOutput::SharedPtr[01;31m[K [m[K[32m[Kmsg[m[K) {
[1.813s]       |                                     [34m[K~[m[K                                            [01;31m[K^[m[K[32m[K~~~[m[K
[1.813s]       |                                                                                  [32m[K)[m[K
[1.813s] [01m[K/home/seok/automotive_software_final/src/app/autonomous_driving/include/driving_way_node.hpp:106:73:[m[K [01;31m[Kerror: [m[Kexpected â€˜[01m[K;[m[Kâ€™ at end of member declaration
[1.813s]   106 |     inline void CallbackVehicleState(const ad_msgs::msg::VehicleOutput::[01;31m[KSharedPtr[m[K msg) {
[1.813s]       |                                                                         [01;31m[K^~~~~~~~~[m[K
[1.813s]       |                                                                                  [32m[K;[m[K
[1.813s] [01m[K/home/seok/automotive_software_final/src/app/autonomous_driving/include/driving_way_node.hpp:106:83:[m[K [01;31m[Kerror: [m[Kâ€˜[01m[Kmsg[m[Kâ€™ does not name a type
[1.813s]   106 |     inline void CallbackVehicleState(const ad_msgs::msg::VehicleOutput::SharedPtr [01;31m[Kmsg[m[K) {
[1.813s]       |                                                                                   [01;31m[K^~~[m[K
[1.813s] [01m[K/home/seok/automotive_software_final/src/app/autonomous_driving/include/driving_way_node.hpp:116:19:[m[K [01;31m[Kerror: [m[Kâ€˜[01m[KVehicleOutput[m[Kâ€™ in namespace â€˜[01m[Kad_msgs::msg[m[Kâ€™ does not name a type
[1.813s]   116 |     ad_msgs::msg::[01;31m[KVehicleOutput[m[K i_vehicle_state_;
[1.813s]       |                   [01;31m[K^~~~~~~~~~~~~[m[K
[1.832s] [01m[K/home/seok/automotive_software_final/src/app/autonomous_driving/src/driving_way_node.cpp:[m[K In member function â€˜[01m[Kstd::vector<int> DrivingWayNode::regionQuery(const std::vector<Point>&, int, float)[m[Kâ€™:
[1.832s] [01m[K/home/seok/automotive_software_final/src/app/autonomous_driving/src/driving_way_node.cpp:67:13:[m[K [01;31m[Kerror: [m[Kâ€˜[01m[Kdistance[m[Kâ€™ was not declared in this scope; did you mean â€˜[01m[Kstd::distance[m[Kâ€™?
[1.832s]    67 |         if ([01;31m[Kdistance[m[K(points[pointIdx], points[i]) <= epsilon) {
[1.832s]       |             [01;31m[K^~~~~~~~[m[K
[1.832s]       |             [32m[Kstd::distance[m[K
[1.832s] In file included from [01m[K/usr/include/c++/11/bits/stl_algobase.h:66[m[K,
[1.832s]                  from [01m[K/usr/include/c++/11/memory:63[m[K,
[1.832s]                  from [01m[K/home/seok/automotive_software_final/src/app/autonomous_driving/include/driving_way_node.hpp:5[m[K,
[1.832s]                  from [01m[K/home/seok/automotive_software_final/src/app/autonomous_driving/src/driving_way_node.cpp:1[m[K:
[1.833s] [01m[K/usr/include/c++/11/bits/stl_iterator_base_funcs.h:138:5:[m[K [01;36m[Knote: [m[Kâ€˜[01m[Kstd::distance[m[Kâ€™ declared here
[1.833s]   138 |     [01;36m[Kdistance[m[K(_InputIterator __first, _InputIterator __last)
[1.833s]       |     [01;36m[K^~~~~~~~[m[K
[1.835s] [01m[K/home/seok/automotive_software_final/src/app/autonomous_driving/src/driving_way_node.cpp:[m[K In member function â€˜[01m[Kvoid DrivingWayNode::process_lanes()[m[Kâ€™:
[1.835s] [01m[K/home/seok/automotive_software_final/src/app/autonomous_driving/src/driving_way_node.cpp:174:16:[m[K [01;31m[Kerror: [m[Kno matching function for call to â€˜[01m[KDrivingWayNode::applyRANSAC(ad_msgs::msg::LanePointData&, ad_msgs::msg::LanePointData&)[m[Kâ€™
[1.835s]   174 |     [01;31m[KapplyRANSAC(lane_point_LEFT, inliers_LEFT)[m[K;
[1.835s]       |     [01;31m[K~~~~~~~~~~~^~~~~~~~~~~~~~~~~~~~~~~~~~~~~~~[m[K
[1.835s] In file included from [01m[K/home/seok/automotive_software_final/src/app/autonomous_driving/src/driving_way_node.cpp:1[m[K:
[1.835s] [01m[K/home/seok/automotive_software_final/src/app/autonomous_driving/include/driving_way_node.hpp:62:10:[m[K [01;36m[Knote: [m[Kcandidate: â€˜[01m[Kvoid DrivingWayNode::applyRANSAC(ad_msgs::msg::LanePointData&, ad_msgs::msg::LanePointData&, int, double)[m[Kâ€™
[1.835s]    62 |     void [01;36m[KapplyRANSAC[m[K(ad_msgs::msg::LanePointData& lane_points, ad_msgs::msg::LanePointData& inliers,
[1.836s]       |          [01;36m[K^~~~~~~~~~~[m[K
[1.836s] [01m[K/home/seok/automotive_software_final/src/app/autonomous_driving/include/driving_way_node.hpp:62:10:[m[K [01;36m[Knote: [m[K  candidate expects 4 arguments, 2 provided
[1.836s] [01m[K/home/seok/automotive_software_final/src/app/autonomous_driving/src/driving_way_node.cpp:175:16:[m[K [01;31m[Kerror: [m[Kno matching function for call to â€˜[01m[KDrivingWayNode::applyRANSAC(ad_msgs::msg::LanePointData&, ad_msgs::msg::LanePointData&)[m[Kâ€™
[1.836s]   175 |     [01;31m[KapplyRANSAC(lane_point_RIGHT, inliers_RIGHT)[m[K;
[1.836s]       |     [01;31m[K~~~~~~~~~~~^~~~~~~~~~~~~~~~~~~~~~~~~~~~~~~~~[m[K
[1.836s] In file included from [01m[K/home/seok/automotive_software_final/src/app/autonomous_driving/src/driving_way_node.cpp:1[m[K:
[1.836s] [01m[K/home/seok/automotive_software_final/src/app/autonomous_driving/include/driving_way_node.hpp:62:10:[m[K [01;36m[Knote: [m[Kcandidate: â€˜[01m[Kvoid DrivingWayNode::applyRANSAC(ad_msgs::msg::LanePointData&, ad_msgs::msg::LanePointData&, int, double)[m[Kâ€™
[1.836s]    62 |     void [01;36m[KapplyRANSAC[m[K(ad_msgs::msg::LanePointData& lane_points, ad_msgs::msg::LanePointData& inliers,
[1.836s]       |          [01;36m[K^~~~~~~~~~~[m[K
[1.836s] [01m[K/home/seok/automotive_software_final/src/app/autonomous_driving/include/driving_way_node.hpp:62:10:[m[K [01;36m[Knote: [m[K  candidate expects 4 arguments, 2 provided
[1.907s] [01m[K/home/seok/automotive_software_final/src/app/autonomous_driving/src/driving_way_node.cpp:[m[K In member function â€˜[01m[Kvoid DrivingWayNode::PublishDrivingWay(const rclcpp::Time&)[m[Kâ€™:
[1.907s] [01m[K/home/seok/automotive_software_final/src/app/autonomous_driving/src/driving_way_node.cpp:369:60:[m[K [01;35m[Kwarning: [m[Kunused parameter â€˜[01m[Kcurrent_time[m[Kâ€™ [[01;35m[K]8;;https://gcc.gnu.org/onlinedocs/gcc/Warning-Options.html#index-Wunused-parameter-Wunused-parameter]8;;[m[K]
[1.907s]   369 | void DrivingWayNode::PublishDrivingWay([01;35m[Kconst rclcpp::Time& current_time[m[K) {
[1.907s]       |                                        [01;35m[K~~~~~~~~~~~~~~~~~~~~^~~~~~~~~~~~[m[K
[15.237s] gmake[2]: *** [CMakeFiles/driving_way_node.dir/build.make:76: CMakeFiles/driving_way_node.dir/src/driving_way_node.cpp.o] Error 1
[15.237s] gmake[1]: *** [CMakeFiles/Makefile2:165: CMakeFiles/driving_way_node.dir/all] Error 2
[15.237s] gmake: *** [Makefile:146: all] Error 2
[15.239s] Invoked command in '/home/seok/automotive_software_final/build/autonomous_driving' returned '2': CMAKE_PREFIX_PATH=/home/seok/automotive_software_final/install/ad_msgs:/home/seok/automotive_software_final/install/simulator:/home/seok/automotive_software_final/install/mission_manager:/home/seok/automotive_software_final/install/evaluation:/home/seok/automotive_software_final/install/autonomous_driving:/opt/ros/humble /usr/bin/cmake --build /home/seok/automotive_software_final/build/autonomous_driving -- -j28 -l28
