-- Found ament_cmake: 1.3.10 (/opt/ros/humble/share/ament_cmake/cmake)
-- Found rclcpp: 16.0.10 (/opt/ros/humble/share/rclcpp/cmake)
-- Found rosidl_generator_c: 3.1.5 (/opt/ros/humble/share/rosidl_generator_c/cmake)
-- Found rosidl_adapter: 3.1.5 (/opt/ros/humble/share/rosidl_adapter/cmake)
-- Found rosidl_generator_cpp: 3.1.5 (/opt/ros/humble/share/rosidl_generator_cpp/cmake)
-- Using all available rosidl_typesupport_c: rosidl_typesupport_fastrtps_c;rosidl_typesupport_introspection_c
-- Using all available rosidl_typesupport_cpp: rosidl_typesupport_fastrtps_cpp;rosidl_typesupport_introspection_cpp
-- Found rmw_implementation_cmake: 6.1.2 (/opt/ros/humble/share/rmw_implementation_cmake/cmake)
-- Found rmw_fastrtps_cpp: 6.2.7 (/opt/ros/humble/share/rmw_fastrtps_cpp/cmake)
-- Using RMW implementation 'rmw_fastrtps_cpp' as default
-- Found ad_msgs: 0.0.0 (/home/seok/automotive_software_final/install/ad_msgs/share/ad_msgs/cmake)
-- Found tf2: 0.25.8 (/opt/ros/humble/share/tf2/cmake)
-- Found tf2_ros: 0.25.8 (/opt/ros/humble/share/tf2_ros/cmake)
-- Configuring done
-- Generating done
-- Build files have been written to: /home/seok/automotive_software_final/build/autonomous_driving
[35m[1mConsolidate compiler generated dependencies of target autonomous_driving_node[0m
[35m[1mConsolidate compiler generated dependencies of target driving_way_node[0m
[ 16%] [32mBuilding CXX object CMakeFiles/behavior_planner_node.dir/src/behavior_planner_node.cpp.o[0m
[ 50%] Built target driving_way_node
[ 66%] [32m[1mLinking CXX executable autonomous_driving_node[0m
[ 83%] Built target autonomous_driving_node
In file included from [01m[K/home/seok/automotive_software_final/src/app/autonomous_driving/src/behavior_planner_node.cpp:1[m[K:
[01m[K/home/seok/automotive_software_final/src/app/autonomous_driving/include/behavior_planner_node.hpp:23:39:[m[K [01;31m[Kerror: [m[Kâ€˜[01m[KNodeOptiosn[m[Kâ€™ in namespace â€˜[01m[Krclcpp[m[Kâ€™ does not name a type; did you mean â€˜[01m[KNodeOptions[m[Kâ€™?
   23 |                         const rclcpp::[01;31m[KNodeOptiosn[m[K& optios = rclcpp::NodeOptions());
      |                                       [01;31m[K^~~~~~~~~~~[m[K
      |                                       [32m[KNodeOptions[m[K
[01m[K/home/seok/automotive_software_final/src/app/autonomous_driving/include/behavior_planner_node.hpp:23:69:[m[K [01;31m[Kerror: [m[Kcould not convert â€˜[01m[Krclcpp::NodeOptions(rcutils_get_default_allocator())[m[Kâ€™ from â€˜[01m[Krclcpp::NodeOptions[m[Kâ€™ to â€˜[01m[Kconst int&[m[Kâ€™
   23 |                         const rclcpp::NodeOptiosn& optios = rclcpp::[01;31m[KNodeOptions()[m[K);
      |                                                                     [01;31m[K^~~~~~~~~~~~~[m[K
      |                                                                     [01;31m[K|[m[K
      |                                                                     [01;31m[Krclcpp::NodeOptions[m[K
[01m[K/home/seok/automotive_software_final/src/app/autonomous_driving/src/behavior_planner_node.cpp:5:1:[m[K [01;31m[Kerror: [m[Kno declaration matches â€˜[01m[KBehaviorPlannerNode::BehaviorPlannerNode(const string&, const double&, const rclcpp::NodeOptions&)[m[Kâ€™
    5 | [01;31m[KBehaviorPlannerNode[m[K::BehaviorPlannerNode(const std::string& node_name, const double& loop_rate,
      | [01;31m[K^~~~~~~~~~~~~~~~~~~[m[K
In file included from [01m[K/home/seok/automotive_software_final/src/app/autonomous_driving/src/behavior_planner_node.cpp:1[m[K:
[01m[K/home/seok/automotive_software_final/src/app/autonomous_driving/include/behavior_planner_node.hpp:20:7:[m[K [01;36m[Knote: [m[Kcandidates are: â€˜[01m[KBehaviorPlannerNode::BehaviorPlannerNode(const BehaviorPlannerNode&)[m[Kâ€™
   20 | class [01;36m[KBehaviorPlannerNode[m[K : public rclcpp::Node {
      |       [01;36m[K^~~~~~~~~~~~~~~~~~~[m[K
[01m[K/home/seok/automotive_software_final/src/app/autonomous_driving/include/behavior_planner_node.hpp:22:9:[m[K [01;36m[Knote: [m[K                â€˜[01m[KBehaviorPlannerNode::BehaviorPlannerNode(const string&, const double&, const int&)[m[Kâ€™
   22 |         [01;36m[KBehaviorPlannerNode[m[K(const std::string& node_name, const double& loop_rate,
      |         [01;36m[K^~~~~~~~~~~~~~~~~~~[m[K
[01m[K/home/seok/automotive_software_final/src/app/autonomous_driving/include/behavior_planner_node.hpp:20:7:[m[K [01;36m[Knote: [m[Kâ€˜[01m[Kclass BehaviorPlannerNode[m[Kâ€™ defined here
   20 | class [01;36m[KBehaviorPlannerNode[m[K : public rclcpp::Node {
      |       [01;36m[K^~~~~~~~~~~~~~~~~~~[m[K
[01m[K/home/seok/automotive_software_final/src/app/autonomous_driving/src/behavior_planner_node.cpp:34:6:[m[K [01;31m[Kerror: [m[Kno declaration matches â€˜[01m[Kvoid BehaviorPlannerNode::Run()[m[Kâ€™
   34 | void [01;31m[KBehaviorPlannerNode[m[K::Run()
      |      [01;31m[K^~~~~~~~~~~~~~~~~~~[m[K
[01m[K/home/seok/automotive_software_final/src/app/autonomous_driving/src/behavior_planner_node.cpp:34:6:[m[K [01;36m[Knote: [m[Kno functions named â€˜[01m[Kvoid BehaviorPlannerNode::Run()[m[Kâ€™
In file included from [01m[K/home/seok/automotive_software_final/src/app/autonomous_driving/src/behavior_planner_node.cpp:1[m[K:
[01m[K/home/seok/automotive_software_final/src/app/autonomous_driving/include/behavior_planner_node.hpp:20:7:[m[K [01;36m[Knote: [m[Kâ€˜[01m[Kclass BehaviorPlannerNode[m[Kâ€™ defined here
   20 | class [01;36m[KBehaviorPlannerNode[m[K : public rclcpp::Node {
      |       [01;36m[K^~~~~~~~~~~~~~~~~~~[m[K
gmake[2]: *** [CMakeFiles/behavior_planner_node.dir/build.make:76: CMakeFiles/behavior_planner_node.dir/src/behavior_planner_node.cpp.o] Error 1
gmake[1]: *** [CMakeFiles/Makefile2:193: CMakeFiles/behavior_planner_node.dir/all] Error 2
gmake: *** [Makefile:146: all] Error 2
