[0.042s] Invoking command in '/home/seok/automotive_software_final/build/autonomous_driving': AMENT_PREFIX_PATH=/home/seok/automotive_software_final/install/ad_msgs:${AMENT_PREFIX_PATH} CMAKE_PREFIX_PATH=/home/seok/automotive_software_final/install/ad_msgs:/opt/ros/humble LD_LIBRARY_PATH=/home/seok/automotive_software_final/install/ad_msgs/lib:${LD_LIBRARY_PATH} PYTHONPATH=/home/seok/automotive_software_final/install/ad_msgs/local/lib/python3.10/dist-packages:${PYTHONPATH} /usr/bin/cmake --build /home/seok/automotive_software_final/build/autonomous_driving -- -j28 -l28
[0.053s] -- Found ament_cmake: 1.3.10 (/opt/ros/humble/share/ament_cmake/cmake)
[0.134s] -- Found rclcpp: 16.0.10 (/opt/ros/humble/share/rclcpp/cmake)
[0.205s] -- Found rosidl_generator_c: 3.1.5 (/opt/ros/humble/share/rosidl_generator_c/cmake)
[0.207s] -- Found rosidl_adapter: 3.1.5 (/opt/ros/humble/share/rosidl_adapter/cmake)
[0.209s] -- Found rosidl_generator_cpp: 3.1.5 (/opt/ros/humble/share/rosidl_generator_cpp/cmake)
[0.214s] -- Using all available rosidl_typesupport_c: rosidl_typesupport_fastrtps_c;rosidl_typesupport_introspection_c
[0.220s] -- Using all available rosidl_typesupport_cpp: rosidl_typesupport_fastrtps_cpp;rosidl_typesupport_introspection_cpp
[0.236s] -- Found rmw_implementation_cmake: 6.1.2 (/opt/ros/humble/share/rmw_implementation_cmake/cmake)
[0.236s] -- Found rmw_fastrtps_cpp: 6.2.7 (/opt/ros/humble/share/rmw_fastrtps_cpp/cmake)
[2.083s] -- Using RMW implementation 'rmw_fastrtps_cpp' as default
[2.105s] -- Found ad_msgs: 0.0.0 (/home/seok/automotive_software_final/install/ad_msgs/share/ad_msgs/cmake)
[2.146s] -- Found tf2: 0.25.8 (/opt/ros/humble/share/tf2/cmake)
[2.147s] -- Found tf2_ros: 0.25.8 (/opt/ros/humble/share/tf2_ros/cmake)
[2.215s] -- Configuring done
[2.225s] -- Generating done
[2.226s] -- Build files have been written to: /home/seok/automotive_software_final/build/autonomous_driving
[2.241s] [35m[1mConsolidate compiler generated dependencies of target autonomous_driving_node[0m
[2.241s] [35m[1mConsolidate compiler generated dependencies of target driving_way_node[0m
[2.245s] [ 16%] [32mBuilding CXX object CMakeFiles/behavior_planner_node.dir/src/behavior_planner_node.cpp.o[0m
[2.250s] [ 50%] Built target driving_way_node
[2.252s] [ 66%] [32m[1mLinking CXX executable autonomous_driving_node[0m
[2.760s] [ 83%] Built target autonomous_driving_node
[3.466s] In file included from [01m[K/home/seok/automotive_software_final/src/app/autonomous_driving/src/behavior_planner_node.cpp:1[m[K:
[3.467s] [01m[K/home/seok/automotive_software_final/src/app/autonomous_driving/include/behavior_planner_node.hpp:23:39:[m[K [01;31m[Kerror: [m[Kâ€˜[01m[KNodeOptiosn[m[Kâ€™ in namespace â€˜[01m[Krclcpp[m[Kâ€™ does not name a type; did you mean â€˜[01m[KNodeOptions[m[Kâ€™?
[3.467s]    23 |                         const rclcpp::[01;31m[KNodeOptiosn[m[K& optios = rclcpp::NodeOptions());
[3.467s]       |                                       [01;31m[K^~~~~~~~~~~[m[K
[3.467s]       |                                       [32m[KNodeOptions[m[K
[3.542s] [01m[K/home/seok/automotive_software_final/src/app/autonomous_driving/include/behavior_planner_node.hpp:23:69:[m[K [01;31m[Kerror: [m[Kcould not convert â€˜[01m[Krclcpp::NodeOptions(rcutils_get_default_allocator())[m[Kâ€™ from â€˜[01m[Krclcpp::NodeOptions[m[Kâ€™ to â€˜[01m[Kconst int&[m[Kâ€™
[3.542s]    23 |                         const rclcpp::NodeOptiosn& optios = rclcpp::[01;31m[KNodeOptions()[m[K);
[3.542s]       |                                                                     [01;31m[K^~~~~~~~~~~~~[m[K
[3.542s]       |                                                                     [01;31m[K|[m[K
[3.542s]       |                                                                     [01;31m[Krclcpp::NodeOptions[m[K
[3.547s] [01m[K/home/seok/automotive_software_final/src/app/autonomous_driving/src/behavior_planner_node.cpp:5:1:[m[K [01;31m[Kerror: [m[Kno declaration matches â€˜[01m[KBehaviorPlannerNode::BehaviorPlannerNode(const string&, const double&, const rclcpp::NodeOptions&)[m[Kâ€™
[3.547s]     5 | [01;31m[KBehaviorPlannerNode[m[K::BehaviorPlannerNode(const std::string& node_name, const double& loop_rate,
[3.547s]       | [01;31m[K^~~~~~~~~~~~~~~~~~~[m[K
[3.547s] In file included from [01m[K/home/seok/automotive_software_final/src/app/autonomous_driving/src/behavior_planner_node.cpp:1[m[K:
[3.547s] [01m[K/home/seok/automotive_software_final/src/app/autonomous_driving/include/behavior_planner_node.hpp:20:7:[m[K [01;36m[Knote: [m[Kcandidates are: â€˜[01m[KBehaviorPlannerNode::BehaviorPlannerNode(const BehaviorPlannerNode&)[m[Kâ€™
[3.547s]    20 | class [01;36m[KBehaviorPlannerNode[m[K : public rclcpp::Node {
[3.547s]       |       [01;36m[K^~~~~~~~~~~~~~~~~~~[m[K
[3.547s] [01m[K/home/seok/automotive_software_final/src/app/autonomous_driving/include/behavior_planner_node.hpp:22:9:[m[K [01;36m[Knote: [m[K                â€˜[01m[KBehaviorPlannerNode::BehaviorPlannerNode(const string&, const double&, const int&)[m[Kâ€™
[3.547s]    22 |         [01;36m[KBehaviorPlannerNode[m[K(const std::string& node_name, const double& loop_rate,
[3.547s]       |         [01;36m[K^~~~~~~~~~~~~~~~~~~[m[K
[3.547s] [01m[K/home/seok/automotive_software_final/src/app/autonomous_driving/include/behavior_planner_node.hpp:20:7:[m[K [01;36m[Knote: [m[Kâ€˜[01m[Kclass BehaviorPlannerNode[m[Kâ€™ defined here
[3.547s]    20 | class [01;36m[KBehaviorPlannerNode[m[K : public rclcpp::Node {
[3.547s]       |       [01;36m[K^~~~~~~~~~~~~~~~~~~[m[K
[3.547s] [01m[K/home/seok/automotive_software_final/src/app/autonomous_driving/src/behavior_planner_node.cpp:34:6:[m[K [01;31m[Kerror: [m[Kno declaration matches â€˜[01m[Kvoid BehaviorPlannerNode::Run()[m[Kâ€™
[3.547s]    34 | void [01;31m[KBehaviorPlannerNode[m[K::Run()
[3.547s]       |      [01;31m[K^~~~~~~~~~~~~~~~~~~[m[K
[3.548s] [01m[K/home/seok/automotive_software_final/src/app/autonomous_driving/src/behavior_planner_node.cpp:34:6:[m[K [01;36m[Knote: [m[Kno functions named â€˜[01m[Kvoid BehaviorPlannerNode::Run()[m[Kâ€™
[3.548s] In file included from [01m[K/home/seok/automotive_software_final/src/app/autonomous_driving/src/behavior_planner_node.cpp:1[m[K:
[3.548s] [01m[K/home/seok/automotive_software_final/src/app/autonomous_driving/include/behavior_planner_node.hpp:20:7:[m[K [01;36m[Knote: [m[Kâ€˜[01m[Kclass BehaviorPlannerNode[m[Kâ€™ defined here
[3.548s]    20 | class [01;36m[KBehaviorPlannerNode[m[K : public rclcpp::Node {
[3.548s]       |       [01;36m[K^~~~~~~~~~~~~~~~~~~[m[K
[3.769s] gmake[2]: *** [CMakeFiles/behavior_planner_node.dir/build.make:76: CMakeFiles/behavior_planner_node.dir/src/behavior_planner_node.cpp.o] Error 1
[3.769s] gmake[1]: *** [CMakeFiles/Makefile2:193: CMakeFiles/behavior_planner_node.dir/all] Error 2
[3.769s] gmake: *** [Makefile:146: all] Error 2
[3.770s] Invoked command in '/home/seok/automotive_software_final/build/autonomous_driving' returned '2': AMENT_PREFIX_PATH=/home/seok/automotive_software_final/install/ad_msgs:${AMENT_PREFIX_PATH} CMAKE_PREFIX_PATH=/home/seok/automotive_software_final/install/ad_msgs:/opt/ros/humble LD_LIBRARY_PATH=/home/seok/automotive_software_final/install/ad_msgs/lib:${LD_LIBRARY_PATH} PYTHONPATH=/home/seok/automotive_software_final/install/ad_msgs/local/lib/python3.10/dist-packages:${PYTHONPATH} /usr/bin/cmake --build /home/seok/automotive_software_final/build/autonomous_driving -- -j28 -l28
