[35m[1mConsolidate compiler generated dependencies of target driving_way_node[0m
[35m[1mConsolidate compiler generated dependencies of target autonomous_driving_node[0m
[ 25%] [32mBuilding CXX object CMakeFiles/driving_way_node.dir/src/driving_way_node.cpp.o[0m
[ 75%] Built target autonomous_driving_node
[01m[K/home/seok/automotive_software_final/src/app/autonomous_driving/src/driving_way_node.cpp:[m[K In member function ‚Äò[01m[Kvoid DrivingWayNode::populateCenterLane(ad_msgs::msg::PolyfitLaneData&)[m[K‚Äô:
[01m[K/home/seok/automotive_software_final/src/app/autonomous_driving/src/driving_way_node.cpp:357:38:[m[K [01;31m[Kerror: [m[Kexpected ‚Äò[01m[K;[m[K‚Äô before ‚Äò[01m[Kdriving_way[m[K‚Äô
  357 |     driving_way.frame_id = "ego/body"
      |                                      [01;31m[K^[m[K
      |                                      [32m[K;[m[K
  358 |     [32m[Kdriving_way[m[K.id = "0"; // id ÏÑ§Ï†ï ÏïÑÏßÅ Ï§ëÏïôÏù¥ 0Ïù∏Ï§Ñ Î™®Î¶Ñ
      |     [32m[K~~~~~~~~~~~[m[K                       
gmake[2]: *** [CMakeFiles/driving_way_node.dir/build.make:76: CMakeFiles/driving_way_node.dir/src/driving_way_node.cpp.o] Error 1
gmake[1]: *** [CMakeFiles/Makefile2:165: CMakeFiles/driving_way_node.dir/all] Error 2
gmake: *** [Makefile:146: all] Error 2
