[0.086s] Invoking command in '/home/seok/automotive_software_final/build/autonomous_driving': CMAKE_PREFIX_PATH=/home/seok/automotive_software_final/install/ad_msgs:/home/seok/automotive_software_final/install/simulator:/home/seok/automotive_software_final/install/mission_manager:/home/seok/automotive_software_final/install/evaluation:/home/seok/automotive_software_final/install/autonomous_driving:/opt/ros/humble /usr/bin/cmake --build /home/seok/automotive_software_final/build/autonomous_driving -- -j28 -l28
[0.138s] [35m[1mConsolidate compiler generated dependencies of target driving_way_node[0m
[0.140s] [35m[1mConsolidate compiler generated dependencies of target autonomous_driving_node[0m
[0.166s] [ 25%] [32mBuilding CXX object CMakeFiles/driving_way_node.dir/src/driving_way_node.cpp.o[0m
[0.180s] [ 75%] Built target autonomous_driving_node
[3.647s] [01m[K/home/seok/automotive_software_final/src/app/autonomous_driving/src/driving_way_node.cpp:[m[K In member function ‚Äò[01m[Kvoid DrivingWayNode::populateCenterLane(ad_msgs::msg::PolyfitLaneData&)[m[K‚Äô:
[3.647s] [01m[K/home/seok/automotive_software_final/src/app/autonomous_driving/src/driving_way_node.cpp:357:38:[m[K [01;31m[Kerror: [m[Kexpected ‚Äò[01m[K;[m[K‚Äô before ‚Äò[01m[Kdriving_way[m[K‚Äô
[3.647s]   357 |     driving_way.frame_id = "ego/body"
[3.647s]       |                                      [01;31m[K^[m[K
[3.648s]       |                                      [32m[K;[m[K
[3.648s]   358 |     [32m[Kdriving_way[m[K.id = "0"; // id ÏÑ§Ï†ï ÏïÑÏßÅ Ï§ëÏïôÏù¥ 0Ïù∏Ï§Ñ Î™®Î¶Ñ
[3.648s]       |     [32m[K~~~~~~~~~~~[m[K                       
[26.231s] gmake[2]: *** [CMakeFiles/driving_way_node.dir/build.make:76: CMakeFiles/driving_way_node.dir/src/driving_way_node.cpp.o] Error 1
[26.231s] gmake[1]: *** [CMakeFiles/Makefile2:165: CMakeFiles/driving_way_node.dir/all] Error 2
[26.232s] gmake: *** [Makefile:146: all] Error 2
[26.233s] Invoked command in '/home/seok/automotive_software_final/build/autonomous_driving' returned '2': CMAKE_PREFIX_PATH=/home/seok/automotive_software_final/install/ad_msgs:/home/seok/automotive_software_final/install/simulator:/home/seok/automotive_software_final/install/mission_manager:/home/seok/automotive_software_final/install/evaluation:/home/seok/automotive_software_final/install/autonomous_driving:/opt/ros/humble /usr/bin/cmake --build /home/seok/automotive_software_final/build/autonomous_driving -- -j28 -l28
