[0.059s] Invoking command in '/home/seok/automotive_software_final/build/autonomous_driving': CMAKE_PREFIX_PATH=/home/seok/automotive_software_final/install/ad_msgs:/home/seok/automotive_software_final/install/simulator:/home/seok/automotive_software_final/install/mission_manager:/home/seok/automotive_software_final/install/evaluation:/home/seok/automotive_software_final/install/autonomous_driving:/opt/ros/humble /usr/bin/cmake --build /home/seok/automotive_software_final/build/autonomous_driving -- -j28 -l28
[0.087s] [35m[1mConsolidate compiler generated dependencies of target trajectory_planner_node[0m
[0.092s] [ 25%] Built target driving_way_node
[0.092s] [ 50%] Built target autonomous_driving_node
[0.093s] [ 75%] Built target behavior_planner_node
[0.098s] [ 87%] [32mBuilding CXX object CMakeFiles/trajectory_planner_node.dir/src/trajectory_planner_node.cpp.o[0m
[0.195s] In file included from [01m[K/home/seok/automotive_software_final/src/app/autonomous_driving/src/trajectory_planner_node.cpp:1[m[K:
[0.195s] [01m[K/home/seok/automotive_software_final/src/app/autonomous_driving/include/trajectory_planner_node.hpp:16:10:[m[K [01;31m[Kfatal error: [m[KEigen/Dense: No such file or directory
[0.195s]    16 | #include [01;31m[K<Eigen/Dense>[m[K
[0.195s]       |          [01;31m[K^~~~~~~~~~~~~[m[K
[0.195s] compilation terminated.
[0.196s] gmake[2]: *** [CMakeFiles/trajectory_planner_node.dir/build.make:76: CMakeFiles/trajectory_planner_node.dir/src/trajectory_planner_node.cpp.o] Error 1
[0.197s] gmake[1]: *** [CMakeFiles/Makefile2:221: CMakeFiles/trajectory_planner_node.dir/all] Error 2
[0.197s] gmake: *** [Makefile:146: all] Error 2
[0.199s] Invoked command in '/home/seok/automotive_software_final/build/autonomous_driving' returned '2': CMAKE_PREFIX_PATH=/home/seok/automotive_software_final/install/ad_msgs:/home/seok/automotive_software_final/install/simulator:/home/seok/automotive_software_final/install/mission_manager:/home/seok/automotive_software_final/install/evaluation:/home/seok/automotive_software_final/install/autonomous_driving:/opt/ros/humble /usr/bin/cmake --build /home/seok/automotive_software_final/build/autonomous_driving -- -j28 -l28
