[0.150s] Invoking command in '/home/jeongwoo/Automotive_software_final/build/autonomous_driving': CMAKE_PREFIX_PATH=/home/jeongwoo/Automotive_software_final/install/ad_msgs:/home/jeongwoo/Automotive_software_final/install/simulator:/home/jeongwoo/Automotive_software_final/install/mission_manager:/home/jeongwoo/Automotive_software_final/install/evaluation:/home/jeongwoo/Automotive_software_final/install/autonomous_driving:/opt/ros/humble /usr/bin/cmake --build /home/jeongwoo/Automotive_software_final/build/autonomous_driving -- -j8 -l8
[0.239s] [35m[1mConsolidate compiler generated dependencies of target driving_way_node[0m
[0.256s] [ 33%] Built target behavior_planner_node
[0.281s] [ 66%] Built target autonomous_driving_node
[0.303s] [ 83%] [32mBuilding CXX object CMakeFiles/driving_way_node.dir/src/driving_way_node.cpp.o[0m
[6.567s] [01m[K/home/jeongwoo/Automotive_software_final/src/app/autonomous_driving/src/driving_way_node.cpp:[m[K In member function â€˜[01m[Kvoid DrivingWayNode::lane_condition(ad_msgs::msg::PolyfitLaneData&)[m[Kâ€™:
[6.567s] [01m[K/home/jeongwoo/Automotive_software_final/src/app/autonomous_driving/src/driving_way_node.cpp:76:5:[m[K [01;31m[Kerror: [m[Kexpected â€˜[01m[K}[m[Kâ€™ before â€˜[01m[Kelse[m[Kâ€™
[6.568s]    76 |     [01;31m[Kelse[m[K{
[6.568s]       |     [01;31m[K^~~~[m[K
[6.568s] [01m[K/home/jeongwoo/Automotive_software_final/src/app/autonomous_driving/src/driving_way_node.cpp:72:132:[m[K [01;36m[Knote: [m[Kto match this â€˜[01m[K{[m[Kâ€™
[6.568s]    72 |     if((driving_way.a3 > 0.1 || driving_way.a3 < -8.1) || (lane_point_LEFT.point.size() < 3 && lane_point_RIGHT.point.size() < 3) )[01;36m[K{[m[K
[6.568s]       |                                                                                                                                    [01;36m[K^[m[K
[6.775s] [01m[K/home/jeongwoo/Automotive_software_final/src/app/autonomous_driving/src/driving_way_node.cpp:[m[K In member function â€˜[01m[Kvoid DrivingWayNode::PublishDrivingWay(const rclcpp::Time&)[m[Kâ€™:
[6.775s] [01m[K/home/jeongwoo/Automotive_software_final/src/app/autonomous_driving/src/driving_way_node.cpp:427:60:[m[K [01;35m[Kwarning: [m[Kunused parameter â€˜[01m[Kcurrent_time[m[Kâ€™ [[01;35m[K]8;;https://gcc.gnu.org/onlinedocs/gcc/Warning-Options.html#index-Wunused-parameter-Wunused-parameter]8;;[m[K]
[6.775s]   427 | void DrivingWayNode::PublishDrivingWay([01;35m[Kconst rclcpp::Time& current_time[m[K) {
[6.775s]       |                                        [01;35m[K~~~~~~~~~~~~~~~~~~~~^~~~~~~~~~~~[m[K
[46.339s] gmake[2]: *** [CMakeFiles/driving_way_node.dir/build.make:76: CMakeFiles/driving_way_node.dir/src/driving_way_node.cpp.o] Error 1
[46.339s] gmake[1]: *** [CMakeFiles/Makefile2:167: CMakeFiles/driving_way_node.dir/all] Error 2
[46.339s] gmake: *** [Makefile:146: all] Error 2
[46.343s] Invoked command in '/home/jeongwoo/Automotive_software_final/build/autonomous_driving' returned '2': CMAKE_PREFIX_PATH=/home/jeongwoo/Automotive_software_final/install/ad_msgs:/home/jeongwoo/Automotive_software_final/install/simulator:/home/jeongwoo/Automotive_software_final/install/mission_manager:/home/jeongwoo/Automotive_software_final/install/evaluation:/home/jeongwoo/Automotive_software_final/install/autonomous_driving:/opt/ros/humble /usr/bin/cmake --build /home/jeongwoo/Automotive_software_final/build/autonomous_driving -- -j8 -l8
