[01m[K/home/seok/automotive_software_final/src/app/autonomous_driving/src/behavior_planner_node.cpp:[m[K In constructor â€˜[01m[KBehaviorPlannerNode::BehaviorPlannerNode(const string&, const double&, const rclcpp::NodeOptions&)[m[Kâ€™:
[01m[K/home/seok/automotive_software_final/src/app/autonomous_driving/src/behavior_planner_node.cpp:24:92:[m[K [01;31m[Kerror: [m[Kexpected â€˜[01m[K)[m[Kâ€™ before â€˜[01m[Kqos_profile[m[Kâ€™
   24 |     p_lead_distance_ = this->create_publisher<std_msgs::msg::Float32>[34m[K([m[K"/ego/lead_distance,"[01;31m[K [m[K[32m[Kqos_profile[m[K);
      |                                                                      [34m[K~[m[K                     [01;31m[K^[m[K[32m[K~~~~~~~~~~~[m[K
      |                                                                                            [32m[K)[m[K
[01m[K/home/seok/automotive_software_final/src/app/autonomous_driving/src/behavior_planner_node.cpp:24:70:[m[K [01;31m[Kerror: [m[Kno matching function for call to â€˜[01m[KBehaviorPlannerNode::create_publisher<std_msgs::msg::Float32>(const char [20])[m[Kâ€™
   24 |     p_lead_distance_ = [01;31m[Kthis->create_publisher<std_msgs::msg::Float32>("/ego/lead_distance," qos_profile[m[K);
      |                        [01;31m[K~~~~~~~~~~~~~~~~~~~~~~~~~~~~~~~~~~~~~~~~~~~~~~^~~~~~~~~~~~~~~~~~~~~~~~~~~~~~~~~~[m[K
In file included from [01m[K/opt/ros/humble/include/rclcpp/rclcpp/node.hpp:1321[m[K,
                 from [01m[K/opt/ros/humble/include/rclcpp/rclcpp/executors/single_threaded_executor.hpp:28[m[K,
                 from [01m[K/opt/ros/humble/include/rclcpp/rclcpp/executors.hpp:22[m[K,
                 from [01m[K/opt/ros/humble/include/rclcpp/rclcpp/rclcpp.hpp:155[m[K,
                 from [01m[K/home/seok/automotive_software_final/src/app/autonomous_driving/include/behavior_planner_node.hpp:20[m[K,
                 from [01m[K/home/seok/automotive_software_final/src/app/autonomous_driving/src/behavior_planner_node.cpp:1[m[K:
[01m[K/opt/ros/humble/include/rclcpp/rclcpp/node_impl.hpp:73:1:[m[K [01;36m[Knote: [m[Kcandidate: â€˜[01m[Ktemplate<class MessageT, class AllocatorT, class PublisherT> std::shared_ptr<PublisherT> rclcpp::Node::create_publisher(const string&, const rclcpp::QoS&, const rclcpp::PublisherOptionsWithAllocator<AllocatorT>&)[m[Kâ€™
   73 | [01;36m[KNode[m[K::create_publisher(
      | [01;36m[K^~~~[m[K
[01m[K/opt/ros/humble/include/rclcpp/rclcpp/node_impl.hpp:73:1:[m[K [01;36m[Knote: [m[K  template argument deduction/substitution failed:
[01m[K/home/seok/automotive_software_final/src/app/autonomous_driving/src/behavior_planner_node.cpp:24:70:[m[K [01;36m[Knote: [m[K  candidate expects 3 arguments, 1 provided
   24 |     p_lead_distance_ = [01;36m[Kthis->create_publisher<std_msgs::msg::Float32>("/ego/lead_distance," qos_profile[m[K);
      |                        [01;36m[K~~~~~~~~~~~~~~~~~~~~~~~~~~~~~~~~~~~~~~~~~~~~~~^~~~~~~~~~~~~~~~~~~~~~~~~~~~~~~~~~[m[K
gmake[2]: *** [CMakeFiles/behavior_planner_node.dir/build.make:76: CMakeFiles/behavior_planner_node.dir/src/behavior_planner_node.cpp.o] Error 1
gmake[1]: *** [CMakeFiles/Makefile2:195: CMakeFiles/behavior_planner_node.dir/all] Error 2
gmake[1]: *** Waiting for unfinished jobs....
gmake: *** [Makefile:146: all] Error 2
