[0.060s] Invoking command in '/home/seok/automotive_software_final/build/autonomous_driving': CMAKE_PREFIX_PATH=/home/seok/automotive_software_final/install/ad_msgs:/home/seok/automotive_software_final/install/simulator:/home/seok/automotive_software_final/install/mission_manager:/home/seok/automotive_software_final/install/evaluation:/home/seok/automotive_software_final/install/autonomous_driving:/opt/ros/humble /usr/bin/cmake --build /home/seok/automotive_software_final/build/autonomous_driving -- -j28 -l28
[0.086s] [35m[1mConsolidate compiler generated dependencies of target behavior_planner_node[0m
[0.086s] [35m[1mConsolidate compiler generated dependencies of target autonomous_driving_node[0m
[0.095s] [ 25%] Built target trajectory_planner_node
[0.098s] [ 50%] Built target driving_way_node
[0.100s] [ 62%] [32mBuilding CXX object CMakeFiles/behavior_planner_node.dir/src/behavior_planner_node.cpp.o[0m
[0.106s] [ 87%] Built target autonomous_driving_node
[1.835s] [01m[K/home/seok/automotive_software_final/src/app/autonomous_driving/src/behavior_planner_node.cpp:[m[K In constructor â€˜[01m[KBehaviorPlannerNode::BehaviorPlannerNode(const string&, const double&, const rclcpp::NodeOptions&)[m[Kâ€™:
[1.835s] [01m[K/home/seok/automotive_software_final/src/app/autonomous_driving/src/behavior_planner_node.cpp:24:91:[m[K [01;31m[Kerror: [m[Kexpected â€˜[01m[K)[m[Kâ€™ before â€˜[01m[Kqos_profile[m[Kâ€™
[1.835s]    24 |     p_lead_distance_ = this->create_publisher<std_msgs::msg::Float32>[34m[K([m[K"/ego/lead_distance"[01;31m[K [m[K[32m[Kqos_profile[m[K);
[1.835s]       |                                                                      [34m[K~[m[K                    [01;31m[K^[m[K[32m[K~~~~~~~~~~~[m[K
[1.835s]       |                                                                                           [32m[K)[m[K
[1.835s] [01m[K/home/seok/automotive_software_final/src/app/autonomous_driving/src/behavior_planner_node.cpp:24:70:[m[K [01;31m[Kerror: [m[Kno matching function for call to â€˜[01m[KBehaviorPlannerNode::create_publisher<std_msgs::msg::Float32>(const char [19])[m[Kâ€™
[1.835s]    24 |     p_lead_distance_ = [01;31m[Kthis->create_publisher<std_msgs::msg::Float32>("/ego/lead_distance" qos_profile[m[K);
[1.835s]       |                        [01;31m[K~~~~~~~~~~~~~~~~~~~~~~~~~~~~~~~~~~~~~~~~~~~~~~^~~~~~~~~~~~~~~~~~~~~~~~~~~~~~~~~[m[K
[1.835s] In file included from [01m[K/opt/ros/humble/include/rclcpp/rclcpp/node.hpp:1321[m[K,
[1.835s]                  from [01m[K/opt/ros/humble/include/rclcpp/rclcpp/executors/single_threaded_executor.hpp:28[m[K,
[1.835s]                  from [01m[K/opt/ros/humble/include/rclcpp/rclcpp/executors.hpp:22[m[K,
[1.835s]                  from [01m[K/opt/ros/humble/include/rclcpp/rclcpp/rclcpp.hpp:155[m[K,
[1.835s]                  from [01m[K/home/seok/automotive_software_final/src/app/autonomous_driving/include/behavior_planner_node.hpp:20[m[K,
[1.835s]                  from [01m[K/home/seok/automotive_software_final/src/app/autonomous_driving/src/behavior_planner_node.cpp:1[m[K:
[1.835s] [01m[K/opt/ros/humble/include/rclcpp/rclcpp/node_impl.hpp:73:1:[m[K [01;36m[Knote: [m[Kcandidate: â€˜[01m[Ktemplate<class MessageT, class AllocatorT, class PublisherT> std::shared_ptr<PublisherT> rclcpp::Node::create_publisher(const string&, const rclcpp::QoS&, const rclcpp::PublisherOptionsWithAllocator<AllocatorT>&)[m[Kâ€™
[1.835s]    73 | [01;36m[KNode[m[K::create_publisher(
[1.835s]       | [01;36m[K^~~~[m[K
[1.835s] [01m[K/opt/ros/humble/include/rclcpp/rclcpp/node_impl.hpp:73:1:[m[K [01;36m[Knote: [m[K  template argument deduction/substitution failed:
[1.835s] [01m[K/home/seok/automotive_software_final/src/app/autonomous_driving/src/behavior_planner_node.cpp:24:70:[m[K [01;36m[Knote: [m[K  candidate expects 3 arguments, 1 provided
[1.835s]    24 |     p_lead_distance_ = [01;36m[Kthis->create_publisher<std_msgs::msg::Float32>("/ego/lead_distance" qos_profile[m[K);
[1.835s]       |                        [01;36m[K~~~~~~~~~~~~~~~~~~~~~~~~~~~~~~~~~~~~~~~~~~~~~~^~~~~~~~~~~~~~~~~~~~~~~~~~~~~~~~~[m[K
[4.203s] gmake[2]: *** [CMakeFiles/behavior_planner_node.dir/build.make:76: CMakeFiles/behavior_planner_node.dir/src/behavior_planner_node.cpp.o] Error 1
[4.203s] gmake[1]: *** [CMakeFiles/Makefile2:195: CMakeFiles/behavior_planner_node.dir/all] Error 2
[4.203s] gmake: *** [Makefile:146: all] Error 2
[4.206s] Invoked command in '/home/seok/automotive_software_final/build/autonomous_driving' returned '2': CMAKE_PREFIX_PATH=/home/seok/automotive_software_final/install/ad_msgs:/home/seok/automotive_software_final/install/simulator:/home/seok/automotive_software_final/install/mission_manager:/home/seok/automotive_software_final/install/evaluation:/home/seok/automotive_software_final/install/autonomous_driving:/opt/ros/humble /usr/bin/cmake --build /home/seok/automotive_software_final/build/autonomous_driving -- -j28 -l28
