[0.120s] Invoking command in '/home/jeongwoo/Automotive_software_final/build/autonomous_driving': AMENT_PREFIX_PATH=/home/jeongwoo/Automotive_software_final/install/ad_msgs:${AMENT_PREFIX_PATH} CMAKE_PREFIX_PATH=/home/jeongwoo/Automotive_software_final/install/ad_msgs:/opt/ros/humble LD_LIBRARY_PATH=/home/jeongwoo/Automotive_software_final/install/ad_msgs/lib:${LD_LIBRARY_PATH} PYTHONPATH=/home/jeongwoo/Automotive_software_final/install/ad_msgs/local/lib/python3.10/dist-packages:${PYTHONPATH} /usr/bin/cmake --build /home/jeongwoo/Automotive_software_final/build/autonomous_driving -- -j8 -l8
[0.202s] [35m[1mConsolidate compiler generated dependencies of target driving_way_node[0m
[0.236s] [ 33%] Built target behavior_planner_node
[0.239s] [ 66%] Built target autonomous_driving_node
[0.255s] [ 83%] [32mBuilding CXX object CMakeFiles/driving_way_node.dir/src/driving_way_node.cpp.o[0m
[5.750s] [01m[K/home/jeongwoo/Automotive_software_final/src/app/autonomous_driving/src/driving_way_node.cpp:[m[K In member function â€˜[01m[Kvoid DrivingWayNode::lane_condition()[m[Kâ€™:
[5.750s] [01m[K/home/jeongwoo/Automotive_software_final/src/app/autonomous_driving/src/driving_way_node.cpp:72:9:[m[K [01;31m[Kerror: [m[Kâ€˜[01m[Kdriving_way[m[Kâ€™ was not declared in this scope; did you mean â€˜[01m[Kp_driving_way_[m[Kâ€™?
[5.750s]    72 |     if(([01;31m[Kdriving_way[m[K.a3 < 0.1 && driving_way.a3 > -8.1) || !(lane_point_LEFT.point.size() < 3 && lane_point_RIGHT.point.size() < 3) ){
[5.750s]       |         [01;31m[K^~~~~~~~~~~[m[K
[5.750s]       |         [32m[Kp_driving_way_[m[K
[5.898s] [01m[K/home/jeongwoo/Automotive_software_final/src/app/autonomous_driving/src/driving_way_node.cpp:[m[K In member function â€˜[01m[Kvoid DrivingWayNode::PublishDrivingWay(const rclcpp::Time&)[m[Kâ€™:
[5.898s] [01m[K/home/jeongwoo/Automotive_software_final/src/app/autonomous_driving/src/driving_way_node.cpp:428:60:[m[K [01;35m[Kwarning: [m[Kunused parameter â€˜[01m[Kcurrent_time[m[Kâ€™ [[01;35m[K]8;;https://gcc.gnu.org/onlinedocs/gcc/Warning-Options.html#index-Wunused-parameter-Wunused-parameter]8;;[m[K]
[5.898s]   428 | void DrivingWayNode::PublishDrivingWay([01;35m[Kconst rclcpp::Time& current_time[m[K) {
[5.898s]       |                                        [01;35m[K~~~~~~~~~~~~~~~~~~~~^~~~~~~~~~~~[m[K
[33.394s] gmake[2]: *** [CMakeFiles/driving_way_node.dir/build.make:76: CMakeFiles/driving_way_node.dir/src/driving_way_node.cpp.o] Error 1
[33.394s] gmake[1]: *** [CMakeFiles/Makefile2:167: CMakeFiles/driving_way_node.dir/all] Error 2
[33.395s] gmake: *** [Makefile:146: all] Error 2
[33.397s] Invoked command in '/home/jeongwoo/Automotive_software_final/build/autonomous_driving' returned '2': AMENT_PREFIX_PATH=/home/jeongwoo/Automotive_software_final/install/ad_msgs:${AMENT_PREFIX_PATH} CMAKE_PREFIX_PATH=/home/jeongwoo/Automotive_software_final/install/ad_msgs:/opt/ros/humble LD_LIBRARY_PATH=/home/jeongwoo/Automotive_software_final/install/ad_msgs/lib:${LD_LIBRARY_PATH} PYTHONPATH=/home/jeongwoo/Automotive_software_final/install/ad_msgs/local/lib/python3.10/dist-packages:${PYTHONPATH} /usr/bin/cmake --build /home/jeongwoo/Automotive_software_final/build/autonomous_driving -- -j8 -l8
