[0.039s] Invoking command in '/home/seok/automotive_software_final/build/autonomous_driving': CMAKE_PREFIX_PATH=/home/seok/automotive_software_final/install/ad_msgs:/home/seok/automotive_software_final/install/simulator:/home/seok/automotive_software_final/install/mission_manager:/home/seok/automotive_software_final/install/evaluation:/home/seok/automotive_software_final/install/autonomous_driving:/opt/ros/humble /usr/bin/cmake --build /home/seok/automotive_software_final/build/autonomous_driving -- -j28 -l28
[0.060s] [35m[1mConsolidate compiler generated dependencies of target trajectory_planner_node[0m
[0.067s] [ 25%] Built target driving_way_node
[0.069s] [ 50%] Built target autonomous_driving_node
[0.069s] [ 75%] Built target behavior_planner_node
[0.073s] [ 87%] [32mBuilding CXX object CMakeFiles/trajectory_planner_node.dir/src/trajectory_planner_node.cpp.o[0m
[1.240s] In file included from [01m[K/home/seok/automotive_software_final/src/app/autonomous_driving/src/trajectory_planner_node.cpp:1[m[K:
[1.240s] [01m[K/home/seok/automotive_software_final/src/app/autonomous_driving/include/trajectory_planner_node.hpp:[m[K In member function â€˜[01m[Kbool State::operator==(const State&) const[m[Kâ€™:
[1.240s] [01m[K/home/seok/automotive_software_final/src/app/autonomous_driving/include/trajectory_planner_node.hpp:39:41:[m[K [01;31m[Kerror: [m[Kâ€˜[01m[Kconst struct State[m[Kâ€™ has no member named â€˜[01m[Kkappe[m[Kâ€™; did you mean â€˜[01m[Kkappa[m[Kâ€™?
[1.240s]    39 |                 std::fabs(kappa - other.[01;31m[Kkappe[m[K) < 1e-4;
[1.240s]       |                                         [01;31m[K^~~~~[m[K
[1.240s]       |                                         [32m[Kkappa[m[K
[1.281s] [01m[K/home/seok/automotive_software_final/src/app/autonomous_driving/src/trajectory_planner_node.cpp:[m[K At global scope:
[1.281s] [01m[K/home/seok/automotive_software_final/src/app/autonomous_driving/src/trajectory_planner_node.cpp:3:60:[m[K [01;31m[Kerror: [m[Kexpected â€˜[01m[K,[m[Kâ€™ or â€˜[01m[K...[m[Kâ€™ before â€˜[01m[K.[m[Kâ€™ token
[1.281s]     3 | TrajectoryNode::TrajectoryNode(const std::string &node_name[01;31m[K.[m[K const double &loop_rate, const rclcpp::NodeOptions & options)
[1.281s]       |                                                            [01;31m[K^[m[K
[1.281s] [01m[K/home/seok/automotive_software_final/src/app/autonomous_driving/src/trajectory_planner_node.cpp:3:1:[m[K [01;31m[Kerror: [m[Kno declaration matches â€˜[01m[KTrajectoryNode::TrajectoryNode(const string&)[m[Kâ€™
[1.281s]     3 | [01;31m[KTrajectoryNode[m[K::TrajectoryNode(const std::string &node_name. const double &loop_rate, const rclcpp::NodeOptions & options)
[1.281s]       | [01;31m[K^~~~~~~~~~~~~~[m[K
[1.281s] In file included from [01m[K/home/seok/automotive_software_final/src/app/autonomous_driving/src/trajectory_planner_node.cpp:1[m[K:
[1.281s] [01m[K/home/seok/automotive_software_final/src/app/autonomous_driving/include/trajectory_planner_node.hpp:43:7:[m[K [01;36m[Knote: [m[Kcandidates are: â€˜[01m[KTrajectoryNode::TrajectoryNode(const TrajectoryNode&)[m[Kâ€™
[1.281s]    43 | class [01;36m[KTrajectoryNode[m[K : public rclcpp::Node
[1.281s]       |       [01;36m[K^~~~~~~~~~~~~~[m[K
[1.281s] [01m[K/home/seok/automotive_software_final/src/app/autonomous_driving/include/trajectory_planner_node.hpp:46:9:[m[K [01;36m[Knote: [m[K                â€˜[01m[KTrajectoryNode::TrajectoryNode(const string&, const double&, const rclcpp::NodeOptions&)[m[Kâ€™
[1.281s]    46 |         [01;36m[KTrajectoryNode[m[K(const std::string& node_name, const double& loop_rate,
[1.281s]       |         [01;36m[K^~~~~~~~~~~~~~[m[K
[1.281s] [01m[K/home/seok/automotive_software_final/src/app/autonomous_driving/include/trajectory_planner_node.hpp:43:7:[m[K [01;36m[Knote: [m[Kâ€˜[01m[Kclass TrajectoryNode[m[Kâ€™ defined here
[1.281s]    43 | class [01;36m[KTrajectoryNode[m[K : public rclcpp::Node
[1.281s]       |       [01;36m[K^~~~~~~~~~~~~~[m[K
[1.286s] [01m[K/home/seok/automotive_software_final/src/app/autonomous_driving/src/trajectory_planner_node.cpp:[m[K In member function â€˜[01m[Kvoid TrajectoryNode::GenerateReferencePath(const PolyfitLaneData&)[m[Kâ€™:
[1.286s] [01m[K/home/seok/automotive_software_final/src/app/autonomous_driving/src/trajectory_planner_node.cpp:22:5:[m[K [01;31m[Kerror: [m[Kâ€˜[01m[Kreference_path_[m[Kâ€™ was not declared in this scope
[1.286s]    22 |     [01;31m[Kreference_path_[m[K.clear();
[1.286s]       |     [01;31m[K^~~~~~~~~~~~~~~[m[K
[1.515s] gmake[2]: *** [CMakeFiles/trajectory_planner_node.dir/build.make:76: CMakeFiles/trajectory_planner_node.dir/src/trajectory_planner_node.cpp.o] Error 1
[1.515s] gmake[1]: *** [CMakeFiles/Makefile2:221: CMakeFiles/trajectory_planner_node.dir/all] Error 2
[1.515s] gmake: *** [Makefile:146: all] Error 2
[1.517s] Invoked command in '/home/seok/automotive_software_final/build/autonomous_driving' returned '2': CMAKE_PREFIX_PATH=/home/seok/automotive_software_final/install/ad_msgs:/home/seok/automotive_software_final/install/simulator:/home/seok/automotive_software_final/install/mission_manager:/home/seok/automotive_software_final/install/evaluation:/home/seok/automotive_software_final/install/autonomous_driving:/opt/ros/humble /usr/bin/cmake --build /home/seok/automotive_software_final/build/autonomous_driving -- -j28 -l28
