[  0%] Built target ad_msgs__cpp
[ 12%] Built target ad_msgs__rosidl_generator_c
[ 12%] Built target ament_cmake_python_copy_ad_msgs
[ 24%] Built target ad_msgs__rosidl_typesupport_cpp
[ 35%] Built target ad_msgs__rosidl_typesupport_fastrtps_cpp
[ 47%] Built target ad_msgs__rosidl_typesupport_introspection_cpp
[ 58%] Built target ad_msgs__rosidl_typesupport_c
[ 82%] Built target ad_msgs__rosidl_typesupport_fastrtps_c
[ 82%] Built target ad_msgs__rosidl_typesupport_introspection_c
[ 82%] Built target ad_msgs
[ 83%] Built target ad_msgs__py
[ 94%] Built target ad_msgs__rosidl_generator_py
[ 96%] Built target ad_msgs__rosidl_typesupport_c__pyext
[ 98%] Built target ad_msgs__rosidl_typesupport_fastrtps_c__pyext
[100%] Built target ad_msgs__rosidl_typesupport_introspection_c__pyext
running egg_info
writing ad_msgs.egg-info/PKG-INFO
writing dependency_links to ad_msgs.egg-info/dependency_links.txt
writing top-level names to ad_msgs.egg-info/top_level.txt
reading manifest file 'ad_msgs.egg-info/SOURCES.txt'
writing manifest file 'ad_msgs.egg-info/SOURCES.txt'
[100%] Built target ament_cmake_python_build_ad_msgs_egg
Traceback (most recent call last):
  File "/usr/lib/python3/dist-packages/colcon_parallel_executor/executor/parallel.py", line 75, in execute
    loop.run_until_complete(future)
  File "/usr/lib/python3.10/asyncio/base_events.py", line 636, in run_until_complete
    self.run_forever()
  File "/usr/lib/python3.10/asyncio/base_events.py", line 603, in run_forever
    self._run_once()
  File "/usr/lib/python3.10/asyncio/base_events.py", line 1871, in _run_once
    event_list = self._selector.select(timeout)
  File "/usr/lib/python3.10/selectors.py", line 465, in select
    max_ev = max(len(self._fd_to_key), 1)
KeyboardInterrupt

During handling of the above exception, another exception occurred:

Traceback (most recent call last):
  File "/usr/lib/python3/dist-packages/colcon_core/executor/__init__.py", line 91, in __call__
    rc = await self.task(*args, **kwargs)
  File "/usr/lib/python3/dist-packages/colcon_core/task/__init__.py", line 93, in __call__
    return await task_method(*args, **kwargs)
  File "/usr/lib/python3/dist-packages/colcon_ros/task/ament_cmake/build.py", line 59, in build
    rc = await extension.build(
  File "/usr/lib/python3/dist-packages/colcon_cmake/task/cmake/build.py", line 110, in build
    if await has_target(args.build_base, 'install'):
  File "/usr/lib/python3/dist-packages/colcon_cmake/task/cmake/__init__.py", line 57, in has_target
    return target in await get_makefile_targets(path)
  File "/usr/lib/python3/dist-packages/colcon_cmake/task/cmake/__init__.py", line 77, in get_makefile_targets
    output = await check_output([
  File "/usr/lib/python3/dist-packages/colcon_core/subprocess.py", line 129, in check_output
    assert not rc, f'Expected {args} to pass: {stderr_data}'
AssertionError: Expected ['/usr/bin/cmake', '--build', '/home/seok/automotive_software_final/build/ad_msgs', '--target', 'help'] to pass: 
