[35m[1mConsolidate compiler generated dependencies of target control_node[0m
[ 20%] Built target behavior_planner_node
[ 40%] Built target driving_way_node
[ 60%] Built target trajectory_planner_node
[ 80%] Built target autonomous_driving_node
[ 90%] [32mBuilding CXX object CMakeFiles/control_node.dir/src/control_node.cpp.o[0m
[01m[K/home/seok/automotive_software_final/src/app/autonomous_driving/src/control_node.cpp:[m[K In member function â€˜[01m[Kvoid ControlNode::Run()[m[Kâ€™:
[01m[K/home/seok/automotive_software_final/src/app/autonomous_driving/src/control_node.cpp:76:49:[m[K [01;31m[Kerror: [m[Kâ€˜[01m[Kcontrol_singal[m[Kâ€™ was not declared in this scope; did you mean â€˜[01m[Kcontrol_signal[m[Kâ€™?
   76 |             o_vehicle_command_.accel = std::min([01;31m[Kcontrol_singal[m[K, 0.5);
      |                                                 [01;31m[K^~~~~~~~~~~~~~[m[K
      |                                                 [32m[Kcontrol_signal[m[K
[01m[K/home/seok/automotive_software_final/src/app/autonomous_driving/src/control_node.cpp:51:12:[m[K [01;35m[Kwarning: [m[Kunused variable â€˜[01m[Ktarget_speed[m[Kâ€™ [[01;35m[K]8;;https://gcc.gnu.org/onlinedocs/gcc/Warning-Options.html#index-Wunused-variable-Wunused-variable]8;;[m[K]
   51 |     double [01;35m[Ktarget_speed[m[K = static_cast<double>(ref_vel_float.data);
      |            [01;35m[K^~~~~~~~~~~~[m[K
gmake[2]: *** [CMakeFiles/control_node.dir/build.make:76: CMakeFiles/control_node.dir/src/control_node.cpp.o] Error 1
gmake[1]: *** [CMakeFiles/Makefile2:249: CMakeFiles/control_node.dir/all] Error 2
gmake: *** [Makefile:146: all] Error 2
