[0.047s] Invoking command in '/home/seok/automotive_software_final/build/autonomous_driving': CMAKE_PREFIX_PATH=/home/seok/automotive_software_final/install/ad_msgs:/home/seok/automotive_software_final/install/simulator:/home/seok/automotive_software_final/install/mission_manager:/home/seok/automotive_software_final/install/evaluation:/home/seok/automotive_software_final/install/autonomous_driving:/opt/ros/humble /usr/bin/cmake --build /home/seok/automotive_software_final/build/autonomous_driving -- -j28 -l28
[0.069s] [35m[1mConsolidate compiler generated dependencies of target driving_way_node[0m
[0.069s] [35m[1mConsolidate compiler generated dependencies of target autonomous_driving_node[0m
[0.085s] [ 25%] [32mBuilding CXX object CMakeFiles/driving_way_node.dir/src/driving_way_node.cpp.o[0m
[0.085s] [ 75%] Built target autonomous_driving_node
[1.858s] [01m[K/home/seok/automotive_software_final/src/app/autonomous_driving/src/driving_way_node.cpp:[m[K In member function â€˜[01m[Kvoid DrivingWayNode::process_lanes()[m[Kâ€™:
[1.858s] [01m[K/home/seok/automotive_software_final/src/app/autonomous_driving/src/driving_way_node.cpp:178:16:[m[K [01;31m[Kerror: [m[Kno matching function for call to â€˜[01m[KDrivingWayNode::applyRANSAC(ad_msgs::msg::LanePointData&, ad_msgs::msg::LanePointData&)[m[Kâ€™
[1.858s]   178 |     [01;31m[KapplyRANSAC(lane_point_LEFT, inliers_LEFT)[m[K;
[1.858s]       |     [01;31m[K~~~~~~~~~~~^~~~~~~~~~~~~~~~~~~~~~~~~~~~~~~[m[K
[1.858s] In file included from [01m[K/home/seok/automotive_software_final/src/app/autonomous_driving/src/driving_way_node.cpp:1[m[K:
[1.858s] [01m[K/home/seok/automotive_software_final/src/app/autonomous_driving/include/driving_way_node.hpp:64:10:[m[K [01;36m[Knote: [m[Kcandidate: â€˜[01m[Kvoid DrivingWayNode::applyRANSAC(ad_msgs::msg::LanePointData&, ad_msgs::msg::LanePointData&, int, double)[m[Kâ€™
[1.858s]    64 |     void [01;36m[KapplyRANSAC[m[K(ad_msgs::msg::LanePointData& lane_points, ad_msgs::msg::LanePointData& inliers,
[1.858s]       |          [01;36m[K^~~~~~~~~~~[m[K
[1.858s] [01m[K/home/seok/automotive_software_final/src/app/autonomous_driving/include/driving_way_node.hpp:64:10:[m[K [01;36m[Knote: [m[K  candidate expects 4 arguments, 2 provided
[1.858s] [01m[K/home/seok/automotive_software_final/src/app/autonomous_driving/src/driving_way_node.cpp:179:16:[m[K [01;31m[Kerror: [m[Kno matching function for call to â€˜[01m[KDrivingWayNode::applyRANSAC(ad_msgs::msg::LanePointData&, ad_msgs::msg::LanePointData&)[m[Kâ€™
[1.858s]   179 |     [01;31m[KapplyRANSAC(lane_point_RIGHT, inliers_RIGHT)[m[K;
[1.858s]       |     [01;31m[K~~~~~~~~~~~^~~~~~~~~~~~~~~~~~~~~~~~~~~~~~~~~[m[K
[1.858s] In file included from [01m[K/home/seok/automotive_software_final/src/app/autonomous_driving/src/driving_way_node.cpp:1[m[K:
[1.858s] [01m[K/home/seok/automotive_software_final/src/app/autonomous_driving/include/driving_way_node.hpp:64:10:[m[K [01;36m[Knote: [m[Kcandidate: â€˜[01m[Kvoid DrivingWayNode::applyRANSAC(ad_msgs::msg::LanePointData&, ad_msgs::msg::LanePointData&, int, double)[m[Kâ€™
[1.858s]    64 |     void [01;36m[KapplyRANSAC[m[K(ad_msgs::msg::LanePointData& lane_points, ad_msgs::msg::LanePointData& inliers,
[1.858s]       |          [01;36m[K^~~~~~~~~~~[m[K
[1.858s] [01m[K/home/seok/automotive_software_final/src/app/autonomous_driving/include/driving_way_node.hpp:64:10:[m[K [01;36m[Knote: [m[K  candidate expects 4 arguments, 2 provided
[1.928s] [01m[K/home/seok/automotive_software_final/src/app/autonomous_driving/src/driving_way_node.cpp:[m[K In member function â€˜[01m[Kvoid DrivingWayNode::PublishDrivingWay(const rclcpp::Time&)[m[Kâ€™:
[1.928s] [01m[K/home/seok/automotive_software_final/src/app/autonomous_driving/src/driving_way_node.cpp:373:60:[m[K [01;35m[Kwarning: [m[Kunused parameter â€˜[01m[Kcurrent_time[m[Kâ€™ [[01;35m[K]8;;https://gcc.gnu.org/onlinedocs/gcc/Warning-Options.html#index-Wunused-parameter-Wunused-parameter]8;;[m[K]
[1.928s]   373 | void DrivingWayNode::PublishDrivingWay([01;35m[Kconst rclcpp::Time& current_time[m[K) {
[1.928s]       |                                        [01;35m[K~~~~~~~~~~~~~~~~~~~~^~~~~~~~~~~~[m[K
[15.613s] gmake[2]: *** [CMakeFiles/driving_way_node.dir/build.make:76: CMakeFiles/driving_way_node.dir/src/driving_way_node.cpp.o] Error 1
[15.613s] gmake[1]: *** [CMakeFiles/Makefile2:165: CMakeFiles/driving_way_node.dir/all] Error 2
[15.613s] gmake: *** [Makefile:146: all] Error 2
[15.615s] Invoked command in '/home/seok/automotive_software_final/build/autonomous_driving' returned '2': CMAKE_PREFIX_PATH=/home/seok/automotive_software_final/install/ad_msgs:/home/seok/automotive_software_final/install/simulator:/home/seok/automotive_software_final/install/mission_manager:/home/seok/automotive_software_final/install/evaluation:/home/seok/automotive_software_final/install/autonomous_driving:/opt/ros/humble /usr/bin/cmake --build /home/seok/automotive_software_final/build/autonomous_driving -- -j28 -l28
