[0.035s] Invoking command in '/home/seok/automotive_software_final/build/autonomous_driving': AMENT_PREFIX_PATH=/home/seok/automotive_software_final/install/ad_msgs:${AMENT_PREFIX_PATH} CMAKE_PREFIX_PATH=/home/seok/automotive_software_final/install/ad_msgs:/opt/ros/humble LD_LIBRARY_PATH=/home/seok/automotive_software_final/install/ad_msgs/lib:${LD_LIBRARY_PATH} PYTHONPATH=/home/seok/automotive_software_final/install/ad_msgs/local/lib/python3.10/dist-packages:${PYTHONPATH} /usr/bin/cmake --build /home/seok/automotive_software_final/build/autonomous_driving -- -j28 -l28
[0.065s] [35m[1mConsolidate compiler generated dependencies of target behavior_planner_node[0m
[0.072s] [ 33%] Built target autonomous_driving_node
[0.073s] [ 66%] Built target driving_way_node
[0.074s] [ 83%] [32mBuilding CXX object CMakeFiles/behavior_planner_node.dir/src/behavior_planner_node.cpp.o[0m
[1.505s] [01m[K/home/seok/automotive_software_final/src/app/autonomous_driving/src/behavior_planner_node.cpp:[m[K In member function â€˜[01m[Kvoid BehaviorPlannerNode::updatePlannerState()[m[Kâ€™:
[1.505s] [01m[K/home/seok/automotive_software_final/src/app/autonomous_driving/src/behavior_planner_node.cpp:83:9:[m[K [01;31m[Kerror: [m[Kâ€˜[01m[Ko_behavior_state[m[Kâ€™ was not declared in this scope; did you mean â€˜[01m[Ko_behavior_state_[m[Kâ€™?
[1.505s]    83 |         [01;31m[Ko_behavior_state[m[K = ACC;
[1.505s]       |         [01;31m[K^~~~~~~~~~~~~~~~[m[K
[1.505s]       |         [32m[Ko_behavior_state_[m[K
[3.235s] gmake[2]: *** [CMakeFiles/behavior_planner_node.dir/build.make:76: CMakeFiles/behavior_planner_node.dir/src/behavior_planner_node.cpp.o] Error 1
[3.235s] gmake[1]: *** [CMakeFiles/Makefile2:193: CMakeFiles/behavior_planner_node.dir/all] Error 2
[3.236s] gmake: *** [Makefile:146: all] Error 2
[3.237s] Invoked command in '/home/seok/automotive_software_final/build/autonomous_driving' returned '2': AMENT_PREFIX_PATH=/home/seok/automotive_software_final/install/ad_msgs:${AMENT_PREFIX_PATH} CMAKE_PREFIX_PATH=/home/seok/automotive_software_final/install/ad_msgs:/opt/ros/humble LD_LIBRARY_PATH=/home/seok/automotive_software_final/install/ad_msgs/lib:${LD_LIBRARY_PATH} PYTHONPATH=/home/seok/automotive_software_final/install/ad_msgs/local/lib/python3.10/dist-packages:${PYTHONPATH} /usr/bin/cmake --build /home/seok/automotive_software_final/build/autonomous_driving -- -j28 -l28
