[0.043s] Invoking command in '/home/seok/automotive_software_final/build/autonomous_driving': CMAKE_PREFIX_PATH=/home/seok/automotive_software_final/install/ad_msgs:/home/seok/automotive_software_final/install/simulator:/home/seok/automotive_software_final/install/mission_manager:/home/seok/automotive_software_final/install/evaluation:/home/seok/automotive_software_final/install/autonomous_driving:/opt/ros/humble /usr/bin/cmake --build /home/seok/automotive_software_final/build/autonomous_driving -- -j28 -l28
[0.065s] [35m[1mConsolidate compiler generated dependencies of target behavior_planner_node[0m
[0.072s] [ 33%] Built target driving_way_node
[0.077s] [ 66%] Built target autonomous_driving_node
[0.078s] [ 83%] [32mBuilding CXX object CMakeFiles/behavior_planner_node.dir/src/behavior_planner_node.cpp.o[0m
[1.556s] [01m[K/home/seok/automotive_software_final/src/app/autonomous_driving/src/behavior_planner_node.cpp:[m[K In member function â€˜[01m[Kvoid BehaviorPlannerNode::updatePlannerState()[m[Kâ€™:
[1.556s] [01m[K/home/seok/automotive_software_final/src/app/autonomous_driving/src/behavior_planner_node.cpp:58:31:[m[K [01;31m[Kerror: [m[Kno matching function for call to â€˜[01m[Kbegin(ad_msgs::msg::MissionObject_<std::allocator<void> >&)[m[Kâ€™
[1.556s]    58 |     for (const auto &object : [01;31m[Ki_mission_state_[m[K) { // Assuming i_mission_objects_ stores all mission objects
[1.556s]       |                               [01;31m[K^~~~~~~~~~~~~~~~[m[K
[1.556s] In file included from [01m[K/usr/include/c++/11/utility:76[m[K,
[1.556s]                  from [01m[K/usr/include/c++/11/tuple:38[m[K,
[1.557s]                  from [01m[K/usr/include/c++/11/mutex:38[m[K,
[1.557s]                  from [01m[K/home/seok/automotive_software_final/src/app/autonomous_driving/include/behavior_planner_node.hpp:5[m[K,
[1.557s]                  from [01m[K/home/seok/automotive_software_final/src/app/autonomous_driving/src/behavior_planner_node.cpp:1[m[K:
[1.557s] [01m[K/usr/include/c++/11/initializer_list:90:5:[m[K [01;36m[Knote: [m[Kcandidate: â€˜[01m[Ktemplate<class _Tp> constexpr const _Tp* std::begin(std::initializer_list<_Tp>)[m[Kâ€™
[1.557s]    90 |     [01;36m[Kbegin[m[K(initializer_list<_Tp> __ils) noexcept
[1.557s]       |     [01;36m[K^~~~~[m[K
[1.557s] [01m[K/usr/include/c++/11/initializer_list:90:5:[m[K [01;36m[Knote: [m[K  template argument deduction/substitution failed:
[1.557s] [01m[K/home/seok/automotive_software_final/src/app/autonomous_driving/src/behavior_planner_node.cpp:58:31:[m[K [01;36m[Knote: [m[K  â€˜[01m[Kad_msgs::msg::MissionObject_<std::allocator<void> >[m[Kâ€™ is not derived from â€˜[01m[Kstd::initializer_list<_Tp>[m[Kâ€™
[1.557s]    58 |     for (const auto &object : [01;36m[Ki_mission_state_[m[K) { // Assuming i_mission_objects_ stores all mission objects
[1.557s]       |                               [01;36m[K^~~~~~~~~~~~~~~~[m[K
[1.557s] In file included from [01m[K/usr/include/c++/11/array:41[m[K,
[1.557s]                  from [01m[K/usr/include/c++/11/tuple:39[m[K,
[1.557s]                  from [01m[K/usr/include/c++/11/mutex:38[m[K,
[1.557s]                  from [01m[K/home/seok/automotive_software_final/src/app/autonomous_driving/include/behavior_planner_node.hpp:5[m[K,
[1.557s]                  from [01m[K/home/seok/automotive_software_final/src/app/autonomous_driving/src/behavior_planner_node.cpp:1[m[K:
[1.557s] [01m[K/usr/include/c++/11/bits/range_access.h:51:5:[m[K [01;36m[Knote: [m[Kcandidate: â€˜[01m[Ktemplate<class _Container> constexpr decltype (__cont.begin()) std::begin(_Container&)[m[Kâ€™
[1.557s]    51 |     [01;36m[Kbegin[m[K(_Container& __cont) -> decltype(__cont.begin())
[1.557s]       |     [01;36m[K^~~~~[m[K
[1.557s] [01m[K/usr/include/c++/11/bits/range_access.h:51:5:[m[K [01;36m[Knote: [m[K  template argument deduction/substitution failed:
[1.557s] /usr/include/c++/11/bits/range_access.h: In substitution of â€˜[01m[Ktemplate<class _Container> constexpr decltype (__cont.begin()) std::begin(_Container&) [with _Container = ad_msgs::msg::MissionObject_<std::allocator<void> >][m[Kâ€™:
[1.557s] [01m[K/home/seok/automotive_software_final/src/app/autonomous_driving/src/behavior_planner_node.cpp:58:31:[m[K   required from here
[1.557s] [01m[K/usr/include/c++/11/bits/range_access.h:51:50:[m[K [01;31m[Kerror: [m[Kâ€˜[01m[Kstruct ad_msgs::msg::MissionObject_<std::allocator<void> >[m[Kâ€™ has no member named â€˜[01m[Kbegin[m[Kâ€™
[1.557s]    51 |     begin(_Container& __cont) -> decltype([01;31m[K__cont.begin[m[K())
[1.557s]       |                                           [01;31m[K~~~~~~~^~~~~[m[K
[1.557s] [01m[K/usr/include/c++/11/bits/range_access.h:61:5:[m[K [01;36m[Knote: [m[Kcandidate: â€˜[01m[Ktemplate<class _Container> constexpr decltype (__cont.begin()) std::begin(const _Container&)[m[Kâ€™
[1.557s]    61 |     [01;36m[Kbegin[m[K(const _Container& __cont) -> decltype(__cont.begin())
[1.557s]       |     [01;36m[K^~~~~[m[K
[1.557s] [01m[K/usr/include/c++/11/bits/range_access.h:61:5:[m[K [01;36m[Knote: [m[K  template argument deduction/substitution failed:
[1.558s] /usr/include/c++/11/bits/range_access.h: In substitution of â€˜[01m[Ktemplate<class _Container> constexpr decltype (__cont.begin()) std::begin(const _Container&) [with _Container = ad_msgs::msg::MissionObject_<std::allocator<void> >][m[Kâ€™:
[1.558s] [01m[K/home/seok/automotive_software_final/src/app/autonomous_driving/src/behavior_planner_node.cpp:58:31:[m[K   required from here
[1.558s] [01m[K/usr/include/c++/11/bits/range_access.h:61:56:[m[K [01;31m[Kerror: [m[Kâ€˜[01m[Kconst struct ad_msgs::msg::MissionObject_<std::allocator<void> >[m[Kâ€™ has no member named â€˜[01m[Kbegin[m[Kâ€™
[1.558s]    61 |     begin(const _Container& __cont) -> decltype([01;31m[K__cont.begin[m[K())
[1.558s]       |                                                 [01;31m[K~~~~~~~^~~~~[m[K
[1.558s] [01m[K/usr/include/c++/11/bits/range_access.h:90:5:[m[K [01;36m[Knote: [m[Kcandidate: â€˜[01m[Ktemplate<class _Tp, long unsigned int _Nm> constexpr _Tp* std::begin(_Tp (&)[_Nm])[m[Kâ€™
[1.558s]    90 |     [01;36m[Kbegin[m[K(_Tp (&__arr)[_Nm]) noexcept
[1.558s]       |     [01;36m[K^~~~~[m[K
[1.558s] [01m[K/usr/include/c++/11/bits/range_access.h:90:5:[m[K [01;36m[Knote: [m[K  template argument deduction/substitution failed:
[1.558s] [01m[K/home/seok/automotive_software_final/src/app/autonomous_driving/src/behavior_planner_node.cpp:58:31:[m[K [01;36m[Knote: [m[K  mismatched types â€˜[01m[K_Tp [_Nm][m[Kâ€™ and â€˜[01m[Kad_msgs::msg::MissionObject_<std::allocator<void> >[m[Kâ€™
[1.558s]    58 |     for (const auto &object : [01;36m[Ki_mission_state_[m[K) { // Assuming i_mission_objects_ stores all mission objects
[1.558s]       |                               [01;36m[K^~~~~~~~~~~~~~~~[m[K
[1.558s] In file included from [01m[K/usr/include/c++/11/array:41[m[K,
[1.558s]                  from [01m[K/usr/include/c++/11/tuple:39[m[K,
[1.558s]                  from [01m[K/usr/include/c++/11/mutex:38[m[K,
[1.558s]                  from [01m[K/home/seok/automotive_software_final/src/app/autonomous_driving/include/behavior_planner_node.hpp:5[m[K,
[1.558s]                  from [01m[K/home/seok/automotive_software_final/src/app/autonomous_driving/src/behavior_planner_node.cpp:1[m[K:
[1.558s] [01m[K/usr/include/c++/11/bits/range_access.h:107:31:[m[K [01;36m[Knote: [m[Kcandidate: â€˜[01m[Ktemplate<class _Tp> _Tp* std::begin(std::valarray<_Tp>&)[m[Kâ€™
[1.558s]   107 |   template<typename _Tp> _Tp* [01;36m[Kbegin[m[K(valarray<_Tp>&) noexcept;
[1.558s]       |                               [01;36m[K^~~~~[m[K
[1.558s] [01m[K/usr/include/c++/11/bits/range_access.h:107:31:[m[K [01;36m[Knote: [m[K  template argument deduction/substitution failed:
[1.558s] [01m[K/home/seok/automotive_software_final/src/app/autonomous_driving/src/behavior_planner_node.cpp:58:31:[m[K [01;36m[Knote: [m[K  â€˜[01m[Kad_msgs::msg::MissionObject_<std::allocator<void> >[m[Kâ€™ is not derived from â€˜[01m[Kstd::valarray<_Tp>[m[Kâ€™
[1.558s]    58 |     for (const auto &object : [01;36m[Ki_mission_state_[m[K) { // Assuming i_mission_objects_ stores all mission objects
[1.558s]       |                               [01;36m[K^~~~~~~~~~~~~~~~[m[K
[1.558s] In file included from [01m[K/usr/include/c++/11/array:41[m[K,
[1.558s]                  from [01m[K/usr/include/c++/11/tuple:39[m[K,
[1.558s]                  from [01m[K/usr/include/c++/11/mutex:38[m[K,
[1.558s]                  from [01m[K/home/seok/automotive_software_final/src/app/autonomous_driving/include/behavior_planner_node.hpp:5[m[K,
[1.558s]                  from [01m[K/home/seok/automotive_software_final/src/app/autonomous_driving/src/behavior_planner_node.cpp:1[m[K:
[1.558s] [01m[K/usr/include/c++/11/bits/range_access.h:108:37:[m[K [01;36m[Knote: [m[Kcandidate: â€˜[01m[Ktemplate<class _Tp> const _Tp* std::begin(const std::valarray<_Tp>&)[m[Kâ€™
[1.558s]   108 |   template<typename _Tp> const _Tp* [01;36m[Kbegin[m[K(const valarray<_Tp>&) noexcept;
[1.558s]       |                                     [01;36m[K^~~~~[m[K
[1.558s] [01m[K/usr/include/c++/11/bits/range_access.h:108:37:[m[K [01;36m[Knote: [m[K  template argument deduction/substitution failed:
[1.558s] [01m[K/home/seok/automotive_software_final/src/app/autonomous_driving/src/behavior_planner_node.cpp:58:31:[m[K [01;36m[Knote: [m[K  â€˜[01m[Kad_msgs::msg::MissionObject_<std::allocator<void> >[m[Kâ€™ is not derived from â€˜[01m[Kconst std::valarray<_Tp>[m[Kâ€™
[1.558s]    58 |     for (const auto &object : [01;36m[Ki_mission_state_[m[K) { // Assuming i_mission_objects_ stores all mission objects
[1.558s]       |                               [01;36m[K^~~~~~~~~~~~~~~~[m[K
[1.558s] [01m[K/home/seok/automotive_software_final/src/app/autonomous_driving/src/behavior_planner_node.cpp:58:31:[m[K [01;31m[Kerror: [m[Kno matching function for call to â€˜[01m[Kend(ad_msgs::msg::MissionObject_<std::allocator<void> >&)[m[Kâ€™
[1.558s] In file included from [01m[K/usr/include/c++/11/utility:76[m[K,
[1.558s]                  from [01m[K/usr/include/c++/11/tuple:38[m[K,
[1.559s]                  from [01m[K/usr/include/c++/11/mutex:38[m[K,
[1.559s]                  from [01m[K/home/seok/automotive_software_final/src/app/autonomous_driving/include/behavior_planner_node.hpp:5[m[K,
[1.559s]                  from [01m[K/home/seok/automotive_software_final/src/app/autonomous_driving/src/behavior_planner_node.cpp:1[m[K:
[1.559s] [01m[K/usr/include/c++/11/initializer_list:101:5:[m[K [01;36m[Knote: [m[Kcandidate: â€˜[01m[Ktemplate<class _Tp> constexpr const _Tp* std::end(std::initializer_list<_Tp>)[m[Kâ€™
[1.559s]   101 |     [01;36m[Kend[m[K(initializer_list<_Tp> __ils) noexcept
[1.559s]       |     [01;36m[K^~~[m[K
[1.559s] [01m[K/usr/include/c++/11/initializer_list:101:5:[m[K [01;36m[Knote: [m[K  template argument deduction/substitution failed:
[1.559s] [01m[K/home/seok/automotive_software_final/src/app/autonomous_driving/src/behavior_planner_node.cpp:58:31:[m[K [01;36m[Knote: [m[K  â€˜[01m[Kad_msgs::msg::MissionObject_<std::allocator<void> >[m[Kâ€™ is not derived from â€˜[01m[Kstd::initializer_list<_Tp>[m[Kâ€™
[1.559s]    58 |     for (const auto &object : [01;36m[Ki_mission_state_[m[K) { // Assuming i_mission_objects_ stores all mission objects
[1.559s]       |                               [01;36m[K^~~~~~~~~~~~~~~~[m[K
[1.559s] In file included from [01m[K/usr/include/c++/11/array:41[m[K,
[1.559s]                  from [01m[K/usr/include/c++/11/tuple:39[m[K,
[1.559s]                  from [01m[K/usr/include/c++/11/mutex:38[m[K,
[1.559s]                  from [01m[K/home/seok/automotive_software_final/src/app/autonomous_driving/include/behavior_planner_node.hpp:5[m[K,
[1.559s]                  from [01m[K/home/seok/automotive_software_final/src/app/autonomous_driving/src/behavior_planner_node.cpp:1[m[K:
[1.559s] [01m[K/usr/include/c++/11/bits/range_access.h:71:5:[m[K [01;36m[Knote: [m[Kcandidate: â€˜[01m[Ktemplate<class _Container> constexpr decltype (__cont.end()) std::end(_Container&)[m[Kâ€™
[1.559s]    71 |     [01;36m[Kend[m[K(_Container& __cont) -> decltype(__cont.end())
[1.559s]       |     [01;36m[K^~~[m[K
[1.559s] [01m[K/usr/include/c++/11/bits/range_access.h:71:5:[m[K [01;36m[Knote: [m[K  template argument deduction/substitution failed:
[1.559s] /usr/include/c++/11/bits/range_access.h: In substitution of â€˜[01m[Ktemplate<class _Container> constexpr decltype (__cont.end()) std::end(_Container&) [with _Container = ad_msgs::msg::MissionObject_<std::allocator<void> >][m[Kâ€™:
[1.559s] [01m[K/home/seok/automotive_software_final/src/app/autonomous_driving/src/behavior_planner_node.cpp:58:31:[m[K   required from here
[1.559s] [01m[K/usr/include/c++/11/bits/range_access.h:71:48:[m[K [01;31m[Kerror: [m[Kâ€˜[01m[Kstruct ad_msgs::msg::MissionObject_<std::allocator<void> >[m[Kâ€™ has no member named â€˜[01m[Kend[m[Kâ€™
[1.559s]    71 |     end(_Container& __cont) -> decltype([01;31m[K__cont.end[m[K())
[1.559s]       |                                         [01;31m[K~~~~~~~^~~[m[K
[1.559s] [01m[K/usr/include/c++/11/bits/range_access.h:81:5:[m[K [01;36m[Knote: [m[Kcandidate: â€˜[01m[Ktemplate<class _Container> constexpr decltype (__cont.end()) std::end(const _Container&)[m[Kâ€™
[1.559s]    81 |     [01;36m[Kend[m[K(const _Container& __cont) -> decltype(__cont.end())
[1.559s]       |     [01;36m[K^~~[m[K
[1.559s] [01m[K/usr/include/c++/11/bits/range_access.h:81:5:[m[K [01;36m[Knote: [m[K  template argument deduction/substitution failed:
[1.559s] /usr/include/c++/11/bits/range_access.h: In substitution of â€˜[01m[Ktemplate<class _Container> constexpr decltype (__cont.end()) std::end(const _Container&) [with _Container = ad_msgs::msg::MissionObject_<std::allocator<void> >][m[Kâ€™:
[1.559s] [01m[K/home/seok/automotive_software_final/src/app/autonomous_driving/src/behavior_planner_node.cpp:58:31:[m[K   required from here
[1.559s] [01m[K/usr/include/c++/11/bits/range_access.h:81:54:[m[K [01;31m[Kerror: [m[Kâ€˜[01m[Kconst struct ad_msgs::msg::MissionObject_<std::allocator<void> >[m[Kâ€™ has no member named â€˜[01m[Kend[m[Kâ€™
[1.559s]    81 |     end(const _Container& __cont) -> decltype([01;31m[K__cont.end[m[K())
[1.559s]       |                                               [01;31m[K~~~~~~~^~~[m[K
[1.559s] [01m[K/usr/include/c++/11/bits/range_access.h:100:5:[m[K [01;36m[Knote: [m[Kcandidate: â€˜[01m[Ktemplate<class _Tp, long unsigned int _Nm> constexpr _Tp* std::end(_Tp (&)[_Nm])[m[Kâ€™
[1.559s]   100 |     [01;36m[Kend[m[K(_Tp (&__arr)[_Nm]) noexcept
[1.559s]       |     [01;36m[K^~~[m[K
[1.559s] [01m[K/usr/include/c++/11/bits/range_access.h:100:5:[m[K [01;36m[Knote: [m[K  template argument deduction/substitution failed:
[1.559s] [01m[K/home/seok/automotive_software_final/src/app/autonomous_driving/src/behavior_planner_node.cpp:58:31:[m[K [01;36m[Knote: [m[K  mismatched types â€˜[01m[K_Tp [_Nm][m[Kâ€™ and â€˜[01m[Kad_msgs::msg::MissionObject_<std::allocator<void> >[m[Kâ€™
[1.559s]    58 |     for (const auto &object : [01;36m[Ki_mission_state_[m[K) { // Assuming i_mission_objects_ stores all mission objects
[1.559s]       |                               [01;36m[K^~~~~~~~~~~~~~~~[m[K
[1.559s] In file included from [01m[K/usr/include/c++/11/array:41[m[K,
[1.560s]                  from [01m[K/usr/include/c++/11/tuple:39[m[K,
[1.560s]                  from [01m[K/usr/include/c++/11/mutex:38[m[K,
[1.560s]                  from [01m[K/home/seok/automotive_software_final/src/app/autonomous_driving/include/behavior_planner_node.hpp:5[m[K,
[1.560s]                  from [01m[K/home/seok/automotive_software_final/src/app/autonomous_driving/src/behavior_planner_node.cpp:1[m[K:
[1.560s] [01m[K/usr/include/c++/11/bits/range_access.h:109:31:[m[K [01;36m[Knote: [m[Kcandidate: â€˜[01m[Ktemplate<class _Tp> _Tp* std::end(std::valarray<_Tp>&)[m[Kâ€™
[1.560s]   109 |   template<typename _Tp> _Tp* [01;36m[Kend[m[K(valarray<_Tp>&) noexcept;
[1.560s]       |                               [01;36m[K^~~[m[K
[1.560s] [01m[K/usr/include/c++/11/bits/range_access.h:109:31:[m[K [01;36m[Knote: [m[K  template argument deduction/substitution failed:
[1.560s] [01m[K/home/seok/automotive_software_final/src/app/autonomous_driving/src/behavior_planner_node.cpp:58:31:[m[K [01;36m[Knote: [m[K  â€˜[01m[Kad_msgs::msg::MissionObject_<std::allocator<void> >[m[Kâ€™ is not derived from â€˜[01m[Kstd::valarray<_Tp>[m[Kâ€™
[1.560s]    58 |     for (const auto &object : [01;36m[Ki_mission_state_[m[K) { // Assuming i_mission_objects_ stores all mission objects
[1.560s]       |                               [01;36m[K^~~~~~~~~~~~~~~~[m[K
[1.560s] In file included from [01m[K/usr/include/c++/11/array:41[m[K,
[1.560s]                  from [01m[K/usr/include/c++/11/tuple:39[m[K,
[1.560s]                  from [01m[K/usr/include/c++/11/mutex:38[m[K,
[1.560s]                  from [01m[K/home/seok/automotive_software_final/src/app/autonomous_driving/include/behavior_planner_node.hpp:5[m[K,
[1.560s]                  from [01m[K/home/seok/automotive_software_final/src/app/autonomous_driving/src/behavior_planner_node.cpp:1[m[K:
[1.560s] [01m[K/usr/include/c++/11/bits/range_access.h:110:37:[m[K [01;36m[Knote: [m[Kcandidate: â€˜[01m[Ktemplate<class _Tp> const _Tp* std::end(const std::valarray<_Tp>&)[m[Kâ€™
[1.560s]   110 |   template<typename _Tp> const _Tp* [01;36m[Kend[m[K(const valarray<_Tp>&) noexcept;
[1.560s]       |                                     [01;36m[K^~~[m[K
[1.560s] [01m[K/usr/include/c++/11/bits/range_access.h:110:37:[m[K [01;36m[Knote: [m[K  template argument deduction/substitution failed:
[1.560s] [01m[K/home/seok/automotive_software_final/src/app/autonomous_driving/src/behavior_planner_node.cpp:58:31:[m[K [01;36m[Knote: [m[K  â€˜[01m[Kad_msgs::msg::MissionObject_<std::allocator<void> >[m[Kâ€™ is not derived from â€˜[01m[Kconst std::valarray<_Tp>[m[Kâ€™
[1.560s]    58 |     for (const auto &object : [01;36m[Ki_mission_state_[m[K) { // Assuming i_mission_objects_ stores all mission objects
[1.560s]       |                               [01;36m[K^~~~~~~~~~~~~~~~[m[K
[2.176s] In file included from [01m[K/usr/include/x86_64-linux-gnu/c++/11/bits/c++allocator.h:33[m[K,
[2.176s]                  from [01m[K/usr/include/c++/11/bits/allocator.h:46[m[K,
[2.176s]                  from [01m[K/usr/include/c++/11/string:41[m[K,
[2.176s]                  from [01m[K/usr/include/c++/11/stdexcept:39[m[K,
[2.176s]                  from [01m[K/usr/include/c++/11/system_error:41[m[K,
[2.176s]                  from [01m[K/usr/include/c++/11/mutex:42[m[K,
[2.176s]                  from [01m[K/home/seok/automotive_software_final/src/app/autonomous_driving/include/behavior_planner_node.hpp:5[m[K,
[2.176s]                  from [01m[K/home/seok/automotive_software_final/src/app/autonomous_driving/src/behavior_planner_node.cpp:1[m[K:
[2.176s] /usr/include/c++/11/ext/new_allocator.h: In instantiation of â€˜[01m[Kvoid __gnu_cxx::new_allocator<_Tp>::construct(_Up*, _Args&& ...) [with _Up = BehaviorPlannerNode; _Args = {std::__cxx11::basic_string<char, std::char_traits<char>, std::allocator<char> >&}; _Tp = BehaviorPlannerNode][m[Kâ€™:
[2.176s] [01m[K/usr/include/c++/11/bits/alloc_traits.h:516:17:[m[K   required from â€˜[01m[Kstatic void std::allocator_traits<std::allocator<_CharT> >::construct(std::allocator_traits<std::allocator<_CharT> >::allocator_type&, _Up*, _Args&& ...) [with _Up = BehaviorPlannerNode; _Args = {std::__cxx11::basic_string<char, std::char_traits<char>, std::allocator<char> >&}; _Tp = BehaviorPlannerNode; std::allocator_traits<std::allocator<_CharT> >::allocator_type = std::allocator<BehaviorPlannerNode>][m[Kâ€™
[2.176s] [01m[K/usr/include/c++/11/bits/shared_ptr_base.h:519:39:[m[K   required from â€˜[01m[Kstd::_Sp_counted_ptr_inplace<_Tp, _Alloc, _Lp>::_Sp_counted_ptr_inplace(_Alloc, _Args&& ...) [with _Args = {std::__cxx11::basic_string<char, std::char_traits<char>, std::allocator<char> >&}; _Tp = BehaviorPlannerNode; _Alloc = std::allocator<BehaviorPlannerNode>; __gnu_cxx::_Lock_policy _Lp = __gnu_cxx::_S_atomic][m[Kâ€™
[2.176s] [01m[K/usr/include/c++/11/bits/shared_ptr_base.h:650:16:[m[K   required from â€˜[01m[Kstd::__shared_count<_Lp>::__shared_count(_Tp*&, std::_Sp_alloc_shared_tag<_Alloc>, _Args&& ...) [with _Tp = BehaviorPlannerNode; _Alloc = std::allocator<BehaviorPlannerNode>; _Args = {std::__cxx11::basic_string<char, std::char_traits<char>, std::allocator<char> >&}; __gnu_cxx::_Lock_policy _Lp = __gnu_cxx::_S_atomic][m[Kâ€™
[2.176s] [01m[K/usr/include/c++/11/bits/shared_ptr_base.h:1342:14:[m[K   required from â€˜[01m[Kstd::__shared_ptr<_Tp, _Lp>::__shared_ptr(std::_Sp_alloc_shared_tag<_Tp>, _Args&& ...) [with _Alloc = std::allocator<BehaviorPlannerNode>; _Args = {std::__cxx11::basic_string<char, std::char_traits<char>, std::allocator<char> >&}; _Tp = BehaviorPlannerNode; __gnu_cxx::_Lock_policy _Lp = __gnu_cxx::_S_atomic][m[Kâ€™
[2.176s] [01m[K/usr/include/c++/11/bits/shared_ptr.h:409:59:[m[K   required from â€˜[01m[Kstd::shared_ptr<_Tp>::shared_ptr(std::_Sp_alloc_shared_tag<_Tp>, _Args&& ...) [with _Alloc = std::allocator<BehaviorPlannerNode>; _Args = {std::__cxx11::basic_string<char, std::char_traits<char>, std::allocator<char> >&}; _Tp = BehaviorPlannerNode][m[Kâ€™
[2.176s] [01m[K/usr/include/c++/11/bits/shared_ptr.h:862:14:[m[K   required from â€˜[01m[Kstd::shared_ptr<_Tp> std::allocate_shared(const _Alloc&, _Args&& ...) [with _Tp = BehaviorPlannerNode; _Alloc = std::allocator<BehaviorPlannerNode>; _Args = {std::__cxx11::basic_string<char, std::char_traits<char>, std::allocator<char> >&}][m[Kâ€™
[2.176s] [01m[K/usr/include/c++/11/bits/shared_ptr.h:878:39:[m[K   required from â€˜[01m[Kstd::shared_ptr<_Tp> std::make_shared(_Args&& ...) [with _Tp = BehaviorPlannerNode; _Args = {std::__cxx11::basic_string<char, std::char_traits<char>, std::allocator<char> >&}][m[Kâ€™
[2.176s] [01m[K/home/seok/automotive_software_final/src/app/autonomous_driving/src/behavior_planner_node.cpp:98:55:[m[K   required from here
[2.176s] [01m[K/usr/include/c++/11/ext/new_allocator.h:162:11:[m[K [01;31m[Kerror: [m[Kno matching function for call to â€˜[01m[KBehaviorPlannerNode::BehaviorPlannerNode(std::__cxx11::basic_string<char>&)[m[Kâ€™
[2.176s]   162 |         { [01;31m[K::new((void *)__p) _Up(std::forward<_Args>(__args)...)[m[K; }
[2.176s]       |           [01;31m[K^~~~~~~~~~~~~~~~~~~~~~~~~~~~~~~~~~~~~~~~~~~~~~~~~~~~~~[m[K
[2.176s] [01m[K/home/seok/automotive_software_final/src/app/autonomous_driving/src/behavior_planner_node.cpp:5:1:[m[K [01;36m[Knote: [m[Kcandidate: â€˜[01m[KBehaviorPlannerNode::BehaviorPlannerNode(const string&, const double&, const rclcpp::NodeOptions&)[m[Kâ€™
[2.176s]     5 | [01;36m[KBehaviorPlannerNode[m[K::BehaviorPlannerNode(const std::string& node_name, const double& loop_rate,
[2.176s]       | [01;36m[K^~~~~~~~~~~~~~~~~~~[m[K
[2.176s] [01m[K/home/seok/automotive_software_final/src/app/autonomous_driving/src/behavior_planner_node.cpp:5:1:[m[K [01;36m[Knote: [m[K  candidate expects 3 arguments, 1 provided
[3.590s] gmake[2]: *** [CMakeFiles/behavior_planner_node.dir/build.make:76: CMakeFiles/behavior_planner_node.dir/src/behavior_planner_node.cpp.o] Error 1
[3.590s] gmake[1]: *** [CMakeFiles/Makefile2:193: CMakeFiles/behavior_planner_node.dir/all] Error 2
[3.590s] gmake: *** [Makefile:146: all] Error 2
[3.592s] Invoked command in '/home/seok/automotive_software_final/build/autonomous_driving' returned '2': CMAKE_PREFIX_PATH=/home/seok/automotive_software_final/install/ad_msgs:/home/seok/automotive_software_final/install/simulator:/home/seok/automotive_software_final/install/mission_manager:/home/seok/automotive_software_final/install/evaluation:/home/seok/automotive_software_final/install/autonomous_driving:/opt/ros/humble /usr/bin/cmake --build /home/seok/automotive_software_final/build/autonomous_driving -- -j28 -l28
