[35m[1mConsolidate compiler generated dependencies of target trajectory_planner_node[0m
[35m[1mConsolidate compiler generated dependencies of target autonomous_driving_node[0m
[ 25%] Built target driving_way_node
[ 50%] Built target behavior_planner_node
[ 62%] [32mBuilding CXX object CMakeFiles/trajectory_planner_node.dir/src/trajectory_planner_node.cpp.o[0m
[ 87%] Built target autonomous_driving_node
[01m[K/home/seok/automotive_software_final/src/app/autonomous_driving/src/trajectory_planner_node.cpp:[m[K In constructor â€˜[01m[KTrajectoryNode::TrajectoryNode(const string&, const double&, const rclcpp::NodeOptions&)[m[Kâ€™:
[01m[K/home/seok/automotive_software_final/src/app/autonomous_driving/src/trajectory_planner_node.cpp:3:76:[m[K [01;35m[Kwarning: [m[Kunused parameter â€˜[01m[Kloop_rate[m[Kâ€™ [[01;35m[K]8;;https://gcc.gnu.org/onlinedocs/gcc/Warning-Options.html#index-Wunused-parameter-Wunused-parameter]8;;[m[K]
    3 | TrajectoryNode::TrajectoryNode(const std::string &node_name, [01;35m[Kconst double &loop_rate[m[K, const rclcpp::NodeOptions & options)
      |                                                              [01;35m[K~~~~~~~~~~~~~~^~~~~~~~~[m[K
[01m[K/home/seok/automotive_software_final/src/app/autonomous_driving/src/trajectory_planner_node.cpp:[m[K In function â€˜[01m[Kint main(int, char**)[m[Kâ€™:
[01m[K/home/seok/automotive_software_final/src/app/autonomous_driving/src/trajectory_planner_node.cpp:88:14:[m[K [01;31m[Kerror: [m[Kâ€˜[01m[Kvoid TrajectoryNode::Run()[m[Kâ€™ is private within this context
   88 |     [01;31m[Knode->Run()[m[K;
      |     [01;31m[K~~~~~~~~~^~[m[K
[01m[K/home/seok/automotive_software_final/src/app/autonomous_driving/src/trajectory_planner_node.cpp:21:6:[m[K [01;36m[Knote: [m[Kdeclared private here
   21 | void [01;36m[KTrajectoryNode[m[K::Run() {
      |      [01;36m[K^~~~~~~~~~~~~~[m[K
gmake[2]: *** [CMakeFiles/trajectory_planner_node.dir/build.make:76: CMakeFiles/trajectory_planner_node.dir/src/trajectory_planner_node.cpp.o] Error 1
gmake[1]: *** [CMakeFiles/Makefile2:221: CMakeFiles/trajectory_planner_node.dir/all] Error 2
gmake: *** [Makefile:146: all] Error 2
