[0.141s] Invoking command in '/home/seok/automotive_software_final/build/autonomous_driving': CMAKE_PREFIX_PATH=/home/seok/automotive_software_final/install/ad_msgs:/home/seok/automotive_software_final/install/simulator:/home/seok/automotive_software_final/install/mission_manager:/home/seok/automotive_software_final/install/evaluation:/home/seok/automotive_software_final/install/autonomous_driving:/opt/ros/humble /usr/bin/cmake --build /home/seok/automotive_software_final/build/autonomous_driving -- -j8 -l8
[0.476s] [ 50%] [32mBuilding CXX object CMakeFiles/autonomous_driving.dir/src/autonomous_driving_node.cpp.o[0m
[1.390s] In file included from [01m[K/home/seok/automotive_software_final/src/app/autonomous_driving/src/autonomous_driving_node.cpp:17[m[K:
[1.390s] [01m[K/home/seok/automotive_software_final/src/app/autonomous_driving/include/autonomous_driving_node.hpp:38:10:[m[K [01;31m[Kfatal error: [m[Kad_msgs/msg/vehicle_input.hpp: No such file or directory
[1.391s]    38 | #include [01;31m[K<ad_msgs/msg/vehicle_input.hpp>[m[K
[1.391s]       |          [01;31m[K^~~~~~~~~~~~~~~~~~~~~~~~~~~~~~~[m[K
[1.391s] compilation terminated.
[1.396s] gmake[2]: *** [CMakeFiles/autonomous_driving.dir/build.make:76: CMakeFiles/autonomous_driving.dir/src/autonomous_driving_node.cpp.o] Error 1
[1.396s] gmake[1]: *** [CMakeFiles/Makefile2:137: CMakeFiles/autonomous_driving.dir/all] Error 2
[1.396s] gmake: *** [Makefile:146: all] Error 2
[1.401s] Invoked command in '/home/seok/automotive_software_final/build/autonomous_driving' returned '2': CMAKE_PREFIX_PATH=/home/seok/automotive_software_final/install/ad_msgs:/home/seok/automotive_software_final/install/simulator:/home/seok/automotive_software_final/install/mission_manager:/home/seok/automotive_software_final/install/evaluation:/home/seok/automotive_software_final/install/autonomous_driving:/opt/ros/humble /usr/bin/cmake --build /home/seok/automotive_software_final/build/autonomous_driving -- -j8 -l8
