[0.047s] Invoking command in '/home/seok/automotive_software_final/build/autonomous_driving': CMAKE_PREFIX_PATH=/home/seok/automotive_software_final/install/ad_msgs:/home/seok/automotive_software_final/install/simulator:/home/seok/automotive_software_final/install/mission_manager:/home/seok/automotive_software_final/install/evaluation:/home/seok/automotive_software_final/install/autonomous_driving:/opt/ros/humble /usr/bin/cmake --build /home/seok/automotive_software_final/build/autonomous_driving -- -j28 -l28
[0.071s] -- Found ament_cmake: 1.3.10 (/opt/ros/humble/share/ament_cmake/cmake)
[0.195s] -- Found rclcpp: 16.0.10 (/opt/ros/humble/share/rclcpp/cmake)
[0.354s] -- Found rosidl_generator_c: 3.1.5 (/opt/ros/humble/share/rosidl_generator_c/cmake)
[0.358s] -- Found rosidl_adapter: 3.1.5 (/opt/ros/humble/share/rosidl_adapter/cmake)
[0.367s] -- Found rosidl_generator_cpp: 3.1.5 (/opt/ros/humble/share/rosidl_generator_cpp/cmake)
[0.380s] -- Using all available rosidl_typesupport_c: rosidl_typesupport_fastrtps_c;rosidl_typesupport_introspection_c
[0.396s] -- Using all available rosidl_typesupport_cpp: rosidl_typesupport_fastrtps_cpp;rosidl_typesupport_introspection_cpp
[0.440s] -- Found rmw_implementation_cmake: 6.1.2 (/opt/ros/humble/share/rmw_implementation_cmake/cmake)
[0.443s] -- Found rmw_fastrtps_cpp: 6.2.7 (/opt/ros/humble/share/rmw_fastrtps_cpp/cmake)
[3.928s] -- Using RMW implementation 'rmw_fastrtps_cpp' as default
[3.989s] -- Found ad_msgs: 0.0.0 (/home/seok/automotive_software_final/install/ad_msgs/share/ad_msgs/cmake)
[4.072s] -- Found tf2: 0.25.8 (/opt/ros/humble/share/tf2/cmake)
[4.078s] -- Found tf2_ros: 0.25.8 (/opt/ros/humble/share/tf2_ros/cmake)
[4.217s] -- Configuring done
[4.241s] -- Generating done
[4.242s] -- Build files have been written to: /home/seok/automotive_software_final/build/autonomous_driving
[4.258s] [35m[1mConsolidate compiler generated dependencies of target behavior_planner_node[0m
[4.258s] [35m[1mConsolidate compiler generated dependencies of target driving_way_node[0m
[4.258s] [35m[1mConsolidate compiler generated dependencies of target autonomous_driving_node[0m
[4.259s] [35m[1mConsolidate compiler generated dependencies of target trajectory_planner_node[0m
[4.263s] [ 10%] [32mBuilding CXX object CMakeFiles/control_node.dir/src/control_node.cpp.o[0m
[4.269s] [ 30%] Built target driving_way_node
[4.269s] [ 40%] [32mBuilding CXX object CMakeFiles/behavior_planner_node.dir/src/behavior_planner_node.cpp.o[0m
[4.272s] [ 60%] Built target autonomous_driving_node
[4.274s] [ 80%] Built target trajectory_planner_node
[4.288s] In file included from [01m[K/home/seok/automotive_software_final/src/app/autonomous_driving/src/control_node.cpp:1[m[K:
[4.288s] [01m[K/home/seok/automotive_software_final/src/app/autonomous_driving/include/control_node.hpp:8:10:[m[K [01;31m[Kfatal error: [m[Krclcpp/rclcpp.hpp: No such file or directory
[4.288s]     8 | #include [01;31m[K<rclcpp/rclcpp.hpp>[m[K
[4.288s]       |          [01;31m[K^~~~~~~~~~~~~~~~~~~[m[K
[4.288s] compilation terminated.
[4.290s] gmake[2]: *** [CMakeFiles/control_node.dir/build.make:76: CMakeFiles/control_node.dir/src/control_node.cpp.o] Error 1
[4.290s] gmake[1]: *** [CMakeFiles/Makefile2:249: CMakeFiles/control_node.dir/all] Error 2
[4.290s] gmake[1]: *** Waiting for unfinished jobs....
[11.992s] [ 90%] [32m[1mLinking CXX executable behavior_planner_node[0m
[12.373s] [ 90%] Built target behavior_planner_node
[12.373s] gmake: *** [Makefile:146: all] Error 2
[12.375s] Invoked command in '/home/seok/automotive_software_final/build/autonomous_driving' returned '2': CMAKE_PREFIX_PATH=/home/seok/automotive_software_final/install/ad_msgs:/home/seok/automotive_software_final/install/simulator:/home/seok/automotive_software_final/install/mission_manager:/home/seok/automotive_software_final/install/evaluation:/home/seok/automotive_software_final/install/autonomous_driving:/opt/ros/humble /usr/bin/cmake --build /home/seok/automotive_software_final/build/autonomous_driving -- -j28 -l28
