[01m[K/home/seok/automotive_software_final/src/app/autonomous_driving/src/driving_way_node.cpp:[m[K In member function â€˜[01m[Kvoid DrivingWayNode::PublishDrivingWay(const rclcpp::Time&)[m[Kâ€™:
[01m[K/home/seok/automotive_software_final/src/app/autonomous_driving/src/driving_way_node.cpp:373:60:[m[K [01;35m[Kwarning: [m[Kunused parameter â€˜[01m[Kcurrent_time[m[Kâ€™ [[01;35m[K]8;;https://gcc.gnu.org/onlinedocs/gcc/Warning-Options.html#index-Wunused-parameter-Wunused-parameter]8;;[m[K]
  373 | void DrivingWayNode::PublishDrivingWay([01;35m[Kconst rclcpp::Time& current_time[m[K) {
      |                                        [01;35m[K~~~~~~~~~~~~~~~~~~~~^~~~~~~~~~~~[m[K
/usr/bin/ld: CMakeFiles/driving_way_node.dir/src/driving_way_node.cpp.o: in function `DrivingWayNode::regionQuery(std::vector<Point, std::allocator<Point> > const&, int, float)':
driving_way_node.cpp:(.text+0x13e4): undefined reference to `DrivingWayNode::distance(Point const&, Point const&)'
collect2: error: ld returned 1 exit status
gmake[2]: *** [CMakeFiles/driving_way_node.dir/build.make:199: driving_way_node] Error 1
gmake[1]: *** [CMakeFiles/Makefile2:165: CMakeFiles/driving_way_node.dir/all] Error 2
gmake: *** [Makefile:146: all] Error 2
