[0.044s] Invoking command in '/home/seok/automotive_software_final/build/autonomous_driving': CMAKE_PREFIX_PATH=/home/seok/automotive_software_final/install/ad_msgs:/home/seok/automotive_software_final/install/simulator:/home/seok/automotive_software_final/install/mission_manager:/home/seok/automotive_software_final/install/evaluation:/home/seok/automotive_software_final/install/autonomous_driving:/opt/ros/humble /usr/bin/cmake --build /home/seok/automotive_software_final/build/autonomous_driving -- -j28 -l28
[0.075s] [35m[1mConsolidate compiler generated dependencies of target autonomous_driving_node[0m
[0.075s] [35m[1mConsolidate compiler generated dependencies of target driving_way_node[0m
[0.089s] [ 25%] [32mBuilding CXX object CMakeFiles/driving_way_node.dir/src/driving_way_node.cpp.o[0m
[0.094s] [ 50%] [32mBuilding CXX object CMakeFiles/autonomous_driving_node.dir/src/autonomous_driving_node.cpp.o[0m
[2.100s] [01m[K/home/seok/automotive_software_final/src/app/autonomous_driving/src/driving_way_node.cpp:[m[K In member function â€˜[01m[Kstd::vector<int> DrivingWayNode::regionQuery(const std::vector<Point>&, int, float)[m[Kâ€™:
[2.100s] [01m[K/home/seok/automotive_software_final/src/app/autonomous_driving/src/driving_way_node.cpp:67:13:[m[K [01;31m[Kerror: [m[Kâ€˜[01m[Kdistance[m[Kâ€™ was not declared in this scope; did you mean â€˜[01m[Kstd::distance[m[Kâ€™?
[2.100s]    67 |         if ([01;31m[Kdistance[m[K(points[pointIdx], points[i]) <= epsilon) {
[2.100s]       |             [01;31m[K^~~~~~~~[m[K
[2.100s]       |             [32m[Kstd::distance[m[K
[2.100s] In file included from [01m[K/usr/include/c++/11/bits/stl_algobase.h:66[m[K,
[2.100s]                  from [01m[K/usr/include/c++/11/memory:63[m[K,
[2.100s]                  from [01m[K/home/seok/automotive_software_final/src/app/autonomous_driving/include/driving_way_node.hpp:5[m[K,
[2.100s]                  from [01m[K/home/seok/automotive_software_final/src/app/autonomous_driving/src/driving_way_node.cpp:1[m[K:
[2.101s] [01m[K/usr/include/c++/11/bits/stl_iterator_base_funcs.h:138:5:[m[K [01;36m[Knote: [m[Kâ€˜[01m[Kstd::distance[m[Kâ€™ declared here
[2.101s]   138 |     [01;36m[Kdistance[m[K(_InputIterator __first, _InputIterator __last)
[2.101s]       |     [01;36m[K^~~~~~~~[m[K
[2.103s] [01m[K/home/seok/automotive_software_final/src/app/autonomous_driving/src/driving_way_node.cpp:[m[K In member function â€˜[01m[Kvoid DrivingWayNode::process_lanes()[m[Kâ€™:
[2.103s] [01m[K/home/seok/automotive_software_final/src/app/autonomous_driving/src/driving_way_node.cpp:174:16:[m[K [01;31m[Kerror: [m[Kno matching function for call to â€˜[01m[KDrivingWayNode::applyRANSAC(ad_msgs::msg::LanePointData&, ad_msgs::msg::LanePointData&)[m[Kâ€™
[2.103s]   174 |     [01;31m[KapplyRANSAC(lane_point_LEFT, inliers_LEFT)[m[K;
[2.103s]       |     [01;31m[K~~~~~~~~~~~^~~~~~~~~~~~~~~~~~~~~~~~~~~~~~~[m[K
[2.103s] In file included from [01m[K/home/seok/automotive_software_final/src/app/autonomous_driving/src/driving_way_node.cpp:1[m[K:
[2.103s] [01m[K/home/seok/automotive_software_final/src/app/autonomous_driving/include/driving_way_node.hpp:64:10:[m[K [01;36m[Knote: [m[Kcandidate: â€˜[01m[Kvoid DrivingWayNode::applyRANSAC(ad_msgs::msg::LanePointData&, ad_msgs::msg::LanePointData&, int, double)[m[Kâ€™
[2.103s]    64 |     void [01;36m[KapplyRANSAC[m[K(ad_msgs::msg::LanePointData& lane_points, ad_msgs::msg::LanePointData& inliers,
[2.104s]       |          [01;36m[K^~~~~~~~~~~[m[K
[2.104s] [01m[K/home/seok/automotive_software_final/src/app/autonomous_driving/include/driving_way_node.hpp:64:10:[m[K [01;36m[Knote: [m[K  candidate expects 4 arguments, 2 provided
[2.104s] [01m[K/home/seok/automotive_software_final/src/app/autonomous_driving/src/driving_way_node.cpp:175:16:[m[K [01;31m[Kerror: [m[Kno matching function for call to â€˜[01m[KDrivingWayNode::applyRANSAC(ad_msgs::msg::LanePointData&, ad_msgs::msg::LanePointData&)[m[Kâ€™
[2.104s]   175 |     [01;31m[KapplyRANSAC(lane_point_RIGHT, inliers_RIGHT)[m[K;
[2.104s]       |     [01;31m[K~~~~~~~~~~~^~~~~~~~~~~~~~~~~~~~~~~~~~~~~~~~~[m[K
[2.104s] In file included from [01m[K/home/seok/automotive_software_final/src/app/autonomous_driving/src/driving_way_node.cpp:1[m[K:
[2.104s] [01m[K/home/seok/automotive_software_final/src/app/autonomous_driving/include/driving_way_node.hpp:64:10:[m[K [01;36m[Knote: [m[Kcandidate: â€˜[01m[Kvoid DrivingWayNode::applyRANSAC(ad_msgs::msg::LanePointData&, ad_msgs::msg::LanePointData&, int, double)[m[Kâ€™
[2.104s]    64 |     void [01;36m[KapplyRANSAC[m[K(ad_msgs::msg::LanePointData& lane_points, ad_msgs::msg::LanePointData& inliers,
[2.104s]       |          [01;36m[K^~~~~~~~~~~[m[K
[2.104s] [01m[K/home/seok/automotive_software_final/src/app/autonomous_driving/include/driving_way_node.hpp:64:10:[m[K [01;36m[Knote: [m[K  candidate expects 4 arguments, 2 provided
[2.180s] [01m[K/home/seok/automotive_software_final/src/app/autonomous_driving/src/driving_way_node.cpp:[m[K In member function â€˜[01m[Kvoid DrivingWayNode::PublishDrivingWay(const rclcpp::Time&)[m[Kâ€™:
[2.180s] [01m[K/home/seok/automotive_software_final/src/app/autonomous_driving/src/driving_way_node.cpp:369:60:[m[K [01;35m[Kwarning: [m[Kunused parameter â€˜[01m[Kcurrent_time[m[Kâ€™ [[01;35m[K]8;;https://gcc.gnu.org/onlinedocs/gcc/Warning-Options.html#index-Wunused-parameter-Wunused-parameter]8;;[m[K]
[2.180s]   369 | void DrivingWayNode::PublishDrivingWay([01;35m[Kconst rclcpp::Time& current_time[m[K) {
[2.180s]       |                                        [01;35m[K~~~~~~~~~~~~~~~~~~~~^~~~~~~~~~~~[m[K
[12.191s] [ 75%] [32m[1mLinking CXX executable autonomous_driving_node[0m
[12.867s] [ 75%] Built target autonomous_driving_node
[17.053s] gmake[2]: *** [CMakeFiles/driving_way_node.dir/build.make:76: CMakeFiles/driving_way_node.dir/src/driving_way_node.cpp.o] Error 1
[17.053s] gmake[1]: *** [CMakeFiles/Makefile2:165: CMakeFiles/driving_way_node.dir/all] Error 2
[17.054s] gmake: *** [Makefile:146: all] Error 2
[17.055s] Invoked command in '/home/seok/automotive_software_final/build/autonomous_driving' returned '2': CMAKE_PREFIX_PATH=/home/seok/automotive_software_final/install/ad_msgs:/home/seok/automotive_software_final/install/simulator:/home/seok/automotive_software_final/install/mission_manager:/home/seok/automotive_software_final/install/evaluation:/home/seok/automotive_software_final/install/autonomous_driving:/opt/ros/humble /usr/bin/cmake --build /home/seok/automotive_software_final/build/autonomous_driving -- -j28 -l28
