[35m[1mConsolidate compiler generated dependencies of target control_node[0m
[ 20%] Built target driving_way_node
[ 40%] Built target behavior_planner_node
[ 60%] Built target autonomous_driving_node
[ 80%] Built target trajectory_planner_node
[ 90%] [32mBuilding CXX object CMakeFiles/control_node.dir/src/control_node.cpp.o[0m
In file included from [01m[K/home/seok/automotive_software_final/src/app/autonomous_driving/src/control_node.cpp:1[m[K:
[01m[K/home/seok/automotive_software_final/src/app/autonomous_driving/include/control_node.hpp:19:1:[m[K [01;31m[Kerror: [m[Knew types may not be defined in a return type
   19 | [01;31m[Kclass[m[K ControlNode : public rclcpp::Node {
      | [01;31m[K^~~~~[m[K
[01m[K/home/seok/automotive_software_final/src/app/autonomous_driving/include/control_node.hpp:19:1:[m[K [01;36m[Knote: [m[K(perhaps a semicolon is missing after the definition of â€˜[01m[KControlNode[m[Kâ€™)
[01m[K/home/seok/automotive_software_final/src/app/autonomous_driving/include/control_node.hpp:19:1:[m[K [01;31m[Kerror: [m[Kreturn type specification for constructor invalid
gmake[2]: *** [CMakeFiles/control_node.dir/build.make:76: CMakeFiles/control_node.dir/src/control_node.cpp.o] Error 1
gmake[1]: *** [CMakeFiles/Makefile2:249: CMakeFiles/control_node.dir/all] Error 2
gmake: *** [Makefile:146: all] Error 2
