[0.046s] Invoking command in '/home/seok/automotive_software_final/build/autonomous_driving': CMAKE_PREFIX_PATH=/home/seok/automotive_software_final/install/ad_msgs:/home/seok/automotive_software_final/install/simulator:/home/seok/automotive_software_final/install/mission_manager:/home/seok/automotive_software_final/install/evaluation:/home/seok/automotive_software_final/install/autonomous_driving:/opt/ros/humble /usr/bin/cmake --build /home/seok/automotive_software_final/build/autonomous_driving -- -j28 -l28
[0.071s] [35m[1mConsolidate compiler generated dependencies of target control_node[0m
[0.081s] [ 20%] Built target driving_way_node
[0.081s] [ 40%] Built target behavior_planner_node
[0.082s] [ 60%] Built target autonomous_driving_node
[0.082s] [ 80%] Built target trajectory_planner_node
[0.083s] [ 90%] [32mBuilding CXX object CMakeFiles/control_node.dir/src/control_node.cpp.o[0m
[1.759s] In file included from [01m[K/home/seok/automotive_software_final/src/app/autonomous_driving/src/control_node.cpp:1[m[K:
[1.759s] [01m[K/home/seok/automotive_software_final/src/app/autonomous_driving/include/control_node.hpp:19:1:[m[K [01;31m[Kerror: [m[Knew types may not be defined in a return type
[1.759s]    19 | [01;31m[Kclass[m[K ControlNode : public rclcpp::Node {
[1.759s]       | [01;31m[K^~~~~[m[K
[1.759s] [01m[K/home/seok/automotive_software_final/src/app/autonomous_driving/include/control_node.hpp:19:1:[m[K [01;36m[Knote: [m[K(perhaps a semicolon is missing after the definition of â€˜[01m[KControlNode[m[Kâ€™)
[1.759s] [01m[K/home/seok/automotive_software_final/src/app/autonomous_driving/include/control_node.hpp:19:1:[m[K [01;31m[Kerror: [m[Kreturn type specification for constructor invalid
[5.773s] gmake[2]: *** [CMakeFiles/control_node.dir/build.make:76: CMakeFiles/control_node.dir/src/control_node.cpp.o] Error 1
[5.773s] gmake[1]: *** [CMakeFiles/Makefile2:249: CMakeFiles/control_node.dir/all] Error 2
[5.774s] gmake: *** [Makefile:146: all] Error 2
[5.776s] Invoked command in '/home/seok/automotive_software_final/build/autonomous_driving' returned '2': CMAKE_PREFIX_PATH=/home/seok/automotive_software_final/install/ad_msgs:/home/seok/automotive_software_final/install/simulator:/home/seok/automotive_software_final/install/mission_manager:/home/seok/automotive_software_final/install/evaluation:/home/seok/automotive_software_final/install/autonomous_driving:/opt/ros/humble /usr/bin/cmake --build /home/seok/automotive_software_final/build/autonomous_driving -- -j28 -l28
