[35m[1mConsolidate compiler generated dependencies of target control_node[0m
[ 40%] Built target behavior_planner_node
[ 40%] Built target driving_way_node
[ 50%] [32mBuilding CXX object CMakeFiles/control_node.dir/src/control_node.cpp.o[0m
[ 70%] Built target autonomous_driving_node
[ 90%] Built target trajectory_planner_node
In file included from [01m[K/home/seok/automotive_software_final/src/app/autonomous_driving/src/control_node.cpp:1[m[K:
[01m[K/home/seok/automotive_software_final/src/app/autonomous_driving/include/control_node.hpp:19:1:[m[K [01;31m[Kerror: [m[Knew types may not be defined in a return type
   19 | [01;31m[Kclass[m[K ControlNode : public rclcpp::Node {
      | [01;31m[K^~~~~[m[K
[01m[K/home/seok/automotive_software_final/src/app/autonomous_driving/include/control_node.hpp:19:1:[m[K [01;36m[Knote: [m[K(perhaps a semicolon is missing after the definition of ‚Äò[01m[KControlNode[m[K‚Äô)
[01m[K/home/seok/automotive_software_final/src/app/autonomous_driving/include/control_node.hpp:19:1:[m[K [01;31m[Kerror: [m[Kreturn type specification for constructor invalid
[01m[K/home/seok/automotive_software_final/src/app/autonomous_driving/src/control_node.cpp:[m[K In member function ‚Äò[01m[Kvoid ControlNode::Run()[m[K‚Äô:
[01m[K/home/seok/automotive_software_final/src/app/autonomous_driving/src/control_node.cpp:47:24:[m[K [01;31m[Kerror: [m[K‚Äò[01m[Kusing VehicleCommand = struct ad_msgs::msg::VehicleCommand_<std::allocator<void> >[m[K‚Äô {aka ‚Äò[01m[Kstruct ad_msgs::msg::VehicleCommand_<std::allocator<void> >[m[K‚Äô} has no member named ‚Äò[01m[Ksteering_angle[m[K‚Äô
   47 |     o_vehicle_command_.[01;31m[Ksteering_angle[m[K = 0.0;  // Ï°∞Ìñ•Í∞Å 0ÎèÑÎ°ú ÏßÅÏßÑ
      |                        [01;31m[K^~~~~~~~~~~~~~[m[K
[01m[K/home/seok/automotive_software_final/src/app/autonomous_driving/src/control_node.cpp:48:24:[m[K [01;31m[Kerror: [m[K‚Äò[01m[Kusing VehicleCommand = struct ad_msgs::msg::VehicleCommand_<std::allocator<void> >[m[K‚Äô {aka ‚Äò[01m[Kstruct ad_msgs::msg::VehicleCommand_<std::allocator<void> >[m[K‚Äô} has no member named ‚Äò[01m[Kvelocity[m[K‚Äô
   48 |     o_vehicle_command_.[01;31m[Kvelocity[m[K = i_ref_vel_.data;  // Î™©Ìëú ÏÜçÎèÑÎ•º Ï∞∏Ï°∞ ÏÜçÎèÑÎ°ú ÏÑ§Ï†ï
      |                        [01;31m[K^~~~~~~~[m[K
In file included from [01m[K/opt/ros/humble/include/rclcpp/rclcpp/logging.hpp:24[m[K,
                 from [01m[K/opt/ros/humble/include/rclcpp/rclcpp/client.hpp:40[m[K,
                 from [01m[K/opt/ros/humble/include/rclcpp/rclcpp/callback_group.hpp:24[m[K,
                 from [01m[K/opt/ros/humble/include/rclcpp/rclcpp/any_executable.hpp:20[m[K,
                 from [01m[K/opt/ros/humble/include/rclcpp/rclcpp/memory_strategy.hpp:25[m[K,
                 from [01m[K/opt/ros/humble/include/rclcpp/rclcpp/memory_strategies.hpp:18[m[K,
                 from [01m[K/opt/ros/humble/include/rclcpp/rclcpp/executor_options.hpp:20[m[K,
                 from [01m[K/opt/ros/humble/include/rclcpp/rclcpp/executor.hpp:37[m[K,
                 from [01m[K/opt/ros/humble/include/rclcpp/rclcpp/executors/multi_threaded_executor.hpp:25[m[K,
                 from [01m[K/opt/ros/humble/include/rclcpp/rclcpp/executors.hpp:21[m[K,
                 from [01m[K/opt/ros/humble/include/rclcpp/rclcpp/rclcpp.hpp:155[m[K,
                 from [01m[K/home/seok/automotive_software_final/src/app/autonomous_driving/include/control_node.hpp:8[m[K,
                 from [01m[K/home/seok/automotive_software_final/src/app/autonomous_driving/src/control_node.cpp:1[m[K:
[01m[K/home/seok/automotive_software_final/src/app/autonomous_driving/src/control_node.cpp:55:36:[m[K [01;31m[Kerror: [m[K‚Äò[01m[Kusing VehicleCommand = struct ad_msgs::msg::VehicleCommand_<std::allocator<void> >[m[K‚Äô {aka ‚Äò[01m[Kstruct ad_msgs::msg::VehicleCommand_<std::allocator<void> >[m[K‚Äô} has no member named ‚Äò[01m[Kvelocity[m[K‚Äô
   55 |                 o_vehicle_command_.[01;31m[Kvelocity[m[K, o_vehicle_command_.steering_angle);
      |                                    [01;31m[K^~~~~~~~[m[K
[01m[K/home/seok/automotive_software_final/src/app/autonomous_driving/src/control_node.cpp:55:65:[m[K [01;31m[Kerror: [m[K‚Äò[01m[Kusing VehicleCommand = struct ad_msgs::msg::VehicleCommand_<std::allocator<void> >[m[K‚Äô {aka ‚Äò[01m[Kstruct ad_msgs::msg::VehicleCommand_<std::allocator<void> >[m[K‚Äô} has no member named ‚Äò[01m[Ksteering_angle[m[K‚Äô
   55 |                 o_vehicle_command_.velocity, o_vehicle_command_.[01;31m[Ksteering_angle[m[K);
      |                                                                 [01;31m[K^~~~~~~~~~~~~~[m[K
gmake[2]: *** [CMakeFiles/control_node.dir/build.make:76: CMakeFiles/control_node.dir/src/control_node.cpp.o] Error 1
gmake[1]: *** [CMakeFiles/Makefile2:249: CMakeFiles/control_node.dir/all] Error 2
gmake: *** [Makefile:146: all] Error 2
