[0.063s] Invoking command in '/home/seok/automotive_software_final/build/autonomous_driving': CMAKE_PREFIX_PATH=/home/seok/automotive_software_final/install/ad_msgs:/home/seok/automotive_software_final/install/simulator:/home/seok/automotive_software_final/install/mission_manager:/home/seok/automotive_software_final/install/evaluation:/home/seok/automotive_software_final/install/autonomous_driving:/opt/ros/humble /usr/bin/cmake --build /home/seok/automotive_software_final/build/autonomous_driving -- -j28 -l28
[0.087s] [35m[1mConsolidate compiler generated dependencies of target trajectory_planner_node[0m
[0.090s] [ 25%] Built target behavior_planner_node
[0.091s] [ 50%] Built target driving_way_node
[0.093s] [ 75%] Built target autonomous_driving_node
[0.097s] [ 87%] [32mBuilding CXX object CMakeFiles/trajectory_planner_node.dir/src/trajectory_planner_node.cpp.o[0m
[1.419s] In file included from [01m[K/home/seok/automotive_software_final/src/app/autonomous_driving/src/trajectory_planner_node.cpp:1[m[K:
[1.419s] [01m[K/home/seok/automotive_software_final/src/app/autonomous_driving/include/trajectory_planner_node.hpp:[m[K In member function â€˜[01m[Kbool State::operator==(const State&) const[m[Kâ€™:
[1.419s] [01m[K/home/seok/automotive_software_final/src/app/autonomous_driving/include/trajectory_planner_node.hpp:39:41:[m[K [01;31m[Kerror: [m[Kâ€˜[01m[Kconst struct State[m[Kâ€™ has no member named â€˜[01m[Kkappe[m[Kâ€™; did you mean â€˜[01m[Kkappa[m[Kâ€™?
[1.419s]    39 |                 std::fabs(kappa - other.[01;31m[Kkappe[m[K) < 1e-4;
[1.419s]       |                                         [01;31m[K^~~~~[m[K
[1.419s]       |                                         [32m[Kkappa[m[K
[1.464s] [01m[K/home/seok/automotive_software_final/src/app/autonomous_driving/src/trajectory_planner_node.cpp:[m[K At global scope:
[1.464s] [01m[K/home/seok/automotive_software_final/src/app/autonomous_driving/src/trajectory_planner_node.cpp:3:60:[m[K [01;31m[Kerror: [m[Kexpected â€˜[01m[K,[m[Kâ€™ or â€˜[01m[K...[m[Kâ€™ before â€˜[01m[K.[m[Kâ€™ token
[1.464s]     3 | TrajectoryNode::TrajectoryNode(const std::string &node_name[01;31m[K.[m[K const double &loop_rate, const rclcpp::NodeOptions & options)
[1.464s]       |                                                            [01;31m[K^[m[K
[1.464s] [01m[K/home/seok/automotive_software_final/src/app/autonomous_driving/src/trajectory_planner_node.cpp:3:1:[m[K [01;31m[Kerror: [m[Kno declaration matches â€˜[01m[KTrajectoryNode::TrajectoryNode(const string&)[m[Kâ€™
[1.464s]     3 | [01;31m[KTrajectoryNode[m[K::TrajectoryNode(const std::string &node_name. const double &loop_rate, const rclcpp::NodeOptions & options)
[1.464s]       | [01;31m[K^~~~~~~~~~~~~~[m[K
[1.464s] In file included from [01m[K/home/seok/automotive_software_final/src/app/autonomous_driving/src/trajectory_planner_node.cpp:1[m[K:
[1.464s] [01m[K/home/seok/automotive_software_final/src/app/autonomous_driving/include/trajectory_planner_node.hpp:43:7:[m[K [01;36m[Knote: [m[Kcandidates are: â€˜[01m[KTrajectoryNode::TrajectoryNode(const TrajectoryNode&)[m[Kâ€™
[1.464s]    43 | class [01;36m[KTrajectoryNode[m[K : public rclcpp::Node
[1.464s]       |       [01;36m[K^~~~~~~~~~~~~~[m[K
[1.464s] [01m[K/home/seok/automotive_software_final/src/app/autonomous_driving/include/trajectory_planner_node.hpp:46:9:[m[K [01;36m[Knote: [m[K                â€˜[01m[KTrajectoryNode::TrajectoryNode(const string&, const double&, const rclcpp::NodeOptions&)[m[Kâ€™
[1.464s]    46 |         [01;36m[KTrajectoryNode[m[K(const std::string& node_name, const double& loop_rate,
[1.464s]       |         [01;36m[K^~~~~~~~~~~~~~[m[K
[1.464s] [01m[K/home/seok/automotive_software_final/src/app/autonomous_driving/include/trajectory_planner_node.hpp:43:7:[m[K [01;36m[Knote: [m[Kâ€˜[01m[Kclass TrajectoryNode[m[Kâ€™ defined here
[1.464s]    43 | class [01;36m[KTrajectoryNode[m[K : public rclcpp::Node
[1.464s]       |       [01;36m[K^~~~~~~~~~~~~~[m[K
[1.674s] In file included from [01m[K/usr/include/x86_64-linux-gnu/c++/11/bits/c++allocator.h:33[m[K,
[1.674s]                  from [01m[K/usr/include/c++/11/bits/allocator.h:46[m[K,
[1.674s]                  from [01m[K/usr/include/c++/11/memory:64[m[K,
[1.674s]                  from [01m[K/home/seok/automotive_software_final/src/app/autonomous_driving/include/trajectory_planner_node.hpp:6[m[K,
[1.674s]                  from [01m[K/home/seok/automotive_software_final/src/app/autonomous_driving/src/trajectory_planner_node.cpp:1[m[K:
[1.674s] /usr/include/c++/11/ext/new_allocator.h: In instantiation of â€˜[01m[Kvoid __gnu_cxx::new_allocator<_Tp>::construct(_Up*, _Args&& ...) [with _Up = TrajectoryNode; _Args = {std::__cxx11::basic_string<char, std::char_traits<char>, std::allocator<char> >&}; _Tp = TrajectoryNode][m[Kâ€™:
[1.674s] [01m[K/usr/include/c++/11/bits/alloc_traits.h:516:17:[m[K   required from â€˜[01m[Kstatic void std::allocator_traits<std::allocator<_Tp1> >::construct(std::allocator_traits<std::allocator<_Tp1> >::allocator_type&, _Up*, _Args&& ...) [with _Up = TrajectoryNode; _Args = {std::__cxx11::basic_string<char, std::char_traits<char>, std::allocator<char> >&}; _Tp = TrajectoryNode; std::allocator_traits<std::allocator<_Tp1> >::allocator_type = std::allocator<TrajectoryNode>][m[Kâ€™
[1.674s] [01m[K/usr/include/c++/11/bits/shared_ptr_base.h:519:39:[m[K   required from â€˜[01m[Kstd::_Sp_counted_ptr_inplace<_Tp, _Alloc, _Lp>::_Sp_counted_ptr_inplace(_Alloc, _Args&& ...) [with _Args = {std::__cxx11::basic_string<char, std::char_traits<char>, std::allocator<char> >&}; _Tp = TrajectoryNode; _Alloc = std::allocator<TrajectoryNode>; __gnu_cxx::_Lock_policy _Lp = __gnu_cxx::_S_atomic][m[Kâ€™
[1.674s] [01m[K/usr/include/c++/11/bits/shared_ptr_base.h:650:16:[m[K   required from â€˜[01m[Kstd::__shared_count<_Lp>::__shared_count(_Tp*&, std::_Sp_alloc_shared_tag<_Alloc>, _Args&& ...) [with _Tp = TrajectoryNode; _Alloc = std::allocator<TrajectoryNode>; _Args = {std::__cxx11::basic_string<char, std::char_traits<char>, std::allocator<char> >&}; __gnu_cxx::_Lock_policy _Lp = __gnu_cxx::_S_atomic][m[Kâ€™
[1.674s] [01m[K/usr/include/c++/11/bits/shared_ptr_base.h:1342:14:[m[K   required from â€˜[01m[Kstd::__shared_ptr<_Tp, _Lp>::__shared_ptr(std::_Sp_alloc_shared_tag<_Tp>, _Args&& ...) [with _Alloc = std::allocator<TrajectoryNode>; _Args = {std::__cxx11::basic_string<char, std::char_traits<char>, std::allocator<char> >&}; _Tp = TrajectoryNode; __gnu_cxx::_Lock_policy _Lp = __gnu_cxx::_S_atomic][m[Kâ€™
[1.674s] [01m[K/usr/include/c++/11/bits/shared_ptr.h:409:59:[m[K   required from â€˜[01m[Kstd::shared_ptr<_Tp>::shared_ptr(std::_Sp_alloc_shared_tag<_Tp>, _Args&& ...) [with _Alloc = std::allocator<TrajectoryNode>; _Args = {std::__cxx11::basic_string<char, std::char_traits<char>, std::allocator<char> >&}; _Tp = TrajectoryNode][m[Kâ€™
[1.674s] [01m[K/usr/include/c++/11/bits/shared_ptr.h:862:14:[m[K   required from â€˜[01m[Kstd::shared_ptr<_Tp> std::allocate_shared(const _Alloc&, _Args&& ...) [with _Tp = TrajectoryNode; _Alloc = std::allocator<TrajectoryNode>; _Args = {std::__cxx11::basic_string<char, std::char_traits<char>, std::allocator<char> >&}][m[Kâ€™
[1.674s] [01m[K/usr/include/c++/11/bits/shared_ptr.h:878:39:[m[K   required from â€˜[01m[Kstd::shared_ptr<_Tp> std::make_shared(_Args&& ...) [with _Tp = TrajectoryNode; _Args = {std::__cxx11::basic_string<char, std::char_traits<char>, std::allocator<char> >&}][m[Kâ€™
[1.674s] [01m[K/home/seok/automotive_software_final/src/app/autonomous_driving/src/trajectory_planner_node.cpp:79:50:[m[K   required from here
[1.674s] [01m[K/usr/include/c++/11/ext/new_allocator.h:162:11:[m[K [01;31m[Kerror: [m[Kno matching function for call to â€˜[01m[KTrajectoryNode::TrajectoryNode(std::__cxx11::basic_string<char>&)[m[Kâ€™
[1.674s]   162 |         { [01;31m[K::new((void *)__p) _Up(std::forward<_Args>(__args)...)[m[K; }
[1.674s]       |           [01;31m[K^~~~~~~~~~~~~~~~~~~~~~~~~~~~~~~~~~~~~~~~~~~~~~~~~~~~~~[m[K
[1.674s] In file included from [01m[K/home/seok/automotive_software_final/src/app/autonomous_driving/src/trajectory_planner_node.cpp:1[m[K:
[1.674s] [01m[K/home/seok/automotive_software_final/src/app/autonomous_driving/include/trajectory_planner_node.hpp:46:9:[m[K [01;36m[Knote: [m[Kcandidate: â€˜[01m[KTrajectoryNode::TrajectoryNode(const string&, const double&, const rclcpp::NodeOptions&)[m[Kâ€™
[1.674s]    46 |         [01;36m[KTrajectoryNode[m[K(const std::string& node_name, const double& loop_rate,
[1.674s]       |         [01;36m[K^~~~~~~~~~~~~~[m[K
[1.674s] [01m[K/home/seok/automotive_software_final/src/app/autonomous_driving/include/trajectory_planner_node.hpp:46:9:[m[K [01;36m[Knote: [m[K  candidate expects 3 arguments, 1 provided
[1.714s] gmake[2]: *** [CMakeFiles/trajectory_planner_node.dir/build.make:76: CMakeFiles/trajectory_planner_node.dir/src/trajectory_planner_node.cpp.o] Error 1
[1.714s] gmake[1]: *** [CMakeFiles/Makefile2:221: CMakeFiles/trajectory_planner_node.dir/all] Error 2
[1.714s] gmake: *** [Makefile:146: all] Error 2
[1.715s] Invoked command in '/home/seok/automotive_software_final/build/autonomous_driving' returned '2': CMAKE_PREFIX_PATH=/home/seok/automotive_software_final/install/ad_msgs:/home/seok/automotive_software_final/install/simulator:/home/seok/automotive_software_final/install/mission_manager:/home/seok/automotive_software_final/install/evaluation:/home/seok/automotive_software_final/install/autonomous_driving:/opt/ros/humble /usr/bin/cmake --build /home/seok/automotive_software_final/build/autonomous_driving -- -j28 -l28
