[01m[K/home/seok/automotive_software_final/src/app/autonomous_driving/src/behavior_planner_node.cpp:[m[K In function â€˜[01m[Kint main(int, char**)[m[Kâ€™:
[01m[K/home/seok/automotive_software_final/src/app/autonomous_driving/src/behavior_planner_node.cpp:78:80:[m[K [01;31m[Kerror: [m[Kâ€˜[01m[Kqos_profile[m[Kâ€™ was not declared in this scope
   78 |     auto node = std::make_shared<BehaviorPlannerNode>("behavior_planner_node", [01;31m[Kqos_profile[m[K);
      |                                                                                [01;31m[K^~~~~~~~~~~[m[K
gmake[2]: *** [CMakeFiles/behavior_planner_node.dir/build.make:76: CMakeFiles/behavior_planner_node.dir/src/behavior_planner_node.cpp.o] Error 1
gmake[1]: *** [CMakeFiles/Makefile2:193: CMakeFiles/behavior_planner_node.dir/all] Error 2
gmake: *** [Makefile:146: all] Error 2
