[0.136s] Invoking command in '/home/jeongwoo/Automotive_software_final/build/autonomous_driving': CMAKE_PREFIX_PATH=/home/jeongwoo/Automotive_software_final/install/ad_msgs:/home/jeongwoo/automotive_software_mid-term/install/simulator:/home/jeongwoo/automotive_software_mid-term/install/scenario_runner:/home/jeongwoo/automotive_software_mid-term/install/evaluation:/home/jeongwoo/automotive_software_mid-term/install/autonomous_driving:/home/jeongwoo/automotive_software_mid-term/install/ad_msgs:/home/jeongwoo/Automotive_software_final/install/simulator:/home/jeongwoo/Automotive_software_final/install/mission_manager:/home/jeongwoo/Automotive_software_final/install/evaluation:/home/jeongwoo/Automotive_software_final/install/autonomous_driving:/home/jeongwoo/automotive_software_final2/install/simulator:/home/jeongwoo/automotive_software_final2/install/mission_manager:/home/jeongwoo/automotive_software_final2/install/evaluation:/home/jeongwoo/automotive_software_final2/install/autonomous_driving:/home/jeongwoo/automotive_software_final2/install/ad_msgs:/home/jeongwoo/test/install/my_test_pkg:/opt/ros/humble LD_LIBRARY_PATH=/home/jeongwoo/Automotive_software_final/install/ad_msgs/lib:/home/jeongwoo/automotive_software_mid-term/install/ad_msgs/lib:/home/jeongwoo/automotive_software_final2/install/ad_msgs/lib:/opt/ros/humble/opt/rviz_ogre_vendor/lib:/opt/ros/humble/lib/x86_64-linux-gnu:/opt/ros/humble/lib /usr/bin/cmake --build /home/jeongwoo/Automotive_software_final/build/autonomous_driving -- -j8 -l8
[0.305s] [35m[1mConsolidate compiler generated dependencies of target autonomous_driving_node[0m
[0.308s] [35m[1mConsolidate compiler generated dependencies of target driving_way_node[0m
[0.355s] [35m[1mConsolidate compiler generated dependencies of target behavior_planner_node[0m
[0.443s] [ 16%] [32mBuilding CXX object CMakeFiles/driving_way_node.dir/src/driving_way_node.cpp.o[0m
[0.445s] [ 50%] Built target behavior_planner_node
[0.460s] [ 83%] Built target autonomous_driving_node
[6.428s] [01m[K/home/jeongwoo/Automotive_software_final/src/app/autonomous_driving/src/driving_way_node.cpp:103:6:[m[K [01;31m[Kerror: [m[Kâ€˜[01m[KAutonomousDriving[m[Kâ€™ has not been declared
[6.428s]   103 | void [01;31m[KAutonomousDriving[m[K::splitLanePoints(const ad_msgs::msg::LanePointData& lane_points){
[6.428s]       |      [01;31m[K^~~~~~~~~~~~~~~~~[m[K
[6.432s] [01m[K/home/jeongwoo/Automotive_software_final/src/app/autonomous_driving/src/driving_way_node.cpp:[m[K In function â€˜[01m[Kvoid splitLanePoints(const LanePointData&)[m[Kâ€™:
[6.432s] [01m[K/home/jeongwoo/Automotive_software_final/src/app/autonomous_driving/src/driving_way_node.cpp:104:9:[m[K [01;31m[Kerror: [m[Kâ€˜[01m[Kis_init[m[Kâ€™ was not declared in this scope; did you mean â€˜[01m[Kisdigit[m[Kâ€™?
[6.432s]   104 |     if(![01;31m[Kis_init[m[K){
[6.432s]       |         [01;31m[K^~~~~~~[m[K
[6.432s]       |         [32m[Kisdigit[m[K
[6.440s] [01m[K/home/jeongwoo/Automotive_software_final/src/app/autonomous_driving/src/driving_way_node.cpp:123:9:[m[K [01;31m[Kerror: [m[Kâ€˜[01m[Klane_point_LEFT[m[Kâ€™ was not declared in this scope; did you mean â€˜[01m[Klane_points[m[Kâ€™?
[6.440s]   123 |         [01;31m[Klane_point_LEFT[m[K.point.clear();
[6.440s]       |         [01;31m[K^~~~~~~~~~~~~~~[m[K
[6.441s]       |         [32m[Klane_points[m[K
[6.448s] [01m[K/home/jeongwoo/Automotive_software_final/src/app/autonomous_driving/src/driving_way_node.cpp:124:9:[m[K [01;31m[Kerror: [m[Kâ€˜[01m[Klane_point_RIGHT[m[Kâ€™ was not declared in this scope; did you mean â€˜[01m[Klane_points[m[Kâ€™?
[6.449s]   124 |         [01;31m[Klane_point_RIGHT[m[K.point.clear();
[6.449s]       |         [01;31m[K^~~~~~~~~~~~~~~~[m[K
[6.449s]       |         [32m[Klane_points[m[K
[6.455s] [01m[K/home/jeongwoo/Automotive_software_final/src/app/autonomous_driving/src/driving_way_node.cpp:158:9:[m[K [01;31m[Kerror: [m[Kâ€˜[01m[Klane_point_LEFT[m[Kâ€™ was not declared in this scope; did you mean â€˜[01m[Klane_points[m[Kâ€™?
[6.455s]   158 |         [01;31m[Klane_point_LEFT[m[K.point.clear();
[6.455s]       |         [01;31m[K^~~~~~~~~~~~~~~[m[K
[6.455s]       |         [32m[Klane_points[m[K
[6.462s] [01m[K/home/jeongwoo/Automotive_software_final/src/app/autonomous_driving/src/driving_way_node.cpp:159:9:[m[K [01;31m[Kerror: [m[Kâ€˜[01m[Klane_point_RIGHT[m[Kâ€™ was not declared in this scope; did you mean â€˜[01m[Klane_points[m[Kâ€™?
[6.462s]   159 |         [01;31m[Klane_point_RIGHT[m[K.point.clear();
[6.462s]       |         [01;31m[K^~~~~~~~~~~~~~~~[m[K
[6.462s]       |         [32m[Klane_points[m[K
[6.470s] [01m[K/home/jeongwoo/Automotive_software_final/src/app/autonomous_driving/src/driving_way_node.cpp:168:28:[m[K [01;31m[Kerror: [m[Kâ€˜[01m[Kprev_driving_way_[m[Kâ€™ was not declared in this scope
[6.470s]   168 |             float Y_poly = [01;31m[Kprev_driving_way_[m[K.a3 * std::pow(x, 3) +
[6.471s]       |                            [01;31m[K^~~~~~~~~~~~~~~~~[m[K
[6.471s] [01m[K/home/jeongwoo/Automotive_software_final/src/app/autonomous_driving/src/driving_way_node.cpp:[m[K At global scope:
[6.471s] [01m[K/home/jeongwoo/Automotive_software_final/src/app/autonomous_driving/src/driving_way_node.cpp:193:6:[m[K [01;31m[Kerror: [m[Kâ€˜[01m[KAutonomousDriving[m[Kâ€™ has not been declared
[6.471s]   193 | void [01;31m[KAutonomousDriving[m[K::process_lanes() {
[6.471s]       |      [01;31m[K^~~~~~~~~~~~~~~~~[m[K
[6.478s] [01m[K/home/jeongwoo/Automotive_software_final/src/app/autonomous_driving/src/driving_way_node.cpp:[m[K In function â€˜[01m[Kvoid process_lanes()[m[Kâ€™:
[6.478s] [01m[K/home/jeongwoo/Automotive_software_final/src/app/autonomous_driving/src/driving_way_node.cpp:195:5:[m[K [01;31m[Kerror: [m[Kâ€˜[01m[Knum_points_LEFT[m[Kâ€™ was not declared in this scope
[6.478s]   195 |     [01;31m[Knum_points_LEFT[m[K = lane_point_LEFT.point.size();
[6.478s]       |     [01;31m[K^~~~~~~~~~~~~~~[m[K
[6.485s] [01m[K/home/jeongwoo/Automotive_software_final/src/app/autonomous_driving/src/driving_way_node.cpp:195:23:[m[K [01;31m[Kerror: [m[Kâ€˜[01m[Klane_point_LEFT[m[Kâ€™ was not declared in this scope
[6.485s]   195 |     num_points_LEFT = [01;31m[Klane_point_LEFT[m[K.point.size();
[6.485s]       |                       [01;31m[K^~~~~~~~~~~~~~~[m[K
[6.493s] [01m[K/home/jeongwoo/Automotive_software_final/src/app/autonomous_driving/src/driving_way_node.cpp:196:5:[m[K [01;31m[Kerror: [m[Kâ€˜[01m[Knum_points_RIGHT[m[Kâ€™ was not declared in this scope
[6.493s]   196 |     [01;31m[Knum_points_RIGHT[m[K = lane_point_RIGHT.point.size();
[6.493s]       |     [01;31m[K^~~~~~~~~~~~~~~~[m[K
[6.501s] [01m[K/home/jeongwoo/Automotive_software_final/src/app/autonomous_driving/src/driving_way_node.cpp:196:24:[m[K [01;31m[Kerror: [m[Kâ€˜[01m[Klane_point_RIGHT[m[Kâ€™ was not declared in this scope
[6.501s]   196 |     num_points_RIGHT = [01;31m[Klane_point_RIGHT[m[K.point.size();
[6.501s]       |                        [01;31m[K^~~~~~~~~~~~~~~~[m[K
[6.506s] [01m[K/home/jeongwoo/Automotive_software_final/src/app/autonomous_driving/src/driving_way_node.cpp:197:5:[m[K [01;31m[Kerror: [m[Kâ€˜[01m[KX_LEFT[m[Kâ€™ was not declared in this scope
[6.506s]   197 |     [01;31m[KX_LEFT[m[K.resize(num_points_LEFT);
[6.506s]       |     [01;31m[K^~~~~~[m[K
[6.511s] [01m[K/home/jeongwoo/Automotive_software_final/src/app/autonomous_driving/src/driving_way_node.cpp:198:5:[m[K [01;31m[Kerror: [m[Kâ€˜[01m[KY_LEFT[m[Kâ€™ was not declared in this scope
[6.511s]   198 |     [01;31m[KY_LEFT[m[K.resize(num_points_LEFT);
[6.511s]       |     [01;31m[K^~~~~~[m[K
[6.516s] [01m[K/home/jeongwoo/Automotive_software_final/src/app/autonomous_driving/src/driving_way_node.cpp:199:5:[m[K [01;31m[Kerror: [m[Kâ€˜[01m[KX_RIGHT[m[Kâ€™ was not declared in this scope
[6.516s]   199 |     [01;31m[KX_RIGHT[m[K.resize(num_points_RIGHT);
[6.516s]       |     [01;31m[K^~~~~~~[m[K
[6.521s] [01m[K/home/jeongwoo/Automotive_software_final/src/app/autonomous_driving/src/driving_way_node.cpp:200:5:[m[K [01;31m[Kerror: [m[Kâ€˜[01m[KY_RIGHT[m[Kâ€™ was not declared in this scope
[6.521s]   200 |     [01;31m[KY_RIGHT[m[K.resize(num_points_RIGHT);
[6.521s]       |     [01;31m[K^~~~~~~[m[K
[6.526s] [01m[K/home/jeongwoo/Automotive_software_final/src/app/autonomous_driving/src/driving_way_node.cpp:212:9:[m[K [01;31m[Kerror: [m[Kâ€˜[01m[KA_LEFT[m[Kâ€™ was not declared in this scope
[6.526s]   212 |         [01;31m[KA_LEFT[m[K = calculateA(X_LEFT, Y_LEFT);
[6.526s]       |         [01;31m[K^~~~~~[m[K
[6.532s] [01m[K/home/jeongwoo/Automotive_software_final/src/app/autonomous_driving/src/driving_way_node.cpp:212:18:[m[K [01;31m[Kerror: [m[Kâ€˜[01m[KcalculateA[m[Kâ€™ was not declared in this scope
[6.532s]   212 |         A_LEFT = [01;31m[KcalculateA[m[K(X_LEFT, Y_LEFT);
[6.532s]       |                  [01;31m[K^~~~~~~~~~[m[K
[6.537s] [01m[K/home/jeongwoo/Automotive_software_final/src/app/autonomous_driving/src/driving_way_node.cpp:213:9:[m[K [01;31m[Kerror: [m[Kâ€˜[01m[KA_RIGHT[m[Kâ€™ was not declared in this scope
[6.538s]   213 |         [01;31m[KA_RIGHT[m[K = calculateA(X_RIGHT, Y_RIGHT);
[6.538s]       |         [01;31m[K^~~~~~~[m[K
[6.655s] [01m[K/home/jeongwoo/Automotive_software_final/src/app/autonomous_driving/src/driving_way_node.cpp:[m[K In member function â€˜[01m[Kvoid DrivingWayNode::PublishDrivingWay(const rclcpp::Time&)[m[Kâ€™:
[6.655s] [01m[K/home/jeongwoo/Automotive_software_final/src/app/autonomous_driving/src/driving_way_node.cpp:317:60:[m[K [01;35m[Kwarning: [m[Kunused parameter â€˜[01m[Kcurrent_time[m[Kâ€™ [[01;35m[K]8;;https://gcc.gnu.org/onlinedocs/gcc/Warning-Options.html#index-Wunused-parameter-Wunused-parameter]8;;[m[K]
[6.655s]   317 | void DrivingWayNode::PublishDrivingWay([01;35m[Kconst rclcpp::Time& current_time[m[K) {
[6.655s]       |                                        [01;35m[K~~~~~~~~~~~~~~~~~~~~^~~~~~~~~~~~[m[K
[33.276s] gmake[2]: *** [CMakeFiles/driving_way_node.dir/build.make:76: CMakeFiles/driving_way_node.dir/src/driving_way_node.cpp.o] Error 1
[33.277s] gmake[1]: *** [CMakeFiles/Makefile2:167: CMakeFiles/driving_way_node.dir/all] Error 2
[33.277s] gmake: *** [Makefile:146: all] Error 2
[33.283s] Invoked command in '/home/jeongwoo/Automotive_software_final/build/autonomous_driving' returned '2': CMAKE_PREFIX_PATH=/home/jeongwoo/Automotive_software_final/install/ad_msgs:/home/jeongwoo/automotive_software_mid-term/install/simulator:/home/jeongwoo/automotive_software_mid-term/install/scenario_runner:/home/jeongwoo/automotive_software_mid-term/install/evaluation:/home/jeongwoo/automotive_software_mid-term/install/autonomous_driving:/home/jeongwoo/automotive_software_mid-term/install/ad_msgs:/home/jeongwoo/Automotive_software_final/install/simulator:/home/jeongwoo/Automotive_software_final/install/mission_manager:/home/jeongwoo/Automotive_software_final/install/evaluation:/home/jeongwoo/Automotive_software_final/install/autonomous_driving:/home/jeongwoo/automotive_software_final2/install/simulator:/home/jeongwoo/automotive_software_final2/install/mission_manager:/home/jeongwoo/automotive_software_final2/install/evaluation:/home/jeongwoo/automotive_software_final2/install/autonomous_driving:/home/jeongwoo/automotive_software_final2/install/ad_msgs:/home/jeongwoo/test/install/my_test_pkg:/opt/ros/humble LD_LIBRARY_PATH=/home/jeongwoo/Automotive_software_final/install/ad_msgs/lib:/home/jeongwoo/automotive_software_mid-term/install/ad_msgs/lib:/home/jeongwoo/automotive_software_final2/install/ad_msgs/lib:/opt/ros/humble/opt/rviz_ogre_vendor/lib:/opt/ros/humble/lib/x86_64-linux-gnu:/opt/ros/humble/lib /usr/bin/cmake --build /home/jeongwoo/Automotive_software_final/build/autonomous_driving -- -j8 -l8
