[35m[1mConsolidate compiler generated dependencies of target control_node[0m
[ 20%] Built target driving_way_node
[ 40%] Built target autonomous_driving_node
[ 60%] Built target behavior_planner_node
[ 80%] Built target trajectory_planner_node
[ 90%] [32mBuilding CXX object CMakeFiles/control_node.dir/src/control_node.cpp.o[0m
[01m[K/home/seok/automotive_software_final/src/app/autonomous_driving/src/control_node.cpp:[m[K In member function â€˜[01m[Kdouble ControlNode::computePID(double, double, const rclcpp::Time&, double)[m[Kâ€™:
[01m[K/home/seok/automotive_software_final/src/app/autonomous_driving/src/control_node.cpp:62:30:[m[K [01;31m[Kerror: [m[Kâ€˜[01m[Kki[m[Kâ€™ was not declared in this scope; did you mean â€˜[01m[Kpi[m[Kâ€™?
   62 |     speed_error_integral_ += [01;31m[Kki[m[K * speed_error * dt;
      |                              [01;31m[K^~[m[K
      |                              [32m[Kpi[m[K
[01m[K/home/seok/automotive_software_final/src/app/autonomous_driving/src/control_node.cpp:56:95:[m[K [01;35m[Kwarning: [m[Kunused parameter â€˜[01m[Kcurrent_time[m[Kâ€™ [[01;35m[K]8;;https://gcc.gnu.org/onlinedocs/gcc/Warning-Options.html#index-Wunused-parameter-Wunused-parameter]8;;[m[K]
   56 | double ControlNode::computePID(double target_speed, double current_speed, [01;35m[Kconst rclcpp::Time& current_time[m[K, double kp)
      |                                                                           [01;35m[K~~~~~~~~~~~~~~~~~~~~^~~~~~~~~~~~[m[K
[01m[K/home/seok/automotive_software_final/src/app/autonomous_driving/src/control_node.cpp:[m[K In member function â€˜[01m[Kdouble ControlNode::computePID_ACC(double, double, const rclcpp::Time&, double)[m[Kâ€™:
[01m[K/home/seok/automotive_software_final/src/app/autonomous_driving/src/control_node.cpp:77:5:[m[K [01;31m[Kerror: [m[Kâ€˜[01m[Kdistance_error_integral_[m[Kâ€™ was not declared in this scope; did you mean â€˜[01m[Kdistnace_error_integral_[m[Kâ€™?
   77 |     [01;31m[Kdistance_error_integral_[m[K += ki * distance_error * dt;
      |     [01;31m[K^~~~~~~~~~~~~~~~~~~~~~~~[m[K
      |     [32m[Kdistnace_error_integral_[m[K
[01m[K/home/seok/automotive_software_final/src/app/autonomous_driving/src/control_node.cpp:77:33:[m[K [01;31m[Kerror: [m[Kâ€˜[01m[Kki[m[Kâ€™ was not declared in this scope; did you mean â€˜[01m[Kpi[m[Kâ€™?
   77 |     distance_error_integral_ += [01;31m[Kki[m[K * distance_error * dt;
      |                                 [01;31m[K^~[m[K
      |                                 [32m[Kpi[m[K
[01m[K/home/seok/automotive_software_final/src/app/autonomous_driving/src/control_node.cpp:71:106:[m[K [01;35m[Kwarning: [m[Kunused parameter â€˜[01m[Kcurrnet_time[m[Kâ€™ [[01;35m[K]8;;https://gcc.gnu.org/onlinedocs/gcc/Warning-Options.html#index-Wunused-parameter-Wunused-parameter]8;;[m[K]
   71 | double ControlNode::computePID_ACC(double target_distance, double obstacle_distance, [01;35m[Kconst rclcpp::Time& currnet_time[m[K, double kp)
      |                                                                                      [01;35m[K~~~~~~~~~~~~~~~~~~~~^~~~~~~~~~~~[m[K
gmake[2]: *** [CMakeFiles/control_node.dir/build.make:76: CMakeFiles/control_node.dir/src/control_node.cpp.o] Error 1
gmake[1]: *** [CMakeFiles/Makefile2:249: CMakeFiles/control_node.dir/all] Error 2
gmake: *** [Makefile:146: all] Error 2
